2024-09-02 16:54:29,801 - root - INFO - Logger Version: 2.0.0
2024-09-02 16:54:29,802 - main - INFO - input_args: dict_items([('layout', './layouts\\q2_contestClassic.lay'), ('pacman', <Q2_Agent.Q2_Agent object at 0x000001A939505D00>), ('ghosts', [<RandomGhost.RandomGhost object at 0x000001A93B1CD0A0>, <RandomGhost.RandomGhost object at 0x000001A93B1CDF40>, <RandomGhost.RandomGhost object at 0x000001A93B1CDE50>, <RandomGhost.RandomGhost object at 0x000001A93B1CDF70>]), ('display', <textDisplay.NullGraphics object at 0x000001A93B1CE000>), ('numGames', 1), ('record', False), ('catchExceptions', True), ('timeout', 30), ('outfile', 'q2_contestClassic')])
2024-09-02 16:54:29,805 - root - INFO - runGames
2024-09-02 16:54:29,805 - root - INFO - 0/1
2024-09-02 16:54:29,806 - root - INFO - newGame
2024-09-02 16:54:29,806 - root - INFO - layout: %%%%%%%%%%%%%%%%%%%%
%o...%........%...o%
%.%%.%.%%..%%.%.%%.%
%...... G G %......%
%.%.%%.%% %%%.%%.%.%
%.%....% ooo%.%..%.%
%.%.%%.% %% %.%.%%.%
%o%......P....%....%
%%%%%%%%%%%%%%%%%%%%
2024-09-02 16:54:29,806 - root - INFO - runGame
2024-09-02 16:54:29,807 - root - INFO - #agents:3
2024-09-02 16:54:29,807 - root - INFO - #pacman:1
2024-09-02 16:54:29,807 - root - INFO - #ghosts:2
2024-09-02 16:54:29,808 - root - INFO - MinimaxAgent
2024-09-02 16:54:29,811 - getAction - INFO - I: Q2_Agent,%%%%%%%%%%%%%%%%%%%%
%o...%........%...o%
%.%%.%.%%..%%.%.%%.%
%...... G G %......%
%.%.%%.%% %%%.%%.%.%
%.%....% ooo%.%..%.%
%.%.%%.% %% %.%.%%.%
%o%......<....%....%
%%%%%%%%%%%%%%%%%%%%
Score: 0
,
2024-09-02 16:54:29,811 - getAction - INFO - O: East
2024-09-02 16:54:29,812 - root - INFO - MinimaxAgent
2024-09-02 16:54:29,815 - getAction - INFO - I: Q2_Agent,%%%%%%%%%%%%%%%%%%%%
%o...%........%...o%
%.%%.%.%%.G%%.%.%%.%
%......G    %......%
%.%.%%.%% %%%.%%.%.%
%.%....% ooo%.%..%.%
%.%.%%.% %% %.%.%%.%
%o%...... <...%....%
%%%%%%%%%%%%%%%%%%%%
Score: 9
,
2024-09-02 16:54:29,815 - getAction - INFO - O: East
2024-09-02 16:54:29,816 - root - INFO - MinimaxAgent
2024-09-02 16:54:29,821 - getAction - INFO - I: Q2_Agent,%%%%%%%%%%%%%%%%%%%%
%o...%........%...o%
%.%%.%.%%G.%%.%.%%.%
%.....G     %......%
%.%.%%.%% %%%.%%.%.%
%.%....% ooo%.%..%.%
%.%.%%.% %% %.%.%%.%
%o%......  <..%....%
%%%%%%%%%%%%%%%%%%%%
Score: 18
,
2024-09-02 16:54:29,821 - getAction - INFO - O: East
2024-09-02 16:54:29,822 - root - INFO - MinimaxAgent
2024-09-02 16:54:29,825 - getAction - INFO - I: Q2_Agent,%%%%%%%%%%%%%%%%%%%%
%o...%........%...o%
%.%%.%.%%..%%.%.%%.%
%....G.  G  %......%
%.%.%%.%% %%%.%%.%.%
%.%....% ooo%.%..%.%
%.%.%%.% %% %.%.%%.%
%o%......   <.%....%
%%%%%%%%%%%%%%%%%%%%
Score: 27
,
2024-09-02 16:54:29,825 - getAction - INFO - O: East
2024-09-02 16:54:29,826 - root - INFO - MinimaxAgent
2024-09-02 16:54:29,830 - getAction - INFO - I: Q2_Agent,%%%%%%%%%%%%%%%%%%%%
%o...%........%...o%
%.%%.%.%%..%%.%.%%.%
%...G.. G   %......%
%.%.%%.%% %%%.%%.%.%
%.%....% ooo%.%..%.%
%.%.%%.% %% %.%.%%.%
%o%......    <%....%
%%%%%%%%%%%%%%%%%%%%
Score: 36
,
2024-09-02 16:54:29,830 - getAction - INFO - O: North
2024-09-02 16:54:29,830 - root - INFO - MinimaxAgent
2024-09-02 16:54:29,833 - getAction - INFO - I: Q2_Agent,%%%%%%%%%%%%%%%%%%%%
%o...%........%...o%
%.%%.%.%%..%%.%.%%.%
%..G...G    %......%
%.%.%%.%% %%%.%%.%.%
%.%....% ooo%.%..%.%
%.%.%%.% %% %v%.%%.%
%o%......     %....%
%%%%%%%%%%%%%%%%%%%%
Score: 45
,
2024-09-02 16:54:29,833 - getAction - INFO - O: North
2024-09-02 16:54:29,835 - root - INFO - MinimaxAgent
2024-09-02 16:54:29,839 - getAction - INFO - I: Q2_Agent,%%%%%%%%%%%%%%%%%%%%
%o...%........%...o%
%.%%.%.%%..%%.%.%%.%
%.G...G     %......%
%.%.%%.%% %%%.%%.%.%
%.%....% ooo%v%..%.%
%.%.%%.% %% % %.%%.%
%o%......     %....%
%%%%%%%%%%%%%%%%%%%%
Score: 54
,
2024-09-02 16:54:29,839 - getAction - INFO - O: North
2024-09-02 16:54:29,840 - root - INFO - MinimaxAgent
2024-09-02 16:54:29,843 - getAction - INFO - I: Q2_Agent,%%%%%%%%%%%%%%%%%%%%
%o...%........%...o%
%.%%.%.%%..%%.%.%%.%
%G...G.     %......%
%.%.%%.%% %%%v%%.%.%
%.%....% ooo% %..%.%
%.%.%%.% %% % %.%%.%
%o%......     %....%
%%%%%%%%%%%%%%%%%%%%
Score: 63
,
2024-09-02 16:54:29,843 - getAction - INFO - O: North
2024-09-02 16:54:29,845 - root - INFO - MinimaxAgent
2024-09-02 16:54:29,849 - getAction - INFO - I: Q2_Agent,%%%%%%%%%%%%%%%%%%%%
%o...%........%...o%
%G%%.%.%%..%%.%.%%.%
%...G..     %v.....%
%.%.%%.%% %%% %%.%.%
%.%....% ooo% %..%.%
%.%.%%.% %% % %.%%.%
%o%......     %....%
%%%%%%%%%%%%%%%%%%%%
Score: 72
,
2024-09-02 16:54:29,849 - getAction - INFO - O: North
2024-09-02 16:54:29,850 - root - INFO - MinimaxAgent
2024-09-02 16:54:29,853 - getAction - INFO - I: Q2_Agent,%%%%%%%%%%%%%%%%%%%%
%o...%........%...o%
%.%%G%.%%..%%v%.%%.%
%......     % .....%
%.%.%%.%% %%% %%.%.%
%.%....% ooo% %..%.%
%.%.%%.% %% % %.%%.%
%o%......     %....%
%%%%%%%%%%%%%%%%%%%%
Score: 81
,
2024-09-02 16:54:29,853 - getAction - INFO - O: North
2024-09-02 16:54:29,854 - root - INFO - MinimaxAgent
2024-09-02 16:54:29,856 - getAction - INFO - I: Q2_Agent,%%%%%%%%%%%%%%%%%%%%
%oG.G%.......v%...o%
%.%%.%.%%..%% %.%%.%
%......     % .....%
%.%.%%.%% %%% %%.%.%
%.%....% ooo% %..%.%
%.%.%%.% %% % %.%%.%
%o%......     %....%
%%%%%%%%%%%%%%%%%%%%
Score: 90
,
2024-09-02 16:54:29,857 - getAction - INFO - O: West
2024-09-02 16:54:29,857 - root - INFO - MinimaxAgent
2024-09-02 16:54:29,860 - getAction - INFO - I: Q2_Agent,%%%%%%%%%%%%%%%%%%%%
%o.G.%......> %...o%
%.%%.%.%%..%% %.%%.%
%......     % .....%
%.%.%%.%% %%% %%.%.%
%.%....% ooo% %..%.%
%.%.%%.% %% % %.%%.%
%o%......     %....%
%%%%%%%%%%%%%%%%%%%%
Score: 99
,
2024-09-02 16:54:29,860 - getAction - INFO - O: West
2024-09-02 16:54:29,861 - root - INFO - MinimaxAgent
2024-09-02 16:54:29,863 - getAction - INFO - I: Q2_Agent,%%%%%%%%%%%%%%%%%%%%
%oG.G%.....>  %...o%
%.%%.%.%%..%% %.%%.%
%......     % .....%
%.%.%%.%% %%% %%.%.%
%.%....% ooo% %..%.%
%.%.%%.% %% % %.%%.%
%o%......     %....%
%%%%%%%%%%%%%%%%%%%%
Score: 108
,
2024-09-02 16:54:29,863 - getAction - INFO - O: West
2024-09-02 16:54:29,865 - root - INFO - MinimaxAgent
2024-09-02 16:54:29,867 - getAction - INFO - I: Q2_Agent,%%%%%%%%%%%%%%%%%%%%
%o...%....>   %...o%
%.%%G%.%%..%% %.%%.%
%......     % .....%
%.%.%%.%% %%% %%.%.%
%.%....% ooo% %..%.%
%.%.%%.% %% % %.%%.%
%o%......     %....%
%%%%%%%%%%%%%%%%%%%%
Score: 117
,
2024-09-02 16:54:29,868 - getAction - INFO - O: South
2024-09-02 16:54:29,868 - root - INFO - MinimaxAgent
2024-09-02 16:54:29,872 - getAction - INFO - I: Q2_Agent,%%%%%%%%%%%%%%%%%%%%
%o...%....    %...o%
%G%%.%.%%.^%% %.%%.%
%...G..     % .....%
%.%.%%.%% %%% %%.%.%
%.%....% ooo% %..%.%
%.%.%%.% %% % %.%%.%
%o%......     %....%
%%%%%%%%%%%%%%%%%%%%
Score: 126
,
2024-09-02 16:54:29,872 - getAction - INFO - O: West
2024-09-02 16:54:29,873 - root - INFO - MinimaxAgent
2024-09-02 16:54:29,877 - getAction - INFO - I: Q2_Agent,%%%%%%%%%%%%%%%%%%%%
%o...%....    %...o%
%.%%.%.%%> %% %.%%.%
%G.G...     % .....%
%.%.%%.%% %%% %%.%.%
%.%....% ooo% %..%.%
%.%.%%.% %% % %.%%.%
%o%......     %....%
%%%%%%%%%%%%%%%%%%%%
Score: 135
,
2024-09-02 16:54:29,877 - getAction - INFO - O: North
2024-09-02 16:54:29,878 - root - INFO - MinimaxAgent
2024-09-02 16:54:29,880 - getAction - INFO - I: Q2_Agent,%%%%%%%%%%%%%%%%%%%%
%o...%...v    %...o%
%.%%.%.%%  %% %.%%.%
%.G....     % .....%
%.%.%%.%% %%% %%.%.%
%.%....% ooo% %..%.%
%.%.%%.% %% % %.%%.%
%o%......     %....%
%%%%%%%%%%%%%%%%%%%%
Score: 144
,
2024-09-02 16:54:29,880 - getAction - INFO - O: West
2024-09-02 16:54:29,881 - root - INFO - MinimaxAgent
2024-09-02 16:54:29,884 - getAction - INFO - I: Q2_Agent,%%%%%%%%%%%%%%%%%%%%
%o...%..>     %...o%
%.%%.%.%%  %% %.%%.%
%G.G...     % .....%
%.%.%%.%% %%% %%.%.%
%.%....% ooo% %..%.%
%.%.%%.% %% % %.%%.%
%o%......     %....%
%%%%%%%%%%%%%%%%%%%%
Score: 153
,
2024-09-02 16:54:29,885 - getAction - INFO - O: West
2024-09-02 16:54:29,885 - root - INFO - MinimaxAgent
2024-09-02 16:54:29,888 - getAction - INFO - I: Q2_Agent,%%%%%%%%%%%%%%%%%%%%
%o...%.>      %...o%
%.%%.%.%%  %% %.%%.%
%......     % .....%
%G%G%%.%% %%% %%.%.%
%.%....% ooo% %..%.%
%.%.%%.% %% % %.%%.%
%o%......     %....%
%%%%%%%%%%%%%%%%%%%%
Score: 162
,
2024-09-02 16:54:29,888 - getAction - INFO - O: West
2024-09-02 16:54:29,888 - root - INFO - MinimaxAgent
2024-09-02 16:54:29,891 - getAction - INFO - I: Q2_Agent,%%%%%%%%%%%%%%%%%%%%
%o...%>       %...o%
%.%%.%.%%  %% %.%%.%
%......     % .....%
%.%.%%.%% %%% %%.%.%
%G%G...% ooo% %..%.%
%.%.%%.% %% % %.%%.%
%o%......     %....%
%%%%%%%%%%%%%%%%%%%%
Score: 171
,
2024-09-02 16:54:29,892 - getAction - INFO - O: South
2024-09-02 16:54:29,892 - root - INFO - MinimaxAgent
2024-09-02 16:54:29,895 - getAction - INFO - I: Q2_Agent,%%%%%%%%%%%%%%%%%%%%
%o...%        %...o%
%.%%.%^%%  %% %.%%.%
%......     % .....%
%.%.%%.%% %%% %%.%.%
%.%.G..% ooo% %..%.%
%G%.%%.% %% % %.%%.%
%o%......     %....%
%%%%%%%%%%%%%%%%%%%%
Score: 180
,
2024-09-02 16:54:29,895 - getAction - INFO - O: South
2024-09-02 16:54:29,896 - root - INFO - MinimaxAgent
2024-09-02 16:54:29,899 - getAction - INFO - I: Q2_Agent,%%%%%%%%%%%%%%%%%%%%
%o...%        %...o%
%.%%.% %%  %% %.%%.%
%.....^     % .....%
%.%.%%.%% %%% %%.%.%
%.%..G.% ooo% %..%.%
%.%.%%.% %% % %.%%.%
%o%......     %....%
%%%%%%%%%%%%%%%%%%%%
Score: 189
,
2024-09-02 16:54:29,899 - getAction - INFO - O: South
2024-09-02 16:54:29,900 - root - INFO - MinimaxAgent
2024-09-02 16:54:29,903 - getAction - INFO - I: Q2_Agent,%%%%%%%%%%%%%%%%%%%%
%o...%        %...o%
%.%%.% %%  %% %.%%.%
%.....      % .....%
%.%.%%^%% %%% %%.%.%
%.%...G% ooo% %..%.%
%G%.%%.% %% % %.%%.%
%o%......     %....%
%%%%%%%%%%%%%%%%%%%%
Score: 198
,
2024-09-02 16:54:29,903 - getAction - INFO - O: North
2024-09-02 16:54:29,903 - root - INFO - MinimaxAgent
2024-09-02 16:54:29,905 - getAction - INFO - I: Q2_Agent,%%%%%%%%%%%%%%%%%%%%
%o...%        %...o%
%.%%.% %%  %% %.%%.%
%.....v     % .....%
%.%.%%G%% %%% %%.%.%
%G%....% ooo% %..%.%
%.%.%%.% %% % %.%%.%
%o%......     %....%
%%%%%%%%%%%%%%%%%%%%
Score: 197
,
2024-09-02 16:54:29,905 - getAction - INFO - O: West
2024-09-02 16:54:29,905 - root - INFO - MinimaxAgent
2024-09-02 16:54:29,908 - getAction - INFO - I: Q2_Agent,%%%%%%%%%%%%%%%%%%%%
%o...%        %...o%
%.%%.% %%  %% %.%%.%
%....>G     % .....%
%G%.%% %% %%% %%.%.%
%.%....% ooo% %..%.%
%.%.%%.% %% % %.%%.%
%o%......     %....%
%%%%%%%%%%%%%%%%%%%%
Score: 206
,
2024-09-02 16:54:29,908 - getAction - INFO - O: West
2024-09-02 16:54:29,909 - root - INFO - MinimaxAgent
2024-09-02 16:54:29,912 - getAction - INFO - I: Q2_Agent,%%%%%%%%%%%%%%%%%%%%
%o...%        %...o%
%.%%.%G%%  %% %.%%.%
%G..>       % .....%
%.%.%% %% %%% %%.%.%
%.%....% ooo% %..%.%
%.%.%%.% %% % %.%%.%
%o%......     %....%
%%%%%%%%%%%%%%%%%%%%
Score: 215
,
2024-09-02 16:54:29,912 - getAction - INFO - O: North
2024-09-02 16:54:29,912 - root - INFO - MinimaxAgent
2024-09-02 16:54:29,915 - getAction - INFO - I: Q2_Agent,%%%%%%%%%%%%%%%%%%%%
%o...%G       %...o%
%.%%v% %%  %% %.%%.%
%.G.        % .....%
%.%.%% %% %%% %%.%.%
%.%....% ooo% %..%.%
%.%.%%.% %% % %.%%.%
%o%......     %....%
%%%%%%%%%%%%%%%%%%%%
Score: 224
,
2024-09-02 16:54:29,915 - getAction - INFO - O: North
2024-09-02 16:54:29,916 - root - INFO - MinimaxAgent
2024-09-02 16:54:29,920 - getAction - INFO - I: Q2_Agent,%%%%%%%%%%%%%%%%%%%%
%o..v% G      %...o%
%.%% % %%  %% %.%%.%
%..G        % .....%
%.%.%% %% %%% %%.%.%
%.%....% ooo% %..%.%
%.%.%%.% %% % %.%%.%
%o%......     %....%
%%%%%%%%%%%%%%%%%%%%
Score: 233
,
2024-09-02 16:54:29,920 - getAction - INFO - O: West
2024-09-02 16:54:29,920 - root - INFO - MinimaxAgent
2024-09-02 16:54:29,923 - getAction - INFO - I: Q2_Agent,%%%%%%%%%%%%%%%%%%%%
%o.> %  G     %...o%
%.%% % %%  %% %.%%.%
%...        % .....%
%.%G%% %% %%% %%.%.%
%.%....% ooo% %..%.%
%.%.%%.% %% % %.%%.%
%o%......     %....%
%%%%%%%%%%%%%%%%%%%%
Score: 242
,
2024-09-02 16:54:29,923 - getAction - INFO - O: West
2024-09-02 16:54:29,923 - root - INFO - MinimaxAgent
2024-09-02 16:54:29,926 - getAction - INFO - I: Q2_Agent,%%%%%%%%%%%%%%%%%%%%
%o>  %   G    %...o%
%.%% % %%  %% %.%%.%
%...        % .....%
%.%.%% %% %%% %%.%.%
%.%G...% ooo% %..%.%
%.%.%%.% %% % %.%%.%
%o%......     %....%
%%%%%%%%%%%%%%%%%%%%
Score: 251
,
2024-09-02 16:54:29,926 - getAction - INFO - O: East
2024-09-02 16:54:29,927 - root - INFO - MinimaxAgent
2024-09-02 16:54:29,928 - getAction - INFO - I: Q2_Agent,%%%%%%%%%%%%%%%%%%%%
%o < %        %...o%
%.%% % %%G %% %.%%.%
%...        % .....%
%.%.%% %% %%% %%.%.%
%.%....% ooo% %..%.%
%.%G%%.% %% % %.%%.%
%o%......     %....%
%%%%%%%%%%%%%%%%%%%%
Score: 250
,
2024-09-02 16:54:29,928 - getAction - INFO - O: East
2024-09-02 16:54:29,929 - root - INFO - MinimaxAgent
2024-09-02 16:54:29,930 - getAction - INFO - I: Q2_Agent,%%%%%%%%%%%%%%%%%%%%
%o  <%        %...o%
%.%% % %% G%% %.%%.%
%...        % .....%
%.%.%% %% %%% %%.%.%
%.%....% ooo% %..%.%
%.%.%%.% %% % %.%%.%
%o%G.....     %....%
%%%%%%%%%%%%%%%%%%%%
Score: 249
,
2024-09-02 16:54:29,930 - getAction - INFO - O: South
2024-09-02 16:54:29,931 - root - INFO - MinimaxAgent
2024-09-02 16:54:29,932 - getAction - INFO - I: Q2_Agent,%%%%%%%%%%%%%%%%%%%%
%o   %        %...o%
%.%%^% %%  %% %.%%.%
%...      G % .....%
%.%.%% %% %%% %%.%.%
%.%....% ooo% %..%.%
%.%.%%.% %% % %.%%.%
%o%.G....     %....%
%%%%%%%%%%%%%%%%%%%%
Score: 248
,
2024-09-02 16:54:29,932 - getAction - INFO - O: North
2024-09-02 16:54:29,933 - root - INFO - MinimaxAgent
2024-09-02 16:54:29,933 - getAction - INFO - I: Q2_Agent,%%%%%%%%%%%%%%%%%%%%
%o  v%        %...o%
%.%% % %%  %% %.%%.%
%...       G% .....%
%.%.%% %% %%% %%.%.%
%.%....% ooo% %..%.%
%.%.%%.% %% % %.%%.%
%o%..G...     %....%
%%%%%%%%%%%%%%%%%%%%
Score: 247
,
2024-09-02 16:54:29,933 - getAction - INFO - O: South
2024-09-02 16:54:29,935 - root - INFO - MinimaxAgent
2024-09-02 16:54:29,936 - getAction - INFO - I: Q2_Agent,%%%%%%%%%%%%%%%%%%%%
%o   %        %...o%
%.%%^% %%  %% %.%%.%
%...      G % .....%
%.%.%% %% %%% %%.%.%
%.%....% ooo% %..%.%
%.%.%%.% %% % %.%%.%
%o%...G..     %....%
%%%%%%%%%%%%%%%%%%%%
Score: 246
,
2024-09-02 16:54:29,936 - getAction - INFO - O: North
2024-09-02 16:54:29,937 - root - INFO - MinimaxAgent
2024-09-02 16:54:29,938 - getAction - INFO - I: Q2_Agent,%%%%%%%%%%%%%%%%%%%%
%o  v%        %...o%
%.%% % %%  %% %.%%.%
%...     G  % .....%
%.%.%% %% %%% %%.%.%
%.%....% ooo% %..%.%
%.%.%%.% %% % %.%%.%
%o%....G.     %....%
%%%%%%%%%%%%%%%%%%%%
Score: 245
,
2024-09-02 16:54:29,938 - getAction - INFO - O: South
2024-09-02 16:54:29,938 - root - INFO - MinimaxAgent
2024-09-02 16:54:29,940 - getAction - INFO - I: Q2_Agent,%%%%%%%%%%%%%%%%%%%%
%o   %        %...o%
%.%%^% %%  %% %.%%.%
%...    G   % .....%
%.%.%% %% %%% %%.%.%
%.%....% ooo% %..%.%
%.%.%%.% %% % %.%%.%
%o%.....G     %....%
%%%%%%%%%%%%%%%%%%%%
Score: 244
,
2024-09-02 16:54:29,940 - getAction - INFO - O: North
2024-09-02 16:54:29,940 - root - INFO - MinimaxAgent
2024-09-02 16:54:29,942 - getAction - INFO - I: Q2_Agent,%%%%%%%%%%%%%%%%%%%%
%o  v%        %...o%
%.%% % %%  %% %.%%.%
%...   G    % .....%
%.%.%% %% %%% %%.%.%
%.%....% ooo% %..%.%
%.%.%%.% %% % %.%%.%
%o%......G    %....%
%%%%%%%%%%%%%%%%%%%%
Score: 243
,
2024-09-02 16:54:29,942 - getAction - INFO - O: South
2024-09-02 16:54:29,942 - root - INFO - MinimaxAgent
2024-09-02 16:54:29,944 - getAction - INFO - I: Q2_Agent,%%%%%%%%%%%%%%%%%%%%
%o   %        %...o%
%.%%^% %%  %% %.%%.%
%...  G     % .....%
%.%.%% %% %%% %%.%.%
%.%....% ooo% %..%.%
%.%.%%.% %% % %.%%.%
%o%...... G   %....%
%%%%%%%%%%%%%%%%%%%%
Score: 242
,
2024-09-02 16:54:29,944 - getAction - INFO - O: North
2024-09-02 16:54:29,945 - root - INFO - MinimaxAgent
2024-09-02 16:54:29,946 - getAction - INFO - I: Q2_Agent,%%%%%%%%%%%%%%%%%%%%
%o  v%        %...o%
%.%% % %%  %% %.%%.%
%... G      % .....%
%.%.%% %% %%% %%.%.%
%.%....% ooo% %..%.%
%.%.%%.% %% % %.%%.%
%o%......  G  %....%
%%%%%%%%%%%%%%%%%%%%
Score: 241
,
2024-09-02 16:54:29,946 - getAction - INFO - O: South
2024-09-02 16:54:29,947 - root - INFO - MinimaxAgent
2024-09-02 16:54:29,948 - getAction - INFO - I: Q2_Agent,%%%%%%%%%%%%%%%%%%%%
%o   %        %...o%
%.%%^% %%  %% %.%%.%
%...G       % .....%
%.%.%% %% %%% %%.%.%
%.%....% ooo% %..%.%
%.%.%%.% %%G% %.%%.%
%o%......     %....%
%%%%%%%%%%%%%%%%%%%%
Score: 240
,
2024-09-02 16:54:29,948 - getAction - INFO - O: North
2024-09-02 16:54:29,949 - root - INFO - MinimaxAgent
2024-09-02 16:54:29,950 - getAction - INFO - I: Q2_Agent,%%%%%%%%%%%%%%%%%%%%
%o  v%        %...o%
%.%% % %%  %% %.%%.%
%..G        % .....%
%.%.%% %% %%% %%.%.%
%.%....% ooo% %..%.%
%.%.%%.% %% % %.%%.%
%o%......     %....%
%%%%%%%%%%%%%%%%%%%%
Score: 239
,
2024-09-02 16:54:29,950 - getAction - INFO - O: South
2024-09-02 16:54:29,951 - root - INFO - MinimaxAgent
2024-09-02 16:54:29,952 - getAction - INFO - I: Q2_Agent,%%%%%%%%%%%%%%%%%%%%
%o   %        %...o%
%.%%^% %%  %% %.%%.%
%.G.        % .....%
%.%.%% %% %%% %%.%.%
%.%....% ooo% %..%.%
%.%.%%.% %% % %.%%.%
%o%......     %....%
%%%%%%%%%%%%%%%%%%%%
Score: 238
,
2024-09-02 16:54:29,952 - getAction - INFO - O: North
2024-09-02 16:54:29,952 - root - INFO - MinimaxAgent
2024-09-02 16:54:29,953 - getAction - INFO - I: Q2_Agent,%%%%%%%%%%%%%%%%%%%%
%o  v%        %...o%
%.%% % %%  %% %.%%.%
%G..        % .....%
%.%.%% %% %%% %%.%.%
%.%....% ooo% %..%.%
%.%.%%.% %% % %.%%.%
%o%......     %....%
%%%%%%%%%%%%%%%%%%%%
Score: 237
,
2024-09-02 16:54:29,953 - getAction - INFO - O: South
2024-09-02 16:54:29,955 - root - INFO - MinimaxAgent
2024-09-02 16:54:29,955 - getAction - INFO - I: Q2_Agent,%%%%%%%%%%%%%%%%%%%%
%o   %        %...o%
%G%%^% %%  %% %.%%.%
%...        % .....%
%.%.%% %%G%%% %%.%.%
%.%....% ooo% %..%.%
%.%.%%.% %% % %.%%.%
%o%......     %....%
%%%%%%%%%%%%%%%%%%%%
Score: 236
,
2024-09-02 16:54:29,955 - getAction - INFO - O: North
2024-09-02 16:54:29,956 - root - INFO - MinimaxAgent
2024-09-02 16:54:29,958 - getAction - INFO - I: Q2_Agent,%%%%%%%%%%%%%%%%%%%%
%o  v%        %...o%
%.%% % %%  %% %.%%.%
%...     G  % .....%
%.%.%% %% %%% %%.%.%
%.%....% ooo% %..%.%
%.%.%%.% %% % %.%%.%
%o%......     %....%
%%%%%%%%%%%%%%%%%%%%
Score: 235
,
2024-09-02 16:54:29,958 - getAction - INFO - O: South
2024-09-02 16:54:29,959 - root - INFO - MinimaxAgent
2024-09-02 16:54:29,960 - getAction - INFO - I: Q2_Agent,%%%%%%%%%%%%%%%%%%%%
%oG  %        %...o%
%.%%^% %%G %% %.%%.%
%...        % .....%
%.%.%% %% %%% %%.%.%
%.%....% ooo% %..%.%
%.%.%%.% %% % %.%%.%
%o%......     %....%
%%%%%%%%%%%%%%%%%%%%
Score: 234
,
2024-09-02 16:54:29,960 - getAction - INFO - O: North
2024-09-02 16:54:29,961 - root - INFO - MinimaxAgent
2024-09-02 16:54:29,962 - getAction - INFO - I: Q2_Agent,%%%%%%%%%%%%%%%%%%%%
%o Gv%        %...o%
%.%% % %% G%% %.%%.%
%...        % .....%
%.%.%% %% %%% %%.%.%
%.%....% ooo% %..%.%
%.%.%%.% %% % %.%%.%
%o%......     %....%
%%%%%%%%%%%%%%%%%%%%
Score: 233
,
2024-09-02 16:54:29,962 - getAction - INFO - O: South
2024-09-02 16:54:29,963 - root - INFO - MinimaxAgent
2024-09-02 16:54:29,964 - getAction - INFO - I: Q2_Agent,%%%%%%%%%%%%%%%%%%%%
%o  G%        %...o%
%.%%^% %%  %% %.%%.%
%...      G % .....%
%.%.%% %% %%% %%.%.%
%.%....% ooo% %..%.%
%.%.%%.% %% % %.%%.%
%o%......     %....%
%%%%%%%%%%%%%%%%%%%%
Score: 232
,
2024-09-02 16:54:29,964 - getAction - INFO - O: South
2024-09-02 16:54:29,965 - root - INFO - MinimaxAgent
2024-09-02 16:54:29,965 - getAction - INFO - I: Q2_Agent,%%%%%%%%%%%%%%%%%%%%
%o   %        %...o%
%.%%G% %%  %% %.%%.%
%...^      G% .....%
%.%.%% %% %%% %%.%.%
%.%....% ooo% %..%.%
%.%.%%.% %% % %.%%.%
%o%......     %....%
%%%%%%%%%%%%%%%%%%%%
Score: 231
,
2024-09-02 16:54:29,965 - getAction - INFO - O: West
2024-09-02 16:54:29,966 - root - INFO - MinimaxAgent
2024-09-02 16:54:29,969 - getAction - INFO - I: Q2_Agent,%%%%%%%%%%%%%%%%%%%%
%o   %        %...o%
%.%% % %%  %% %.%%.%
%..>G     G % .....%
%.%.%% %% %%% %%.%.%
%.%....% ooo% %..%.%
%.%.%%.% %% % %.%%.%
%o%......     %....%
%%%%%%%%%%%%%%%%%%%%
Score: 240
,
2024-09-02 16:54:29,969 - getAction - INFO - O: South
2024-09-02 16:54:29,970 - root - INFO - MinimaxAgent
2024-09-02 16:54:29,972 - getAction - INFO - I: Q2_Agent,%%%%%%%%%%%%%%%%%%%%
%o   %        %...o%
%.%% % %%  %% %.%%.%
%..  G   G  % .....%
%.%^%% %% %%% %%.%.%
%.%....% ooo% %..%.%
%.%.%%.% %% % %.%%.%
%o%......     %....%
%%%%%%%%%%%%%%%%%%%%
Score: 249
,
2024-09-02 16:54:29,973 - getAction - INFO - O: South
2024-09-02 16:54:29,973 - root - INFO - MinimaxAgent
2024-09-02 16:54:29,977 - getAction - INFO - I: Q2_Agent,%%%%%%%%%%%%%%%%%%%%
%o   %        %...o%
%.%% % %%  %% %.%%.%
%..   G G   % .....%
%.% %% %% %%% %%.%.%
%.%^...% ooo% %..%.%
%.%.%%.% %% % %.%%.%
%o%......     %....%
%%%%%%%%%%%%%%%%%%%%
Score: 258
,
2024-09-02 16:54:29,977 - getAction - INFO - O: South
2024-09-02 16:54:29,977 - root - INFO - MinimaxAgent
2024-09-02 16:54:29,980 - getAction - INFO - I: Q2_Agent,%%%%%%%%%%%%%%%%%%%%
%o   %        %...o%
%.%% % %%  %% %.%%.%
%..    G    % .....%
%.% %% %% %%% %%.%.%
%.% ...% ooo% %..%.%
%.%^%%.% %% % %.%%.%
%o%......     %....%
%%%%%%%%%%%%%%%%%%%%
Score: 267
,
2024-09-02 16:54:29,980 - getAction - INFO - O: South
2024-09-02 16:54:29,980 - root - INFO - MinimaxAgent
2024-09-02 16:54:29,983 - getAction - INFO - I: Q2_Agent,%%%%%%%%%%%%%%%%%%%%
%o   %        %...o%
%.%% % %%  %% %.%%.%
%..   G G   % .....%
%.% %% %% %%% %%.%.%
%.% ...% ooo% %..%.%
%.% %%.% %% % %.%%.%
%o%^.....     %....%
%%%%%%%%%%%%%%%%%%%%
Score: 276
,
2024-09-02 16:54:29,983 - getAction - INFO - O: East
2024-09-02 16:54:29,983 - root - INFO - MinimaxAgent
2024-09-02 16:54:29,986 - getAction - INFO - I: Q2_Agent,%%%%%%%%%%%%%%%%%%%%
%o   %        %...o%
%.%% %G%%  %% %.%%.%
%..      G  % .....%
%.% %% %% %%% %%.%.%
%.% ...% ooo% %..%.%
%.% %%.% %% % %.%%.%
%o% <....     %....%
%%%%%%%%%%%%%%%%%%%%
Score: 285
,
2024-09-02 16:54:29,986 - getAction - INFO - O: East
2024-09-02 16:54:29,987 - root - INFO - MinimaxAgent
2024-09-02 16:54:29,990 - getAction - INFO - I: Q2_Agent,%%%%%%%%%%%%%%%%%%%%
%o   %G       %...o%
%.%% % %%  %% %.%%.%
%..       G % .....%
%.% %% %% %%% %%.%.%
%.% ...% ooo% %..%.%
%.% %%.% %% % %.%%.%
%o%  <...     %....%
%%%%%%%%%%%%%%%%%%%%
Score: 294
,
2024-09-02 16:54:29,990 - getAction - INFO - O: East
2024-09-02 16:54:29,990 - root - INFO - MinimaxAgent
2024-09-02 16:54:29,993 - getAction - INFO - I: Q2_Agent,%%%%%%%%%%%%%%%%%%%%
%o   % G      %...o%
%.%% % %%  %% %.%%.%
%..        G% .....%
%.% %% %% %%% %%.%.%
%.% ...% ooo% %..%.%
%.% %%.% %% % %.%%.%
%o%   <..     %....%
%%%%%%%%%%%%%%%%%%%%
Score: 303
,
2024-09-02 16:54:29,993 - getAction - INFO - O: North
2024-09-02 16:54:29,993 - root - INFO - MinimaxAgent
2024-09-02 16:54:29,997 - getAction - INFO - I: Q2_Agent,%%%%%%%%%%%%%%%%%%%%
%o   %  G     %...o%
%.%% % %%  %% %.%%.%
%..       G % .....%
%.% %% %% %%% %%.%.%
%.% ...% ooo% %..%.%
%.% %%v% %% % %.%%.%
%o%    ..     %....%
%%%%%%%%%%%%%%%%%%%%
Score: 312
,
2024-09-02 16:54:29,997 - getAction - INFO - O: North
2024-09-02 16:54:29,997 - root - INFO - MinimaxAgent
2024-09-02 16:54:30,001 - getAction - INFO - I: Q2_Agent,%%%%%%%%%%%%%%%%%%%%
%o   %   G    %...o%
%.%% % %%  %% %.%%.%
%..      G  % .....%
%.% %% %% %%% %%.%.%
%.% ..v% ooo% %..%.%
%.% %% % %% % %.%%.%
%o%    ..     %....%
%%%%%%%%%%%%%%%%%%%%
Score: 321
,
2024-09-02 16:54:30,001 - getAction - INFO - O: West
2024-09-02 16:54:30,002 - root - INFO - MinimaxAgent
2024-09-02 16:54:30,005 - getAction - INFO - I: Q2_Agent,%%%%%%%%%%%%%%%%%%%%
%o   %        %...o%
%.%% % %%G %% %.%%.%
%..     G   % .....%
%.% %% %% %%% %%.%.%
%.% .> % ooo% %..%.%
%.% %% % %% % %.%%.%
%o%    ..     %....%
%%%%%%%%%%%%%%%%%%%%
Score: 330
,
2024-09-02 16:54:30,005 - getAction - INFO - O: West
2024-09-02 16:54:30,007 - root - INFO - MinimaxAgent
2024-09-02 16:54:30,010 - getAction - INFO - I: Q2_Agent,%%%%%%%%%%%%%%%%%%%%
%o   %        %...o%
%.%% % %% G%% %.%%.%
%..    G    % .....%
%.% %% %% %%% %%.%.%
%.% >  % ooo% %..%.%
%.% %% % %% % %.%%.%
%o%    ..     %....%
%%%%%%%%%%%%%%%%%%%%
Score: 339
,
2024-09-02 16:54:30,010 - getAction - INFO - O: East
2024-09-02 16:54:30,010 - root - INFO - MinimaxAgent
2024-09-02 16:54:30,012 - getAction - INFO - I: Q2_Agent,%%%%%%%%%%%%%%%%%%%%
%o   %    G   %...o%
%.%% % %%  %% %.%%.%
%..   G     % .....%
%.% %% %% %%% %%.%.%
%.%  < % ooo% %..%.%
%.% %% % %% % %.%%.%
%o%    ..     %....%
%%%%%%%%%%%%%%%%%%%%
Score: 338
,
2024-09-02 16:54:30,012 - getAction - INFO - O: East
2024-09-02 16:54:30,013 - root - INFO - MinimaxAgent
2024-09-02 16:54:30,013 - getAction - INFO - I: Q2_Agent,%%%%%%%%%%%%%%%%%%%%
%o   %     G  %...o%
%.%% % %%  %% %.%%.%
%..  G      % .....%
%.% %% %% %%% %%.%.%
%.%   <% ooo% %..%.%
%.% %% % %% % %.%%.%
%o%    ..     %....%
%%%%%%%%%%%%%%%%%%%%
Score: 337
,
2024-09-02 16:54:30,013 - getAction - INFO - O: North
2024-09-02 16:54:30,015 - root - INFO - MinimaxAgent
2024-09-02 16:54:30,016 - getAction - INFO - I: Q2_Agent,%%%%%%%%%%%%%%%%%%%%
%o   %      G %...o%
%.%% % %%  %% %.%%.%
%.. G       % .....%
%.% %%v%% %%% %%.%.%
%.%    % ooo% %..%.%
%.% %% % %% % %.%%.%
%o%    ..     %....%
%%%%%%%%%%%%%%%%%%%%
Score: 336
,
2024-09-02 16:54:30,016 - getAction - INFO - O: North
2024-09-02 16:54:30,017 - root - INFO - MinimaxAgent
2024-09-02 16:54:30,018 - getAction - INFO - I: Q2_Agent,%%%%%%%%%%%%%%%%%%%%
%o   %       G%...o%
%.%% % %%  %% %.%%.%
%..G  v     % .....%
%.% %% %% %%% %%.%.%
%.%    % ooo% %..%.%
%.% %% % %% % %.%%.%
%o%    ..     %....%
%%%%%%%%%%%%%%%%%%%%
Score: 335
,
2024-09-02 16:54:30,018 - getAction - INFO - O: North
2024-09-02 16:54:30,019 - root - INFO - MinimaxAgent
2024-09-02 16:54:30,020 - getAction - INFO - I: Q2_Agent,%%%%%%%%%%%%%%%%%%%%
%o   %        %...o%
%.%% %v%%  %%G%.%%.%
%.G         % .....%
%.% %% %% %%% %%.%.%
%.%    % ooo% %..%.%
%.% %% % %% % %.%%.%
%o%    ..     %....%
%%%%%%%%%%%%%%%%%%%%
Score: 334
,
2024-09-02 16:54:30,020 - getAction - INFO - O: North
2024-09-02 16:54:30,021 - root - INFO - MinimaxAgent
2024-09-02 16:54:30,022 - getAction - INFO - I: Q2_Agent,%%%%%%%%%%%%%%%%%%%%
%o   %v       %...o%
%.%% % %%  %% %.%%.%
%G.         %G.....%
%.% %% %% %%% %%.%.%
%.%    % ooo% %..%.%
%.% %% % %% % %.%%.%
%o%    ..     %....%
%%%%%%%%%%%%%%%%%%%%
Score: 333
,
2024-09-02 16:54:30,022 - getAction - INFO - O: South
2024-09-02 16:54:30,023 - root - INFO - MinimaxAgent
2024-09-02 16:54:30,023 - getAction - INFO - I: Q2_Agent,%%%%%%%%%%%%%%%%%%%%
%o   %        %...o%
%.%% %^%%  %% %.%%.%
%..         % G....%
%G% %% %% %%% %%.%.%
%.%    % ooo% %..%.%
%.% %% % %% % %.%%.%
%o%    ..     %....%
%%%%%%%%%%%%%%%%%%%%
Score: 332
,
2024-09-02 16:54:30,023 - getAction - INFO - O: North
2024-09-02 16:54:30,023 - root - INFO - MinimaxAgent
2024-09-02 16:54:30,026 - getAction - INFO - I: Q2_Agent,%%%%%%%%%%%%%%%%%%%%
%o   %v       %...o%
%.%% % %%  %% %.%%.%
%..         % .G...%
%.% %% %% %%% %%.%.%
%G%    % ooo% %..%.%
%.% %% % %% % %.%%.%
%o%    ..     %....%
%%%%%%%%%%%%%%%%%%%%
Score: 331
,
2024-09-02 16:54:30,026 - getAction - INFO - O: South
2024-09-02 16:54:30,027 - root - INFO - MinimaxAgent
2024-09-02 16:54:30,028 - getAction - INFO - I: Q2_Agent,%%%%%%%%%%%%%%%%%%%%
%o   %        %...o%
%.%% %^%%  %% %G%%.%
%..         % .....%
%.% %% %% %%% %%.%.%
%.%    % ooo% %..%.%
%G% %% % %% % %.%%.%
%o%    ..     %....%
%%%%%%%%%%%%%%%%%%%%
Score: 330
,
2024-09-02 16:54:30,028 - getAction - INFO - O: North
2024-09-02 16:54:30,028 - root - INFO - MinimaxAgent
2024-09-02 16:54:30,030 - getAction - INFO - I: Q2_Agent,%%%%%%%%%%%%%%%%%%%%
%o   %v       %G..o%
%.%% % %%  %% %.%%.%
%..         % .....%
%.% %% %% %%% %%.%.%
%.%    % ooo% %..%.%
%.% %% % %% % %.%%.%
%o%    ..     %....%
%%%%%%%%%%%%%%%%%%%%
Score: 329
,
2024-09-02 16:54:30,030 - getAction - INFO - O: South
2024-09-02 16:54:30,030 - root - INFO - MinimaxAgent
2024-09-02 16:54:30,031 - getAction - INFO - I: Q2_Agent,%%%%%%%%%%%%%%%%%%%%
%o   %        %.G.o%
%.%% %^%%  %% %.%%.%
%..         % .....%
%.% %% %% %%% %%.%.%
%.%    % ooo% %..%.%
%G% %% % %% % %.%%.%
%o%    ..     %....%
%%%%%%%%%%%%%%%%%%%%
Score: 328
,
2024-09-02 16:54:30,031 - getAction - INFO - O: North
2024-09-02 16:54:30,032 - root - INFO - MinimaxAgent
2024-09-02 16:54:30,033 - getAction - INFO - I: Q2_Agent,%%%%%%%%%%%%%%%%%%%%
%o   %v       %..Go%
%.%% % %%  %% %.%%.%
%..         % .....%
%.% %% %% %%% %%.%.%
%G%    % ooo% %..%.%
%.% %% % %% % %.%%.%
%o%    ..     %....%
%%%%%%%%%%%%%%%%%%%%
Score: 327
,
2024-09-02 16:54:30,033 - getAction - INFO - O: South
2024-09-02 16:54:30,034 - root - INFO - MinimaxAgent
2024-09-02 16:54:30,037 - getAction - INFO - I: Q2_Agent,%%%%%%%%%%%%%%%%%%%%
%o   %        %...o%
%.%% %^%%  %% %.%%.%
%..         % .....%
%G% %% %% %%% %%.%.%
%.%    % ooo% %..%.%
%.% %% % %% % %.%%.%
%o%    ..     %....%
%%%%%%%%%%%%%%%%%%%%
Score: 326
,
2024-09-02 16:54:30,037 - getAction - INFO - O: North
2024-09-02 16:54:30,038 - root - INFO - MinimaxAgent
2024-09-02 16:54:30,039 - getAction - INFO - I: Q2_Agent,%%%%%%%%%%%%%%%%%%%%
%o   %v       %...o%
%.%% % %%  %% %.%%G%
%G.         % .....%
%.% %% %% %%% %%.%.%
%.%    % ooo% %..%.%
%.% %% % %% % %.%%.%
%o%    ..     %....%
%%%%%%%%%%%%%%%%%%%%
Score: 325
,
2024-09-02 16:54:30,039 - getAction - INFO - O: South
2024-09-02 16:54:30,040 - root - INFO - MinimaxAgent
2024-09-02 16:54:30,041 - getAction - INFO - I: Q2_Agent,%%%%%%%%%%%%%%%%%%%%
%o   %        %...o%
%.%% %^%%  %% %.%%.%
%.G         % ....G%
%.% %% %% %%% %%.%.%
%.%    % ooo% %..%.%
%.% %% % %% % %.%%.%
%o%    ..     %....%
%%%%%%%%%%%%%%%%%%%%
Score: 324
,
2024-09-02 16:54:30,041 - getAction - INFO - O: North
2024-09-02 16:54:30,041 - root - INFO - MinimaxAgent
2024-09-02 16:54:30,043 - getAction - INFO - I: Q2_Agent,%%%%%%%%%%%%%%%%%%%%
%o   %v       %...o%
%.%% % %%  %% %.%%.%
%..G        % .....%
%.% %% %% %%% %%.%G%
%.%    % ooo% %..%.%
%.% %% % %% % %.%%.%
%o%    ..     %....%
%%%%%%%%%%%%%%%%%%%%
Score: 323
,
2024-09-02 16:54:30,043 - getAction - INFO - O: South
2024-09-02 16:54:30,043 - root - INFO - MinimaxAgent
2024-09-02 16:54:30,045 - getAction - INFO - I: Q2_Agent,%%%%%%%%%%%%%%%%%%%%
%o   %        %...o%
%.%% %^%%  %% %.%%.%
%.. G       % .....%
%.% %% %% %%% %%.%.%
%.%    % ooo% %..%G%
%.% %% % %% % %.%%.%
%o%    ..     %....%
%%%%%%%%%%%%%%%%%%%%
Score: 322
,
2024-09-02 16:54:30,045 - getAction - INFO - O: North
2024-09-02 16:54:30,045 - root - INFO - MinimaxAgent
2024-09-02 16:54:30,047 - getAction - INFO - I: Q2_Agent,%%%%%%%%%%%%%%%%%%%%
%o   %v       %...o%
%.%% % %%  %% %.%%.%
%..  G      % .....%
%.% %% %% %%% %%.%.%
%.%    % ooo% %..%.%
%.% %% % %% % %.%%G%
%o%    ..     %....%
%%%%%%%%%%%%%%%%%%%%
Score: 321
,
2024-09-02 16:54:30,047 - getAction - INFO - O: South
2024-09-02 16:54:30,047 - root - INFO - MinimaxAgent
2024-09-02 16:54:30,048 - getAction - INFO - I: Q2_Agent,%%%%%%%%%%%%%%%%%%%%
%o   %        %...o%
%.%% %^%%  %% %.%%.%
%..   G     % .....%
%.% %% %% %%% %%.%.%
%.%    % ooo% %..%.%
%.% %% % %% % %.%%.%
%o%    ..     %...G%
%%%%%%%%%%%%%%%%%%%%
Score: 320
,
2024-09-02 16:54:30,048 - getAction - INFO - O: North
2024-09-02 16:54:30,049 - root - INFO - MinimaxAgent
2024-09-02 16:54:30,050 - getAction - INFO - I: Q2_Agent,%%%%%%%%%%%%%%%%%%%%
%o   %v       %...o%
%.%% % %%  %% %.%%.%
%..    G    % .....%
%.% %% %% %%% %%.%.%
%.%    % ooo% %..%.%
%.% %% % %% % %.%%.%
%o%    ..     %..G.%
%%%%%%%%%%%%%%%%%%%%
Score: 319
,
2024-09-02 16:54:30,050 - getAction - INFO - O: South
2024-09-02 16:54:30,051 - root - INFO - MinimaxAgent
2024-09-02 16:54:30,053 - getAction - INFO - I: Q2_Agent,%%%%%%%%%%%%%%%%%%%%
%o   %        %...o%
%.%% %^%%  %% %.%%.%
%..     G   % .....%
%.% %% %% %%% %%.%.%
%.%    % ooo% %..%.%
%.% %% % %% % %.%%.%
%o%    ..     %.G..%
%%%%%%%%%%%%%%%%%%%%
Score: 318
,
2024-09-02 16:54:30,053 - getAction - INFO - O: North
2024-09-02 16:54:30,055 - root - INFO - MinimaxAgent
2024-09-02 16:54:30,056 - getAction - INFO - I: Q2_Agent,%%%%%%%%%%%%%%%%%%%%
%o   %v       %...o%
%.%% % %%  %% %.%%.%
%..      G  % .....%
%.% %% %% %%% %%.%.%
%.%    % ooo% %..%.%
%.% %% % %% % %.%%.%
%o%    ..     %G...%
%%%%%%%%%%%%%%%%%%%%
Score: 317
,
2024-09-02 16:54:30,056 - getAction - INFO - O: South
2024-09-02 16:54:30,057 - root - INFO - MinimaxAgent
2024-09-02 16:54:30,059 - getAction - INFO - I: Q2_Agent,%%%%%%%%%%%%%%%%%%%%
%o   %        %...o%
%.%% %^%%  %% %.%%.%
%..       G % .....%
%.% %% %% %%% %%.%.%
%.%    % ooo% %..%.%
%.% %% % %% % %G%%.%
%o%    ..     %....%
%%%%%%%%%%%%%%%%%%%%
Score: 316
,
2024-09-02 16:54:30,059 - getAction - INFO - O: North
2024-09-02 16:54:30,059 - root - INFO - MinimaxAgent
2024-09-02 16:54:30,061 - getAction - INFO - I: Q2_Agent,%%%%%%%%%%%%%%%%%%%%
%o   %v       %...o%
%.%% % %%  %% %.%%.%
%..        G% .....%
%.% %% %% %%% %%.%.%
%.%    % ooo% %G.%.%
%.% %% % %% % %.%%.%
%o%    ..     %....%
%%%%%%%%%%%%%%%%%%%%
Score: 315
,
2024-09-02 16:54:30,061 - getAction - INFO - O: South
2024-09-02 16:54:30,062 - root - INFO - MinimaxAgent
2024-09-02 16:54:30,063 - getAction - INFO - I: Q2_Agent,%%%%%%%%%%%%%%%%%%%%
%o   %        %...o%
%.%% %^%%  %% %.%%.%
%..       G % .....%
%.% %% %% %%% %%.%.%
%.%    % ooo% %.G%.%
%.% %% % %% % %.%%.%
%o%    ..     %....%
%%%%%%%%%%%%%%%%%%%%
Score: 314
,
2024-09-02 16:54:30,063 - getAction - INFO - O: North
2024-09-02 16:54:30,063 - root - INFO - MinimaxAgent
2024-09-02 16:54:30,065 - getAction - INFO - I: Q2_Agent,%%%%%%%%%%%%%%%%%%%%
%o   %v       %...o%
%.%% % %% G%% %.%%.%
%..         % .....%
%.% %% %% %%% %%G%.%
%.%    % ooo% %..%.%
%.% %% % %% % %.%%.%
%o%    ..     %....%
%%%%%%%%%%%%%%%%%%%%
Score: 313
,
2024-09-02 16:54:30,065 - getAction - INFO - O: South
2024-09-02 16:54:30,066 - root - INFO - MinimaxAgent
2024-09-02 16:54:30,068 - getAction - INFO - I: Q2_Agent,%%%%%%%%%%%%%%%%%%%%
%o   %    G   %...o%
%.%% %^%%  %% %.%%.%
%..         % ..G..%
%.% %% %% %%% %%.%.%
%.%    % ooo% %..%.%
%.% %% % %% % %.%%.%
%o%    ..     %....%
%%%%%%%%%%%%%%%%%%%%
Score: 312
,
2024-09-02 16:54:30,068 - getAction - INFO - O: North
2024-09-02 16:54:30,069 - root - INFO - MinimaxAgent
2024-09-02 16:54:30,071 - getAction - INFO - I: Q2_Agent,%%%%%%%%%%%%%%%%%%%%
%o   %v  G    %...o%
%.%% % %%  %% %.%%.%
%..         % ...G.%
%.% %% %% %%% %%.%.%
%.%    % ooo% %..%.%
%.% %% % %% % %.%%.%
%o%    ..     %....%
%%%%%%%%%%%%%%%%%%%%
Score: 311
,
2024-09-02 16:54:30,071 - getAction - INFO - O: South
2024-09-02 16:54:30,071 - root - INFO - MinimaxAgent
2024-09-02 16:54:30,073 - getAction - INFO - I: Q2_Agent,%%%%%%%%%%%%%%%%%%%%
%o   %        %...o%
%.%% %^%%G %% %.%%.%
%..         % ....G%
%.% %% %% %%% %%.%.%
%.%    % ooo% %..%.%
%.% %% % %% % %.%%.%
%o%    ..     %....%
%%%%%%%%%%%%%%%%%%%%
Score: 310
,
2024-09-02 16:54:30,073 - getAction - INFO - O: North
2024-09-02 16:54:30,073 - root - INFO - MinimaxAgent
2024-09-02 16:54:30,075 - getAction - INFO - I: Q2_Agent,%%%%%%%%%%%%%%%%%%%%
%o   %v       %...o%
%.%% % %%  %% %.%%.%
%..      G  % .....%
%.% %% %% %%% %%.%G%
%.%    % ooo% %..%.%
%.% %% % %% % %.%%.%
%o%    ..     %....%
%%%%%%%%%%%%%%%%%%%%
Score: 309
,
2024-09-02 16:54:30,075 - getAction - INFO - O: South
2024-09-02 16:54:30,075 - root - INFO - MinimaxAgent
2024-09-02 16:54:30,077 - getAction - INFO - I: Q2_Agent,%%%%%%%%%%%%%%%%%%%%
%o   %        %...o%
%.%% %^%%  %% %.%%.%
%..       G % .....%
%.% %% %% %%% %%.%.%
%.%    % ooo% %..%G%
%.% %% % %% % %.%%.%
%o%    ..     %....%
%%%%%%%%%%%%%%%%%%%%
Score: 308
,
2024-09-02 16:54:30,077 - getAction - INFO - O: North
2024-09-02 16:54:30,078 - root - INFO - MinimaxAgent
2024-09-02 16:54:30,079 - getAction - INFO - I: Q2_Agent,%%%%%%%%%%%%%%%%%%%%
%o   %v       %...o%
%.%% % %%  %% %.%%.%
%..        G% .....%
%.% %% %% %%% %%.%.%
%.%    % ooo% %..%.%
%.% %% % %% % %.%%G%
%o%    ..     %....%
%%%%%%%%%%%%%%%%%%%%
Score: 307
,
2024-09-02 16:54:30,079 - getAction - INFO - O: South
2024-09-02 16:54:30,080 - root - INFO - MinimaxAgent
2024-09-02 16:54:30,081 - getAction - INFO - I: Q2_Agent,%%%%%%%%%%%%%%%%%%%%
%o   %        %...o%
%.%% %^%%  %% %.%%.%
%..       G % .....%
%.% %% %% %%% %%.%.%
%.%    % ooo% %..%.%
%.% %% % %% % %.%%.%
%o%    ..     %...G%
%%%%%%%%%%%%%%%%%%%%
Score: 306
,
2024-09-02 16:54:30,081 - getAction - INFO - O: North
2024-09-02 16:54:30,082 - root - INFO - MinimaxAgent
2024-09-02 16:54:30,083 - getAction - INFO - I: Q2_Agent,%%%%%%%%%%%%%%%%%%%%
%o   %v       %...o%
%.%% % %%  %% %.%%.%
%..      G  % .....%
%.% %% %% %%% %%.%.%
%.%    % ooo% %..%.%
%.% %% % %% % %.%%.%
%o%    ..     %..G.%
%%%%%%%%%%%%%%%%%%%%
Score: 305
,
2024-09-02 16:54:30,083 - getAction - INFO - O: South
2024-09-02 16:54:30,083 - root - INFO - MinimaxAgent
2024-09-02 16:54:30,085 - getAction - INFO - I: Q2_Agent,%%%%%%%%%%%%%%%%%%%%
%o   %        %...o%
%.%% %^%%  %% %.%%.%
%..         % .....%
%.% %% %%G%%% %%.%.%
%.%    % ooo% %..%.%
%.% %% % %% % %.%%.%
%o%    ..     %.G..%
%%%%%%%%%%%%%%%%%%%%
Score: 304
,
2024-09-02 16:54:30,085 - getAction - INFO - O: North
2024-09-02 16:54:30,086 - root - INFO - MinimaxAgent
2024-09-02 16:54:30,087 - getAction - INFO - I: Q2_Agent,%%%%%%%%%%%%%%%%%%%%
%o   %v       %...o%
%.%% % %%  %% %.%%.%
%..         % .....%
%.% %% %% %%% %%.%.%
%.%    % ooo% %..%.%
%.% %% % %% % %.%%.%
%o%    ..     %G...%
%%%%%%%%%%%%%%%%%%%%
Score: 303
,
2024-09-02 16:54:30,087 - getAction - INFO - O: South
2024-09-02 16:54:30,088 - root - INFO - MinimaxAgent
2024-09-02 16:54:30,089 - getAction - INFO - I: Q2_Agent,%%%%%%%%%%%%%%%%%%%%
%o   %        %...o%
%.%% %^%%  %% %.%%.%
%..         % .....%
%.% %% %% %%% %%.%.%
%.%    %Gooo% %..%.%
%.% %% % %% % %G%%.%
%o%    ..     %....%
%%%%%%%%%%%%%%%%%%%%
Score: 302
,
2024-09-02 16:54:30,089 - getAction - INFO - O: North
2024-09-02 16:54:30,090 - root - INFO - MinimaxAgent
2024-09-02 16:54:30,091 - getAction - INFO - I: Q2_Agent,%%%%%%%%%%%%%%%%%%%%
%o   %v       %...o%
%.%% % %%  %% %.%%.%
%..         % .....%
%.% %% %% %%% %%.%.%
%.%    % ooo% %G.%.%
%.% %% %G%% % %.%%.%
%o%    ..     %....%
%%%%%%%%%%%%%%%%%%%%
Score: 301
,
2024-09-02 16:54:30,091 - getAction - INFO - O: South
2024-09-02 16:54:30,092 - root - INFO - MinimaxAgent
2024-09-02 16:54:30,093 - getAction - INFO - I: Q2_Agent,%%%%%%%%%%%%%%%%%%%%
%o   %        %...o%
%.%% %^%%  %% %.%%.%
%..         % .....%
%.% %% %% %%% %%.%.%
%.%    % ooo% %.G%.%
%.% %% % %% % %.%%.%
%o%    .G     %....%
%%%%%%%%%%%%%%%%%%%%
Score: 300
,
2024-09-02 16:54:30,093 - getAction - INFO - O: North
2024-09-02 16:54:30,093 - root - INFO - MinimaxAgent
2024-09-02 16:54:30,095 - getAction - INFO - I: Q2_Agent,%%%%%%%%%%%%%%%%%%%%
%o   %v       %...o%
%.%% % %%  %% %.%%.%
%..         % .....%
%.% %% %% %%% %%G%.%
%.%    % ooo% %..%.%
%.% %% % %% % %.%%.%
%o%    ..G    %....%
%%%%%%%%%%%%%%%%%%%%
Score: 299
,
2024-09-02 16:54:30,095 - getAction - INFO - O: South
2024-09-02 16:54:30,095 - root - INFO - MinimaxAgent
2024-09-02 16:54:30,097 - getAction - INFO - I: Q2_Agent,%%%%%%%%%%%%%%%%%%%%
%o   %        %...o%
%.%% %^%%  %% %.%%.%
%..         % ..G..%
%.% %% %% %%% %%.%.%
%.%    % ooo% %..%.%
%.% %% % %% % %.%%.%
%o%    .. G   %....%
%%%%%%%%%%%%%%%%%%%%
Score: 298
,
2024-09-02 16:54:30,097 - getAction - INFO - O: North
2024-09-02 16:54:30,097 - root - INFO - MinimaxAgent
2024-09-02 16:54:30,099 - getAction - INFO - I: Q2_Agent,%%%%%%%%%%%%%%%%%%%%
%o   %v       %...o%
%.%% % %%  %% %.%%.%
%..         % .G...%
%.% %% %% %%% %%.%.%
%.%    % ooo% %..%.%
%.% %% % %% % %.%%.%
%o%    ..  G  %....%
%%%%%%%%%%%%%%%%%%%%
Score: 297
,
2024-09-02 16:54:30,099 - getAction - INFO - O: South
2024-09-02 16:54:30,100 - root - INFO - MinimaxAgent
2024-09-02 16:54:30,101 - getAction - INFO - I: Q2_Agent,%%%%%%%%%%%%%%%%%%%%
%o   %        %...o%
%.%% %^%%  %% %G%%.%
%..         % .....%
%.% %% %% %%% %%.%.%
%.%    % ooo% %..%.%
%.% %% % %% % %.%%.%
%o%    ..   G %....%
%%%%%%%%%%%%%%%%%%%%
Score: 296
,
2024-09-02 16:54:30,101 - getAction - INFO - O: North
2024-09-02 16:54:30,102 - root - INFO - MinimaxAgent
2024-09-02 16:54:30,103 - getAction - INFO - I: Q2_Agent,%%%%%%%%%%%%%%%%%%%%
%o   %v       %G..o%
%.%% % %%  %% %.%%.%
%..         % .....%
%.% %% %% %%% %%.%.%
%.%    % ooo% %..%.%
%.% %% % %% % %.%%.%
%o%    ..    G%....%
%%%%%%%%%%%%%%%%%%%%
Score: 295
,
2024-09-02 16:54:30,103 - getAction - INFO - O: South
2024-09-02 16:54:30,103 - root - INFO - MinimaxAgent
2024-09-02 16:54:30,105 - getAction - INFO - I: Q2_Agent,%%%%%%%%%%%%%%%%%%%%
%o   %        %.G.o%
%.%% %^%%  %% %.%%.%
%..         % .....%
%.% %% %% %%% %%.%.%
%.%    % ooo% %..%.%
%.% %% % %% %G%.%%.%
%o%    ..     %....%
%%%%%%%%%%%%%%%%%%%%
Score: 294
,
2024-09-02 16:54:30,105 - getAction - INFO - O: North
2024-09-02 16:54:30,106 - root - INFO - MinimaxAgent
2024-09-02 16:54:30,107 - getAction - INFO - I: Q2_Agent,%%%%%%%%%%%%%%%%%%%%
%o   %v       %..Go%
%.%% % %%  %% %.%%.%
%..         % .....%
%.% %% %% %%% %%.%.%
%.%    % ooo%G%..%.%
%.% %% % %% % %.%%.%
%o%    ..     %....%
%%%%%%%%%%%%%%%%%%%%
Score: 293
,
2024-09-02 16:54:30,107 - getAction - INFO - O: South
2024-09-02 16:54:30,108 - root - INFO - MinimaxAgent
2024-09-02 16:54:30,109 - getAction - INFO - I: Q2_Agent,%%%%%%%%%%%%%%%%%%%%
%o   %        %...o%
%.%% %^%%  %% %.%%.%
%..         % .....%
%.% %% %% %%%G%%.%.%
%.%    % ooo% %..%.%
%.% %% % %% % %.%%.%
%o%    ..     %....%
%%%%%%%%%%%%%%%%%%%%
Score: 292
,
2024-09-02 16:54:30,109 - getAction - INFO - O: North
2024-09-02 16:54:30,110 - root - INFO - MinimaxAgent
2024-09-02 16:54:30,111 - getAction - INFO - I: Q2_Agent,%%%%%%%%%%%%%%%%%%%%
%o   %v       %...o%
%.%% % %%  %% %.%%G%
%..         %G.....%
%.% %% %% %%% %%.%.%
%.%    % ooo% %..%.%
%.% %% % %% % %.%%.%
%o%    ..     %....%
%%%%%%%%%%%%%%%%%%%%
Score: 291
,
2024-09-02 16:54:30,111 - getAction - INFO - O: South
2024-09-02 16:54:30,112 - root - INFO - MinimaxAgent
2024-09-02 16:54:30,113 - getAction - INFO - I: Q2_Agent,%%%%%%%%%%%%%%%%%%%%
%o   %        %...o%
%.%% %^%%  %% %.%%.%
%..         % G...G%
%.% %% %% %%% %%.%.%
%.%    % ooo% %..%.%
%.% %% % %% % %.%%.%
%o%    ..     %....%
%%%%%%%%%%%%%%%%%%%%
Score: 290
,
2024-09-02 16:54:30,113 - getAction - INFO - O: North
2024-09-02 16:54:30,113 - root - INFO - MinimaxAgent
2024-09-02 16:54:30,115 - getAction - INFO - I: Q2_Agent,%%%%%%%%%%%%%%%%%%%%
%o   %v       %...o%
%.%% % %%  %% %.%%.%
%..         % .G...%
%.% %% %% %%% %%.%G%
%.%    % ooo% %..%.%
%.% %% % %% % %.%%.%
%o%    ..     %....%
%%%%%%%%%%%%%%%%%%%%
Score: 289
,
2024-09-02 16:54:30,115 - getAction - INFO - O: South
2024-09-02 16:54:30,116 - root - INFO - MinimaxAgent
2024-09-02 16:54:30,117 - getAction - INFO - I: Q2_Agent,%%%%%%%%%%%%%%%%%%%%
%o   %        %...o%
%.%% %^%%  %% %.%%.%
%..         % ..G..%
%.% %% %% %%% %%.%.%
%.%    % ooo% %..%G%
%.% %% % %% % %.%%.%
%o%    ..     %....%
%%%%%%%%%%%%%%%%%%%%
Score: 288
,
2024-09-02 16:54:30,117 - getAction - INFO - O: North
2024-09-02 16:54:30,118 - root - INFO - MinimaxAgent
2024-09-02 16:54:30,119 - getAction - INFO - I: Q2_Agent,%%%%%%%%%%%%%%%%%%%%
%o   %v       %...o%
%.%% % %%  %% %.%%.%
%..         % .....%
%.% %% %% %%% %%G%.%
%.%    % ooo% %..%.%
%.% %% % %% % %.%%G%
%o%    ..     %....%
%%%%%%%%%%%%%%%%%%%%
Score: 287
,
2024-09-02 16:54:30,119 - getAction - INFO - O: South
2024-09-02 16:54:30,119 - root - INFO - MinimaxAgent
2024-09-02 16:54:30,122 - getAction - INFO - I: Q2_Agent,%%%%%%%%%%%%%%%%%%%%
%o   %        %...o%
%.%% %^%%  %% %.%%.%
%..         % .....%
%.% %% %% %%% %%.%.%
%.%    % ooo% %.G%.%
%.% %% % %% % %.%%.%
%o%    ..     %...G%
%%%%%%%%%%%%%%%%%%%%
Score: 286
,
2024-09-02 16:54:30,122 - getAction - INFO - O: North
2024-09-02 16:54:30,122 - root - INFO - MinimaxAgent
2024-09-02 16:54:30,123 - getAction - INFO - I: Q2_Agent,%%%%%%%%%%%%%%%%%%%%
%o   %v       %...o%
%.%% % %%  %% %.%%.%
%..         % .....%
%.% %% %% %%% %%.%.%
%.%    % ooo% %G.%.%
%.% %% % %% % %.%%.%
%o%    ..     %..G.%
%%%%%%%%%%%%%%%%%%%%
Score: 285
,
2024-09-02 16:54:30,123 - getAction - INFO - O: South
2024-09-02 16:54:30,125 - root - INFO - MinimaxAgent
2024-09-02 16:54:30,125 - getAction - INFO - I: Q2_Agent,%%%%%%%%%%%%%%%%%%%%
%o   %        %...o%
%.%% %^%%  %% %.%%.%
%..         % .....%
%.% %% %% %%% %%.%.%
%.%    % ooo% %..%.%
%.% %% % %% % %G%%.%
%o%    ..     %.G..%
%%%%%%%%%%%%%%%%%%%%
Score: 284
,
2024-09-02 16:54:30,126 - getAction - INFO - O: North
2024-09-02 16:54:30,126 - root - INFO - MinimaxAgent
2024-09-02 16:54:30,127 - getAction - INFO - I: Q2_Agent,%%%%%%%%%%%%%%%%%%%%
%o   %v       %...o%
%.%% % %%  %% %.%%.%
%..         % .....%
%.% %% %% %%% %%.%.%
%.%    % ooo% %..%.%
%.% %% % %% % %.%%.%
%o%    ..     %G...%
%%%%%%%%%%%%%%%%%%%%
Score: 283
,
2024-09-02 16:54:30,127 - getAction - INFO - O: South
2024-09-02 16:54:30,128 - root - INFO - MinimaxAgent
2024-09-02 16:54:30,129 - getAction - INFO - I: Q2_Agent,%%%%%%%%%%%%%%%%%%%%
%o   %        %...o%
%.%% %^%%  %% %.%%.%
%..         % .....%
%.% %% %% %%% %%.%.%
%.%    % ooo% %..%.%
%.% %% % %% % %G%%.%
%o%    ..     %.G..%
%%%%%%%%%%%%%%%%%%%%
Score: 282
,
2024-09-02 16:54:30,129 - getAction - INFO - O: North
2024-09-02 16:54:30,130 - root - INFO - MinimaxAgent
2024-09-02 16:54:30,131 - getAction - INFO - I: Q2_Agent,%%%%%%%%%%%%%%%%%%%%
%o   %v       %...o%
%.%% % %%  %% %.%%.%
%..         % .....%
%.% %% %% %%% %%.%.%
%.%    % ooo% %G.%.%
%.% %% % %% % %.%%.%
%o%    ..     %..G.%
%%%%%%%%%%%%%%%%%%%%
Score: 281
,
2024-09-02 16:54:30,131 - getAction - INFO - O: South
2024-09-02 16:54:30,132 - root - INFO - MinimaxAgent
2024-09-02 16:54:30,133 - getAction - INFO - I: Q2_Agent,%%%%%%%%%%%%%%%%%%%%
%o   %        %...o%
%.%% %^%%  %% %.%%.%
%..         % .....%
%.% %% %% %%% %%.%.%
%.%    % ooo% %.G%.%
%.% %% % %% % %.%%.%
%o%    ..     %...G%
%%%%%%%%%%%%%%%%%%%%
Score: 280
,
2024-09-02 16:54:30,133 - getAction - INFO - O: North
2024-09-02 16:54:30,133 - root - INFO - MinimaxAgent
2024-09-02 16:54:30,135 - getAction - INFO - I: Q2_Agent,%%%%%%%%%%%%%%%%%%%%
%o   %v       %...o%
%.%% % %%  %% %.%%.%
%..         % .....%
%.% %% %% %%% %%G%.%
%.%    % ooo% %..%.%
%.% %% % %% % %.%%G%
%o%    ..     %....%
%%%%%%%%%%%%%%%%%%%%
Score: 279
,
2024-09-02 16:54:30,135 - getAction - INFO - O: South
2024-09-02 16:54:30,135 - root - INFO - MinimaxAgent
2024-09-02 16:54:30,137 - getAction - INFO - I: Q2_Agent,%%%%%%%%%%%%%%%%%%%%
%o   %        %...o%
%.%% %^%%  %% %.%%.%
%..         % ..G..%
%.% %% %% %%% %%.%.%
%.%    % ooo% %..%G%
%.% %% % %% % %.%%.%
%o%    ..     %....%
%%%%%%%%%%%%%%%%%%%%
Score: 278
,
2024-09-02 16:54:30,137 - getAction - INFO - O: North
2024-09-02 16:54:30,137 - root - INFO - MinimaxAgent
2024-09-02 16:54:30,138 - getAction - INFO - I: Q2_Agent,%%%%%%%%%%%%%%%%%%%%
%o   %v       %...o%
%.%% % %%  %% %.%%.%
%..         % .G...%
%.% %% %% %%% %%.%G%
%.%    % ooo% %..%.%
%.% %% % %% % %.%%.%
%o%    ..     %....%
%%%%%%%%%%%%%%%%%%%%
Score: 277
,
2024-09-02 16:54:30,138 - getAction - INFO - O: South
2024-09-02 16:54:30,139 - root - INFO - MinimaxAgent
2024-09-02 16:54:30,140 - getAction - INFO - I: Q2_Agent,%%%%%%%%%%%%%%%%%%%%
%o   %        %...o%
%.%% %^%%  %% %.%%.%
%..         % G...G%
%.% %% %% %%% %%.%.%
%.%    % ooo% %..%.%
%.% %% % %% % %.%%.%
%o%    ..     %....%
%%%%%%%%%%%%%%%%%%%%
Score: 276
,
2024-09-02 16:54:30,140 - getAction - INFO - O: North
2024-09-02 16:54:30,141 - root - INFO - MinimaxAgent
2024-09-02 16:54:30,142 - getAction - INFO - I: Q2_Agent,%%%%%%%%%%%%%%%%%%%%
%o   %v       %...o%
%.%% % %%  %% %.%%.%
%..         %G...G.%
%.% %% %% %%% %%.%.%
%.%    % ooo% %..%.%
%.% %% % %% % %.%%.%
%o%    ..     %....%
%%%%%%%%%%%%%%%%%%%%
Score: 275
,
2024-09-02 16:54:30,142 - getAction - INFO - O: South
2024-09-02 16:54:30,143 - root - INFO - MinimaxAgent
2024-09-02 16:54:30,145 - getAction - INFO - I: Q2_Agent,%%%%%%%%%%%%%%%%%%%%
%o   %        %...o%
%.%% %^%%  %%G%.%%.%
%..         % ..G..%
%.% %% %% %%% %%.%.%
%.%    % ooo% %..%.%
%.% %% % %% % %.%%.%
%o%    ..     %....%
%%%%%%%%%%%%%%%%%%%%
Score: 274
,
2024-09-02 16:54:30,145 - getAction - INFO - O: North
2024-09-02 16:54:30,145 - root - INFO - MinimaxAgent
2024-09-02 16:54:30,147 - getAction - INFO - I: Q2_Agent,%%%%%%%%%%%%%%%%%%%%
%o   %v      G%...o%
%.%% % %%  %% %.%%.%
%..         % .G...%
%.% %% %% %%% %%.%.%
%.%    % ooo% %..%.%
%.% %% % %% % %.%%.%
%o%    ..     %....%
%%%%%%%%%%%%%%%%%%%%
Score: 273
,
2024-09-02 16:54:30,147 - getAction - INFO - O: South
2024-09-02 16:54:30,148 - root - INFO - MinimaxAgent
2024-09-02 16:54:30,149 - getAction - INFO - I: Q2_Agent,%%%%%%%%%%%%%%%%%%%%
%o   %      G %...o%
%.%% %^%%  %% %.%%.%
%..         % G....%
%.% %% %% %%% %%.%.%
%.%    % ooo% %..%.%
%.% %% % %% % %.%%.%
%o%    ..     %....%
%%%%%%%%%%%%%%%%%%%%
Score: 272
,
2024-09-02 16:54:30,149 - getAction - INFO - O: North
2024-09-02 16:54:30,150 - root - INFO - MinimaxAgent
2024-09-02 16:54:30,151 - getAction - INFO - I: Q2_Agent,%%%%%%%%%%%%%%%%%%%%
%o   %v    G  %...o%
%.%% % %%  %% %.%%.%
%..         %G.....%
%.% %% %% %%% %%.%.%
%.%    % ooo% %..%.%
%.% %% % %% % %.%%.%
%o%    ..     %....%
%%%%%%%%%%%%%%%%%%%%
Score: 271
,
2024-09-02 16:54:30,151 - getAction - INFO - O: South
2024-09-02 16:54:30,152 - root - INFO - MinimaxAgent
2024-09-02 16:54:30,153 - getAction - INFO - I: Q2_Agent,%%%%%%%%%%%%%%%%%%%%
%o   %    G   %...o%
%.%% %^%%  %%G%.%%.%
%..         % .....%
%.% %% %% %%% %%.%.%
%.%    % ooo% %..%.%
%.% %% % %% % %.%%.%
%o%    ..     %....%
%%%%%%%%%%%%%%%%%%%%
Score: 270
,
2024-09-02 16:54:30,153 - getAction - INFO - O: North
2024-09-02 16:54:30,154 - root - INFO - MinimaxAgent
2024-09-02 16:54:30,155 - getAction - INFO - I: Q2_Agent,%%%%%%%%%%%%%%%%%%%%
%o   %v  G   G%...o%
%.%% % %%  %% %.%%.%
%..         % .....%
%.% %% %% %%% %%.%.%
%.%    % ooo% %..%.%
%.% %% % %% % %.%%.%
%o%    ..     %....%
%%%%%%%%%%%%%%%%%%%%
Score: 269
,
2024-09-02 16:54:30,155 - getAction - INFO - O: South
2024-09-02 16:54:30,156 - root - INFO - MinimaxAgent
2024-09-02 16:54:30,157 - getAction - INFO - I: Q2_Agent,%%%%%%%%%%%%%%%%%%%%
%o   %      G %...o%
%.%% %^%%G %% %.%%.%
%..         % .....%
%.% %% %% %%% %%.%.%
%.%    % ooo% %..%.%
%.% %% % %% % %.%%.%
%o%    ..     %....%
%%%%%%%%%%%%%%%%%%%%
Score: 268
,
2024-09-02 16:54:30,157 - getAction - INFO - O: North
2024-09-02 16:54:30,157 - root - INFO - MinimaxAgent
2024-09-02 16:54:30,159 - getAction - INFO - I: Q2_Agent,%%%%%%%%%%%%%%%%%%%%
%o   %v    G  %...o%
%.%% % %% G%% %.%%.%
%..         % .....%
%.% %% %% %%% %%.%.%
%.%    % ooo% %..%.%
%.% %% % %% % %.%%.%
%o%    ..     %....%
%%%%%%%%%%%%%%%%%%%%
Score: 267
,
2024-09-02 16:54:30,159 - getAction - INFO - O: South
2024-09-02 16:54:30,159 - root - INFO - MinimaxAgent
2024-09-02 16:54:30,161 - getAction - INFO - I: Q2_Agent,%%%%%%%%%%%%%%%%%%%%
%o   %    G   %...o%
%.%% %^%%  %% %.%%.%
%..       G % .....%
%.% %% %% %%% %%.%.%
%.%    % ooo% %..%.%
%.% %% % %% % %.%%.%
%o%    ..     %....%
%%%%%%%%%%%%%%%%%%%%
Score: 266
,
2024-09-02 16:54:30,161 - getAction - INFO - O: North
2024-09-02 16:54:30,162 - root - INFO - MinimaxAgent
2024-09-02 16:54:30,163 - getAction - INFO - I: Q2_Agent,%%%%%%%%%%%%%%%%%%%%
%o   %v       %...o%
%.%% % %% G%% %.%%.%
%..      G  % .....%
%.% %% %% %%% %%.%.%
%.%    % ooo% %..%.%
%.% %% % %% % %.%%.%
%o%    ..     %....%
%%%%%%%%%%%%%%%%%%%%
Score: 265
,
2024-09-02 16:54:30,163 - getAction - INFO - O: South
2024-09-02 16:54:30,163 - root - INFO - MinimaxAgent
2024-09-02 16:54:30,165 - getAction - INFO - I: Q2_Agent,%%%%%%%%%%%%%%%%%%%%
%o   %        %...o%
%.%% %^%%G %% %.%%.%
%..       G % .....%
%.% %% %% %%% %%.%.%
%.%    % ooo% %..%.%
%.% %% % %% % %.%%.%
%o%    ..     %....%
%%%%%%%%%%%%%%%%%%%%
Score: 264
,
2024-09-02 16:54:30,165 - getAction - INFO - O: North
2024-09-02 16:54:30,166 - root - INFO - MinimaxAgent
2024-09-02 16:54:30,167 - getAction - INFO - I: Q2_Agent,%%%%%%%%%%%%%%%%%%%%
%o   %v  G    %...o%
%.%% % %%  %% %.%%.%
%..      G  % .....%
%.% %% %% %%% %%.%.%
%.%    % ooo% %..%.%
%.% %% % %% % %.%%.%
%o%    ..     %....%
%%%%%%%%%%%%%%%%%%%%
Score: 263
,
2024-09-02 16:54:30,167 - getAction - INFO - O: South
2024-09-02 16:54:30,168 - root - INFO - MinimaxAgent
2024-09-02 16:54:30,169 - getAction - INFO - I: Q2_Agent,%%%%%%%%%%%%%%%%%%%%
%o   %  G     %...o%
%.%% %^%%  %% %.%%.%
%..         % .....%
%.% %% %%G%%% %%.%.%
%.%    % ooo% %..%.%
%.% %% % %% % %.%%.%
%o%    ..     %....%
%%%%%%%%%%%%%%%%%%%%
Score: 262
,
2024-09-02 16:54:30,169 - getAction - INFO - O: North
2024-09-02 16:54:30,170 - root - INFO - MinimaxAgent
2024-09-02 16:54:30,171 - getAction - INFO - I: Q2_Agent,%%%%%%%%%%%%%%%%%%%%
%o   %vG      %...o%
%.%% % %%  %% %.%%.%
%..         % .....%
%.% %% %% %%% %%.%.%
%.%    % ooo% %..%.%
%.% %% % %% % %.%%.%
%o%    ..     %....%
%%%%%%%%%%%%%%%%%%%%
Score: 261
,
2024-09-02 16:54:30,171 - getAction - INFO - O: South
2024-09-02 16:54:30,171 - root - INFO - MinimaxAgent
2024-09-02 16:54:30,172 - getAction - INFO - I: Q2_Agent,%%%%%%%%%%%%%%%%%%%%
%o   %G       %...o%
%.%% %^%%  %% %.%%.%
%..         % .....%
%.% %% %% %%% %%.%.%
%.%    % ooo% %..%.%
%.% %% % %% % %.%%.%
%o%    ..     %....%
%%%%%%%%%%%%%%%%%%%%
Score: 260
,
2024-09-02 16:54:30,172 - getAction - INFO - O: South
2024-09-02 16:54:30,173 - root - INFO - MinimaxAgent
2024-09-02 16:54:30,175 - getAction - INFO - I: Q2_Agent,%%%%%%%%%%%%%%%%%%%%
%o   %        %...o%
%.%% %G%%  %% %.%%.%
%..   ^     % .....%
%.% %% %% %%% %%.%.%
%.%    % ooo% %..%.%
%.% %% % %% % %.%%.%
%o%    ..     %....%
%%%%%%%%%%%%%%%%%%%%
Score: 259
,
2024-09-02 16:54:30,175 - getAction - INFO - O: South
2024-09-02 16:54:30,176 - root - INFO - MinimaxAgent
2024-09-02 16:54:30,176 - getAction - INFO - I: Q2_Agent,%%%%%%%%%%%%%%%%%%%%
%o   %        %...o%
%.%% % %%  %% %.%%.%
%..   G     % .....%
%.% %%^%% %%% %%.%.%
%.%    % ooo% %..%.%
%.% %% % %%G% %.%%.%
%o%    ..     %....%
%%%%%%%%%%%%%%%%%%%%
Score: 258
,
2024-09-02 16:54:30,176 - getAction - INFO - O: South
2024-09-02 16:54:30,177 - root - INFO - MinimaxAgent
2024-09-02 16:54:30,179 - getAction - INFO - I: Q2_Agent,%%%%%%%%%%%%%%%%%%%%
%o   %        %...o%
%.%% % %%  %% %.%%.%
%..    G    % .....%
%.% %% %% %%% %%.%.%
%.%   ^% ooo% %..%.%
%.% %% % %% % %.%%.%
%o%    ..  G  %....%
%%%%%%%%%%%%%%%%%%%%
Score: 257
,
2024-09-02 16:54:30,179 - getAction - INFO - O: North
2024-09-02 16:54:30,180 - root - INFO - MinimaxAgent
2024-09-02 16:54:30,181 - getAction - INFO - I: Q2_Agent,%%%%%%%%%%%%%%%%%%%%
%o   %        %...o%
%.%% % %%  %% %.%%.%
%..     G   % .....%
%.% %%v%% %%% %%.%.%
%.%    % ooo% %..%.%
%.% %% % %% % %.%%.%
%o%    .. G   %....%
%%%%%%%%%%%%%%%%%%%%
Score: 256
,
2024-09-02 16:54:30,181 - getAction - INFO - O: North
2024-09-02 16:54:30,181 - root - INFO - MinimaxAgent
2024-09-02 16:54:30,182 - getAction - INFO - I: Q2_Agent,%%%%%%%%%%%%%%%%%%%%
%o   %        %...o%
%.%% % %%  %% %.%%.%
%..   v  G  % .....%
%.% %% %% %%% %%.%.%
%.%    % ooo% %..%.%
%.% %% % %% % %.%%.%
%o%    ..G    %....%
%%%%%%%%%%%%%%%%%%%%
Score: 255
,
2024-09-02 16:54:30,184 - getAction - INFO - O: North
2024-09-02 16:54:30,184 - root - INFO - MinimaxAgent
2024-09-02 16:54:30,185 - getAction - INFO - I: Q2_Agent,%%%%%%%%%%%%%%%%%%%%
%o   %        %...o%
%.%% %v%%  %% %.%%.%
%..       G % .....%
%.% %% %% %%% %%.%.%
%.%    % ooo% %..%.%
%.% %% % %% % %.%%.%
%o%    .G     %....%
%%%%%%%%%%%%%%%%%%%%
Score: 254
,
2024-09-02 16:54:30,186 - getAction - INFO - O: North
2024-09-02 16:54:30,186 - root - INFO - MinimaxAgent
2024-09-02 16:54:30,188 - getAction - INFO - I: Q2_Agent,%%%%%%%%%%%%%%%%%%%%
%o   %v       %...o%
%.%% % %%  %% %.%%.%
%..        G% .....%
%.% %% %% %%% %%.%.%
%.%    % ooo% %..%.%
%.% %% % %% % %.%%.%
%o%    G.     %....%
%%%%%%%%%%%%%%%%%%%%
Score: 253
,
2024-09-02 16:54:30,188 - getAction - INFO - O: South
2024-09-02 16:54:30,189 - root - INFO - MinimaxAgent
2024-09-02 16:54:30,190 - getAction - INFO - I: Q2_Agent,%%%%%%%%%%%%%%%%%%%%
%o   %        %...o%
%.%% %^%%  %% %.%%.%
%..       G % .....%
%.% %% %% %%% %%.%.%
%.%    % ooo% %..%.%
%.% %% % %% % %.%%.%
%o%   G..     %....%
%%%%%%%%%%%%%%%%%%%%
Score: 252
,
2024-09-02 16:54:30,190 - getAction - INFO - O: North
2024-09-02 16:54:30,191 - root - INFO - MinimaxAgent
2024-09-02 16:54:30,192 - getAction - INFO - I: Q2_Agent,%%%%%%%%%%%%%%%%%%%%
%o   %v       %...o%
%.%% % %% G%% %.%%.%
%..         % .....%
%.% %% %% %%% %%.%.%
%.%    % ooo% %..%.%
%.% %% % %% % %.%%.%
%o%  G ..     %....%
%%%%%%%%%%%%%%%%%%%%
Score: 251
,
2024-09-02 16:54:30,192 - getAction - INFO - O: South
2024-09-02 16:54:30,193 - root - INFO - MinimaxAgent
2024-09-02 16:54:30,193 - getAction - INFO - I: Q2_Agent,%%%%%%%%%%%%%%%%%%%%
%o   %        %...o%
%.%% %^%%G %% %.%%.%
%..         % .....%
%.% %% %% %%% %%.%.%
%.%    % ooo% %..%.%
%.% %% % %% % %.%%.%
%o% G  ..     %....%
%%%%%%%%%%%%%%%%%%%%
Score: 250
,
2024-09-02 16:54:30,193 - getAction - INFO - O: North
2024-09-02 16:54:30,195 - root - INFO - MinimaxAgent
2024-09-02 16:54:30,196 - getAction - INFO - I: Q2_Agent,%%%%%%%%%%%%%%%%%%%%
%o   %v       %...o%
%.%% % %%  %% %.%%.%
%..      G  % .....%
%.% %% %% %%% %%.%.%
%.%    % ooo% %..%.%
%.% %% % %% % %.%%.%
%o%G   ..     %....%
%%%%%%%%%%%%%%%%%%%%
Score: 249
,
2024-09-02 16:54:30,196 - getAction - INFO - O: South
2024-09-02 16:54:30,197 - root - INFO - MinimaxAgent
2024-09-02 16:54:30,197 - getAction - INFO - I: Q2_Agent,%%%%%%%%%%%%%%%%%%%%
%o   %        %...o%
%.%% %^%%  %% %.%%.%
%..         % .....%
%.% %% %%G%%% %%.%.%
%.%    % ooo% %..%.%
%.%G%% % %% % %.%%.%
%o%    ..     %....%
%%%%%%%%%%%%%%%%%%%%
Score: 248
,
2024-09-02 16:54:30,197 - getAction - INFO - O: North
2024-09-02 16:54:30,198 - root - INFO - MinimaxAgent
2024-09-02 16:54:30,199 - getAction - INFO - I: Q2_Agent,%%%%%%%%%%%%%%%%%%%%
%o   %v       %...o%
%.%% % %%  %% %.%%.%
%..         % .....%
%.% %% %% %%% %%.%.%
%.%G   % ooo% %..%.%
%.% %% % %% % %.%%.%
%o%    ..     %....%
%%%%%%%%%%%%%%%%%%%%
Score: 247
,
2024-09-02 16:54:30,199 - getAction - INFO - O: South
2024-09-02 16:54:30,200 - root - INFO - MinimaxAgent
2024-09-02 16:54:30,201 - getAction - INFO - I: Q2_Agent,%%%%%%%%%%%%%%%%%%%%
%o   %        %...o%
%.%% %^%%  %% %.%%.%
%..         % .....%
%.%G%% %% %%% %%.%.%
%.%    %Gooo% %..%.%
%.% %% % %% % %.%%.%
%o%    ..     %....%
%%%%%%%%%%%%%%%%%%%%
Score: 246
,
2024-09-02 16:54:30,201 - getAction - INFO - O: North
2024-09-02 16:54:30,202 - root - INFO - MinimaxAgent
2024-09-02 16:54:30,203 - getAction - INFO - I: Q2_Agent,%%%%%%%%%%%%%%%%%%%%
%o   %v       %...o%
%.%% % %%  %% %.%%.%
%..G        % .....%
%.% %% %% %%% %%.%.%
%.%    % ooo% %..%.%
%.% %% %G%% % %.%%.%
%o%    ..     %....%
%%%%%%%%%%%%%%%%%%%%
Score: 245
,
2024-09-02 16:54:30,203 - getAction - INFO - O: South
2024-09-02 16:54:30,204 - root - INFO - MinimaxAgent
2024-09-02 16:54:30,205 - getAction - INFO - I: Q2_Agent,%%%%%%%%%%%%%%%%%%%%
%o   %        %...o%
%.%% %^%%  %% %.%%.%
%.. G       % .....%
%.% %% %% %%% %%.%.%
%.%    % ooo% %..%.%
%.% %% % %% % %.%%.%
%o%    .G     %....%
%%%%%%%%%%%%%%%%%%%%
Score: 244
,
2024-09-02 16:54:30,205 - getAction - INFO - O: North
2024-09-02 16:54:30,207 - root - INFO - MinimaxAgent
2024-09-02 16:54:30,208 - getAction - INFO - I: Q2_Agent,%%%%%%%%%%%%%%%%%%%%
%o   %v       %...o%
%.%% % %%  %% %.%%.%
%..  G      % .....%
%.% %% %% %%% %%.%.%
%.%    % ooo% %..%.%
%.% %% % %% % %.%%.%
%o%    G.     %....%
%%%%%%%%%%%%%%%%%%%%
Score: 243
,
2024-09-02 16:54:30,208 - getAction - INFO - O: South
2024-09-02 16:54:30,209 - root - INFO - MinimaxAgent
2024-09-02 16:54:30,210 - getAction - INFO - I: Q2_Agent,%%%%%%%%%%%%%%%%%%%%
%o   %        %...o%
%.%% %^%%  %% %.%%.%
%..   G     % .....%
%.% %% %% %%% %%.%.%
%.%    % ooo% %..%.%
%.% %% % %% % %.%%.%
%o%   G..     %....%
%%%%%%%%%%%%%%%%%%%%
Score: 242
,
2024-09-02 16:54:30,210 - getAction - INFO - O: North
2024-09-02 16:54:30,211 - root - INFO - MinimaxAgent
2024-09-02 16:54:30,213 - getAction - INFO - I: Q2_Agent,%%%%%%%%%%%%%%%%%%%%
%o   %v       %...o%
%.%% %G%%  %% %.%%.%
%..         % .....%
%.% %% %% %%% %%.%.%
%.%    % ooo% %..%.%
%.% %% % %% % %.%%.%
%o%  G ..     %....%
%%%%%%%%%%%%%%%%%%%%
Score: 241
,
2024-09-02 16:54:30,213 - getAction - INFO - O: East
2024-09-02 16:54:30,213 - root - INFO - MinimaxAgent
2024-09-02 16:54:30,215 - getAction - INFO - I: Q2_Agent,%%%%%%%%%%%%%%%%%%%%
%o   %G<      %...o%
%.%% % %%  %% %.%%.%
%..         % .....%
%.% %% %% %%% %%.%.%
%.%    % ooo% %..%.%
%.% %% % %% % %.%%.%
%o% G  ..     %....%
%%%%%%%%%%%%%%%%%%%%
Score: 240
,
2024-09-02 16:54:30,215 - getAction - INFO - O: East
2024-09-02 16:54:30,215 - root - INFO - MinimaxAgent
2024-09-02 16:54:30,217 - getAction - INFO - I: Q2_Agent,%%%%%%%%%%%%%%%%%%%%
%o   % G<     %...o%
%.%% % %%  %% %.%%.%
%..         % .....%
%.% %% %% %%% %%.%.%
%.%    % ooo% %..%.%
%.% %% % %% % %.%%.%
%o%G   ..     %....%
%%%%%%%%%%%%%%%%%%%%
Score: 239
,
2024-09-02 16:54:30,217 - getAction - INFO - O: East
2024-09-02 16:54:30,218 - root - INFO - MinimaxAgent
2024-09-02 16:54:30,219 - getAction - INFO - I: Q2_Agent,%%%%%%%%%%%%%%%%%%%%
%o   %  G<    %...o%
%.%% % %%  %% %.%%.%
%..         % .....%
%.% %% %% %%% %%.%.%
%.%    % ooo% %..%.%
%.%G%% % %% % %.%%.%
%o%    ..     %....%
%%%%%%%%%%%%%%%%%%%%
Score: 238
,
2024-09-02 16:54:30,219 - getAction - INFO - O: South
2024-09-02 16:54:30,220 - root - INFO - MinimaxAgent
2024-09-02 16:54:30,221 - getAction - INFO - I: Q2_Agent,%%%%%%%%%%%%%%%%%%%%
%o   %   G    %...o%
%.%% % %%^ %% %.%%.%
%..         % .....%
%.% %% %% %%% %%.%.%
%.%G   % ooo% %..%.%
%.% %% % %% % %.%%.%
%o%    ..     %....%
%%%%%%%%%%%%%%%%%%%%
Score: 237
,
2024-09-02 16:54:30,221 - getAction - INFO - O: South
2024-09-02 16:54:30,221 - root - INFO - MinimaxAgent
2024-09-02 16:54:30,223 - getAction - INFO - I: Q2_Agent,%%%%%%%%%%%%%%%%%%%%
%o   %    G   %...o%
%.%% % %%  %% %.%%.%
%..      ^  % .....%
%.%G%% %% %%% %%.%.%
%.%    % ooo% %..%.%
%.% %% % %% % %.%%.%
%o%    ..     %....%
%%%%%%%%%%%%%%%%%%%%
Score: 236
,
2024-09-02 16:54:30,223 - getAction - INFO - O: North
2024-09-02 16:54:30,223 - root - INFO - MinimaxAgent
2024-09-02 16:54:30,225 - getAction - INFO - I: Q2_Agent,%%%%%%%%%%%%%%%%%%%%
%o   %        %...o%
%.%% % %%vG%% %.%%.%
%..G        % .....%
%.% %% %% %%% %%.%.%
%.%    % ooo% %..%.%
%.% %% % %% % %.%%.%
%o%    ..     %....%
%%%%%%%%%%%%%%%%%%%%
Score: 235
,
2024-09-02 16:54:30,225 - getAction - INFO - O: North
2024-09-02 16:54:30,226 - root - INFO - MinimaxAgent
2024-09-02 16:54:30,227 - getAction - INFO - I: Q2_Agent,%%%%%%%%%%%%%%%%%%%%
%o   %   v    %...o%
%.%% % %%  %% %.%%.%
%.. G     G % .....%
%.% %% %% %%% %%.%.%
%.%    % ooo% %..%.%
%.% %% % %% % %.%%.%
%o%    ..     %....%
%%%%%%%%%%%%%%%%%%%%
Score: 234
,
2024-09-02 16:54:30,228 - getAction - INFO - O: South
2024-09-02 16:54:30,228 - root - INFO - MinimaxAgent
2024-09-02 16:54:30,230 - getAction - INFO - I: Q2_Agent,%%%%%%%%%%%%%%%%%%%%
%o   %        %...o%
%.%% % %%^ %% %.%%.%
%..  G     G% .....%
%.% %% %% %%% %%.%.%
%.%    % ooo% %..%.%
%.% %% % %% % %.%%.%
%o%    ..     %....%
%%%%%%%%%%%%%%%%%%%%
Score: 233
,
2024-09-02 16:54:30,230 - getAction - INFO - O: North
2024-09-02 16:54:30,230 - root - INFO - MinimaxAgent
2024-09-02 16:54:30,232 - getAction - INFO - I: Q2_Agent,%%%%%%%%%%%%%%%%%%%%
%o   %   v    %...o%
%.%% % %%  %% %.%%.%
%..   G   G % .....%
%.% %% %% %%% %%.%.%
%.%    % ooo% %..%.%
%.% %% % %% % %.%%.%
%o%    ..     %....%
%%%%%%%%%%%%%%%%%%%%
Score: 232
,
2024-09-02 16:54:30,232 - getAction - INFO - O: South
2024-09-02 16:54:30,233 - root - INFO - MinimaxAgent
2024-09-02 16:54:30,233 - getAction - INFO - I: Q2_Agent,%%%%%%%%%%%%%%%%%%%%
%o   %        %...o%
%.%% %G%%^G%% %.%%.%
%..         % .....%
%.% %% %% %%% %%.%.%
%.%    % ooo% %..%.%
%.% %% % %% % %.%%.%
%o%    ..     %....%
%%%%%%%%%%%%%%%%%%%%
Score: 231
,
2024-09-02 16:54:30,235 - getAction - INFO - O: North
2024-09-02 16:54:30,235 - root - INFO - MinimaxAgent
2024-09-02 16:54:30,237 - getAction - INFO - I: Q2_Agent,%%%%%%%%%%%%%%%%%%%%
%o   %G  v    %...o%
%.%% % %%G %% %.%%.%
%..         % .....%
%.% %% %% %%% %%.%.%
%.%    % ooo% %..%.%
%.% %% % %% % %.%%.%
%o%    ..     %....%
%%%%%%%%%%%%%%%%%%%%
Score: 230
,
2024-09-02 16:54:30,237 - getAction - INFO - O: East
2024-09-02 16:54:30,238 - root - INFO - MinimaxAgent
2024-09-02 16:54:30,239 - getAction - INFO - I: Q2_Agent,%%%%%%%%%%%%%%%%%%%%
%o   % G G<   %...o%
%.%% % %%  %% %.%%.%
%..         % .....%
%.% %% %% %%% %%.%.%
%.%    % ooo% %..%.%
%.% %% % %% % %.%%.%
%o%    ..     %....%
%%%%%%%%%%%%%%%%%%%%
Score: 229
,
2024-09-02 16:54:30,239 - getAction - INFO - O: South
2024-09-02 16:54:30,240 - root - INFO - MinimaxAgent
2024-09-02 16:54:30,241 - getAction - INFO - I: Q2_Agent,%%%%%%%%%%%%%%%%%%%%
%o   %  G G   %...o%
%.%% % %% ^%% %.%%.%
%..         % .....%
%.% %% %% %%% %%.%.%
%.%    % ooo% %..%.%
%.% %% % %% % %.%%.%
%o%    ..     %....%
%%%%%%%%%%%%%%%%%%%%
Score: 228
,
2024-09-02 16:54:30,241 - getAction - INFO - O: South
2024-09-02 16:54:30,242 - root - INFO - MinimaxAgent
2024-09-02 16:54:30,243 - getAction - INFO - I: Q2_Agent,%%%%%%%%%%%%%%%%%%%%
%o   %   G    %...o%
%.%% % %% G%% %.%%.%
%..       ^ % .....%
%.% %% %% %%% %%.%.%
%.%    % ooo% %..%.%
%.% %% % %% % %.%%.%
%o%    ..     %....%
%%%%%%%%%%%%%%%%%%%%
Score: 227
,
2024-09-02 16:54:30,243 - getAction - INFO - O: East
2024-09-02 16:54:30,244 - root - INFO - MinimaxAgent
2024-09-02 16:54:30,245 - getAction - INFO - I: Q2_Agent,%%%%%%%%%%%%%%%%%%%%
%o   %        %...o%
%.%% % %%G %% %.%%.%
%..        <% .....%
%.% %% %% %%% %%.%.%
%.%    % ooo% %..%.%
%.% %% % %% % %.%%.%
%o%    ..     %....%
%%%%%%%%%%%%%%%%%%%%
Score: 226
,
2024-09-02 16:54:30,245 - getAction - INFO - O: West
2024-09-02 16:54:30,245 - root - INFO - MinimaxAgent
2024-09-02 16:54:30,246 - getAction - INFO - I: Q2_Agent,%%%%%%%%%%%%%%%%%%%%
%o   %   G    %...o%
%.%% % %% G%% %.%%.%
%..       > % .....%
%.% %% %% %%% %%.%.%
%.%    % ooo% %..%.%
%.% %% % %% % %.%%.%
%o%    ..     %....%
%%%%%%%%%%%%%%%%%%%%
Score: 225
,
2024-09-02 16:54:30,246 - getAction - INFO - O: East
2024-09-02 16:54:30,247 - root - INFO - MinimaxAgent
2024-09-02 16:54:30,248 - getAction - INFO - I: Q2_Agent,%%%%%%%%%%%%%%%%%%%%
%o   %    G   %...o%
%.%% % %%  %% %.%%.%
%..       G<% .....%
%.% %% %% %%% %%.%.%
%.%    % ooo% %..%.%
%.% %% % %% % %.%%.%
%o%    ..     %....%
%%%%%%%%%%%%%%%%%%%%
Score: 224
,
2024-09-02 16:54:30,248 - getAction - INFO - O: West
2024-09-02 16:54:30,248 - root - INFO - Remaining Food: 29
2024-09-02 16:54:30,249 - root - INFO - moveHistory: [[(0, 'East'), (1, 'West'), (2, 'North'), (0, 'East'), (1, 'West'), (2, 'West'), (0, 'East'), (1, 'West'), (2, 'South'), (0, 'East'), (1, 'West'), (2, 'West'), (0, 'North'), (1, 'West'), (2, 'West'), (0, 'North'), (1, 'West'), (2, 'West'), (0, 'North'), (1, 'West'), (2, 'West'), (0, 'North'), (1, 'North'), (2, 'West'), (0, 'North'), (1, 'North'), (2, 'North'), (0, 'North'), (1, 'East'), (2, 'North'), (0, 'West'), (1, 'East'), (2, 'West'), (0, 'West'), (1, 'East'), (2, 'West'), (0, 'West'), (1, 'South'), (2, 'West'), (0, 'South'), (1, 'South'), (2, 'South'), (0, 'West'), (1, 'West'), (2, 'South'), (0, 'North'), (1, 'West'), (2, 'East'), (0, 'West'), (1, 'West'), (2, 'East'), (0, 'West'), (1, 'South'), (2, 'South'), (0, 'West'), (1, 'South'), (2, 'South'), (0, 'South'), (1, 'South'), (2, 'East'), (0, 'South'), (1, 'South'), (2, 'East'), (0, 'South'), (1, 'North'), (2, 'East'), (0, 'North'), (1, 'North'), (2, 'North'), (0, 'West'), (1, 'North'), (2, 'North'), (0, 'West'), (1, 'North'), (2, 'North'), (0, 'North'), (1, 'East'), (2, 'North'), (0, 'North'), (1, 'East'), (2, 'East'), (0, 'West'), (1, 'South'), (2, 'East'), (0, 'West'), (1, 'South'), (2, 'East'), (0, 'East'), (1, 'South'), (2, 'South'), (0, 'East'), (1, 'South'), (2, 'East'), (0, 'South'), (1, 'East'), (2, 'South'), (0, 'North'), (1, 'East'), (2, 'East'), (0, 'South'), (1, 'East'), (2, 'West'), (0, 'North'), (1, 'East'), (2, 'West'), (0, 'South'), (1, 'East'), (2, 'West'), (0, 'North'), (1, 'East'), (2, 'West'), (0, 'South'), (1, 'East'), (2, 'West'), (0, 'North'), (1, 'East'), (2, 'West'), (0, 'South'), (1, 'North'), (2, 'West'), (0, 'North'), (1, 'North'), (2, 'West'), (0, 'South'), (1, 'West'), (2, 'West'), (0, 'North'), (1, 'West'), (2, 'West'), (0, 'South'), (1, 'North'), (2, 'North'), (0, 'North'), (1, 'North'), (2, 'North'), (0, 'South'), (1, 'North'), (2, 'East'), (0, 'North'), (1, 'East'), (2, 'East'), (0, 'South'), (1, 'South'), (2, 'East'), (0, 'South'), (1, 'East'), (2, 'South'), (0, 'West'), (1, 'West'), (2, 'South'), (0, 'South'), (1, 'West'), (2, 'East'), (0, 'South'), (1, 'West'), (2, 'East'), (0, 'South'), (1, 'West'), (2, 'East'), (0, 'South'), (1, 'West'), (2, 'East'), (0, 'East'), (1, 'North'), (2, 'East'), (0, 'East'), (1, 'North'), (2, 'East'), (0, 'East'), (1, 'East'), (2, 'East'), (0, 'North'), (1, 'East'), (2, 'West'), (0, 'North'), (1, 'East'), (2, 'West'), (0, 'West'), (1, 'South'), (2, 'West'), (0, 'West'), (1, 'East'), (2, 'West'), (0, 'East'), (1, 'North'), (2, 'West'), (0, 'East'), (1, 'East'), (2, 'West'), (0, 'North'), (1, 'East'), (2, 'West'), (0, 'North'), (1, 'East'), (2, 'West'), (0, 'North'), (1, 'South'), (2, 'West'), (0, 'North'), (1, 'South'), (2, 'West'), (0, 'South'), (1, 'East'), (2, 'South'), (0, 'North'), (1, 'East'), (2, 'South'), (0, 'South'), (1, 'North'), (2, 'South'), (0, 'North'), (1, 'North'), (2, 'South'), (0, 'South'), (1, 'East'), (2, 'North'), (0, 'North'), (1, 'East'), (2, 'North'), (0, 'South'), (1, 'East'), (2, 'North'), (0, 'North'), (1, 'South'), (2, 'North'), (0, 'South'), (1, 'South'), (2, 'East'), (0, 'North'), (1, 'South'), (2, 'East'), (0, 'South'), (1, 'South'), (2, 'East'), (0, 'North'), (1, 'South'), (2, 'East'), (0, 'South'), (1, 'South'), (2, 'East'), (0, 'North'), (1, 'West'), (2, 'East'), (0, 'South'), (1, 'West'), (2, 'East'), (0, 'North'), (1, 'West'), (2, 'East'), (0, 'South'), (1, 'North'), (2, 'East'), (0, 'North'), (1, 'North'), (2, 'East'), (0, 'South'), (1, 'East'), (2, 'West'), (0, 'North'), (1, 'North'), (2, 'North'), (0, 'South'), (1, 'North'), (2, 'North'), (0, 'North'), (1, 'East'), (2, 'West'), (0, 'South'), (1, 'East'), (2, 'South'), (0, 'North'), (1, 'South'), (2, 'South'), (0, 'South'), (1, 'South'), (2, 'East'), (0, 'North'), (1, 'South'), (2, 'East'), (0, 'South'), (1, 'South'), (2, 'West'), (0, 'North'), (1, 'West'), (2, 'West'), (0, 'South'), (1, 'West'), (2, 'South'), (0, 'North'), (1, 'West'), (2, 'South'), (0, 'South'), (1, 'North'), (2, 'West'), (0, 'North'), (1, 'North'), (2, 'South'), (0, 'South'), (1, 'East'), (2, 'South'), (0, 'North'), (1, 'North'), (2, 'East'), (0, 'South'), (1, 'North'), (2, 'East'), (0, 'North'), (1, 'West'), (2, 'East'), (0, 'South'), (1, 'North'), (2, 'East'), (0, 'North'), (1, 'North'), (2, 'East'), (0, 'South'), (1, 'East'), (2, 'North'), (0, 'North'), (1, 'East'), (2, 'North'), (0, 'South'), (1, 'East'), (2, 'North'), (0, 'North'), (1, 'South'), (2, 'North'), (0, 'South'), (1, 'South'), (2, 'East'), (0, 'North'), (1, 'South'), (2, 'East'), (0, 'South'), (1, 'South'), (2, 'East'), (0, 'North'), (1, 'South'), (2, 'South'), (0, 'South'), (1, 'South'), (2, 'South'), (0, 'North'), (1, 'West'), (2, 'West'), (0, 'South'), (1, 'West'), (2, 'South'), (0, 'North'), (1, 'West'), (2, 'South'), (0, 'South'), (1, 'North'), (2, 'East'), (0, 'North'), (1, 'North'), (2, 'East'), (0, 'South'), (1, 'East'), (2, 'East'), (0, 'North'), (1, 'North'), (2, 'North'), (0, 'South'), (1, 'North'), (2, 'North'), (0, 'North'), (1, 'West'), (2, 'North'), (0, 'South'), (1, 'West'), (2, 'North'), (0, 'North'), (1, 'West'), (2, 'West'), (0, 'South'), (1, 'North'), (2, 'West'), (0, 'North'), (1, 'North'), (2, 'West'), (0, 'South'), (1, 'West'), (2, 'West'), (0, 'North'), (1, 'West'), (2, 'West'), (0, 'South'), (1, 'West'), (2, 'North'), (0, 'North'), (1, 'West'), (2, 'North'), (0, 'South'), (1, 'South'), (2, 'West'), (0, 'North'), (1, 'East'), (2, 'West'), (0, 'South'), (1, 'South'), (2, 'West'), (0, 'North'), (1, 'West'), (2, 'South'), (0, 'South'), (1, 'North'), (2, 'South'), (0, 'North'), (1, 'North'), (2, 'West'), (0, 'South'), (1, 'West'), (2, 'South'), (0, 'North'), (1, 'West'), (2, 'South'), (0, 'South'), (1, 'West'), (2, 'East'), (0, 'South'), (1, 'South'), (2, 'East'), (0, 'South'), (1, 'South'), (2, 'South'), (0, 'South'), (1, 'East'), (2, 'South'), (0, 'North'), (1, 'East'), (2, 'West'), (0, 'North'), (1, 'East'), (2, 'West'), (0, 'North'), (1, 'East'), (2, 'West'), (0, 'North'), (1, 'East'), (2, 'West'), (0, 'South'), (1, 'West'), (2, 'West'), (0, 'North'), (1, 'North'), (2, 'West'), (0, 'South'), (1, 'West'), (2, 'West'), (0, 'North'), (1, 'South'), (2, 'West'), (0, 'South'), (1, 'South'), (2, 'North'), (0, 'North'), (1, 'South'), (2, 'North'), (0, 'South'), (1, 'West'), (2, 'North'), (0, 'North'), (1, 'South'), (2, 'North'), (0, 'South'), (1, 'South'), (2, 'East'), (0, 'North'), (1, 'West'), (2, 'East'), (0, 'South'), (1, 'West'), (2, 'East'), (0, 'North'), (1, 'West'), (2, 'North'), (0, 'East'), (1, 'West'), (2, 'North'), (0, 'East'), (1, 'West'), (2, 'East'), (0, 'East'), (1, 'North'), (2, 'East'), (0, 'South'), (1, 'North'), (2, 'East'), (0, 'South'), (1, 'North'), (2, 'East'), (0, 'North'), (1, 'North'), (2, 'South'), (0, 'North'), (1, 'East'), (2, 'South'), (0, 'South'), (1, 'East'), (2, 'East'), (0, 'North'), (1, 'East'), (2, 'West'), (0, 'South'), (1, 'North'), (2, 'North'), (0, 'North'), (1, 'North'), (2, 'West'), (0, 'East'), (1, 'East'), (2, 'North'), (0, 'South'), (1, 'East'), (2, 'East'), (0, 'South'), (1, 'East'), (2, 'South'), (0, 'East'), (1, 'South'), (2, 'West'), (0, 'West'), (1, 'East'), (2, 'North'), (0, 'East'), (1, 'South'), (2, 'East'), (0, 'West')]]
2024-09-02 16:54:30,249 - root - INFO - pathLength: [529]
2024-09-02 16:54:30,249 - root - INFO - Average Score: -277.00
2024-09-02 16:54:30,249 - root - INFO - Scores: -277.0
2024-09-02 16:54:30,249 - root - INFO - Win Rate:      0/1 (0.00)
2024-09-02 16:54:30,249 - root - INFO - Record:       Loss
