2024-09-02 16:54:29,536 - root - INFO - Logger Version: 2.0.0
2024-09-02 16:54:29,537 - main - INFO - input_args: dict_items([('layout', './layouts\\q2_capsuleClassic.lay'), ('pacman', <Q2_Agent.Q2_Agent object at 0x00000293DB16DF40>), ('ghosts', [<RandomGhost.RandomGhost object at 0x00000293DCDB46E0>, <RandomGhost.RandomGhost object at 0x00000293DCE5DF70>, <RandomGhost.RandomGhost object at 0x00000293DCE5DE80>, <RandomGhost.RandomGhost object at 0x00000293DCE5DFA0>]), ('display', <textDisplay.NullGraphics object at 0x00000293DCE5E030>), ('numGames', 1), ('record', False), ('catchExceptions', True), ('timeout', 30), ('outfile', 'q2_capsuleClassic')])
2024-09-02 16:54:29,537 - root - INFO - runGames
2024-09-02 16:54:29,537 - root - INFO - 0/1
2024-09-02 16:54:29,538 - root - INFO - newGame
2024-09-02 16:54:29,538 - root - INFO - layout: %%%%%%%%%%%%%%%%%%%
% .       G   ....%
%.% % %%%%%% %.%%.%
%.%o% %   o% %.o%.%
%.%%%.%  %%% %..%.%
%.....  P    %..%G%
%%%%%%%%%%%%%%%%%%%%
2024-09-02 16:54:29,538 - root - INFO - runGame
2024-09-02 16:54:29,538 - root - INFO - #agents:3
2024-09-02 16:54:29,538 - root - INFO - #pacman:1
2024-09-02 16:54:29,538 - root - INFO - #ghosts:2
2024-09-02 16:54:29,538 - root - INFO - MinimaxAgent
2024-09-02 16:54:29,540 - getAction - INFO - I: Q2_Agent,%%%%%%%%%%%%%%%%%%%
% .       G   ....%
%.% % %%%%%% %.%%.%
%.%o% %   o% %.o%.%
%.%%%.%  %%% %..%.%
%.....  <    %..%G%
%%%%%%%%%%%%%%%%%%%
Score: 0
,
2024-09-02 16:54:29,540 - getAction - INFO - O: North
2024-09-02 16:54:29,541 - root - INFO - MinimaxAgent
2024-09-02 16:54:29,542 - getAction - INFO - I: Q2_Agent,%%%%%%%%%%%%%%%%%%%
% .      G    ....%
%.% % %%%%%% %.%%.%
%.%o% %   o% %.o%.%
%.%%%.% v%%% %..%G%
%.....       %..% %
%%%%%%%%%%%%%%%%%%%
Score: -1
,
2024-09-02 16:54:29,542 - getAction - INFO - O: North
2024-09-02 16:54:29,542 - root - INFO - MinimaxAgent
2024-09-02 16:54:29,543 - getAction - INFO - I: Q2_Agent,%%%%%%%%%%%%%%%%%%%
% .     G     ....%
%.% % %%%%%% %.%%.%
%.%o% % v o% %.o%G%
%.%%%.%  %%% %..%.%
%.....       %..% %
%%%%%%%%%%%%%%%%%%%
Score: -2
,
2024-09-02 16:54:29,543 - getAction - INFO - O: South
2024-09-02 16:54:29,545 - root - INFO - MinimaxAgent
2024-09-02 16:54:29,545 - getAction - INFO - I: Q2_Agent,%%%%%%%%%%%%%%%%%%%
% .    G      ....%
%.% % %%%%%% %.%%G%
%.%o% %   o% %.o%.%
%.%%%.% ^%%% %..%.%
%.....       %..% %
%%%%%%%%%%%%%%%%%%%
Score: -3
,
2024-09-02 16:54:29,545 - getAction - INFO - O: North
2024-09-02 16:54:29,546 - root - INFO - MinimaxAgent
2024-09-02 16:54:29,547 - getAction - INFO - I: Q2_Agent,%%%%%%%%%%%%%%%%%%%
% .   G       ...G%
%.% % %%%%%% %.%%.%
%.%o% % v o% %.o%.%
%.%%%.%  %%% %..%.%
%.....       %..% %
%%%%%%%%%%%%%%%%%%%
Score: -4
,
2024-09-02 16:54:29,547 - getAction - INFO - O: South
2024-09-02 16:54:29,547 - root - INFO - MinimaxAgent
2024-09-02 16:54:29,549 - getAction - INFO - I: Q2_Agent,%%%%%%%%%%%%%%%%%%%
% .  G        ..G.%
%.% % %%%%%% %.%%.%
%.%o% %   o% %.o%.%
%.%%%.% ^%%% %..%.%
%.....       %..% %
%%%%%%%%%%%%%%%%%%%
Score: -5
,
2024-09-02 16:54:29,549 - getAction - INFO - O: North
2024-09-02 16:54:29,549 - root - INFO - MinimaxAgent
2024-09-02 16:54:29,550 - getAction - INFO - I: Q2_Agent,%%%%%%%%%%%%%%%%%%%
% . G         .G..%
%.% % %%%%%% %.%%.%
%.%o% % v o% %.o%.%
%.%%%.%  %%% %..%.%
%.....       %..% %
%%%%%%%%%%%%%%%%%%%
Score: -6
,
2024-09-02 16:54:29,550 - getAction - INFO - O: South
2024-09-02 16:54:29,551 - root - INFO - MinimaxAgent
2024-09-02 16:54:29,552 - getAction - INFO - I: Q2_Agent,%%%%%%%%%%%%%%%%%%%
% .G          G...%
%.% % %%%%%% %.%%.%
%.%o% %   o% %.o%.%
%.%%%.% ^%%% %..%.%
%.....       %..% %
%%%%%%%%%%%%%%%%%%%
Score: -7
,
2024-09-02 16:54:29,552 - getAction - INFO - O: North
2024-09-02 16:54:29,553 - root - INFO - MinimaxAgent
2024-09-02 16:54:29,555 - getAction - INFO - I: Q2_Agent,%%%%%%%%%%%%%%%%%%%
% .           ....%
%.%G% %%%%%% %G%%.%
%.%o% % v o% %.o%.%
%.%%%.%  %%% %..%.%
%.....       %..% %
%%%%%%%%%%%%%%%%%%%
Score: -8
,
2024-09-02 16:54:29,555 - getAction - INFO - O: South
2024-09-02 16:54:29,555 - root - INFO - MinimaxAgent
2024-09-02 16:54:29,557 - getAction - INFO - I: Q2_Agent,%%%%%%%%%%%%%%%%%%%
% .           ....%
%.% % %%%%%% %.%%.%
%.%o% %   o% %Go%.%
%.%%%.% ^%%% %..%.%
%.....       %..% %
%%%%%%%%%%%%%%%%%%%
Score: -9
,
2024-09-02 16:54:29,557 - getAction - INFO - O: North
2024-09-02 16:54:29,558 - root - INFO - MinimaxAgent
2024-09-02 16:54:29,559 - getAction - INFO - I: Q2_Agent,%%%%%%%%%%%%%%%%%%%
% .           ....%
%.%G% %%%%%% %.%%.%
%.%o% % v o% %.o%.%
%.%%%.%  %%% %G.%.%
%.....       %..% %
%%%%%%%%%%%%%%%%%%%
Score: -10
,
2024-09-02 16:54:29,559 - getAction - INFO - O: South
2024-09-02 16:54:29,559 - root - INFO - MinimaxAgent
2024-09-02 16:54:29,561 - getAction - INFO - I: Q2_Agent,%%%%%%%%%%%%%%%%%%%
% .G          ....%
%.% % %%%%%% %.%%.%
%.%o% %   o% %.o%.%
%.%%%.% ^%%% %.G%.%
%.....       %..% %
%%%%%%%%%%%%%%%%%%%
Score: -11
,
2024-09-02 16:54:29,561 - getAction - INFO - O: North
2024-09-02 16:54:29,561 - root - INFO - MinimaxAgent
2024-09-02 16:54:29,562 - getAction - INFO - I: Q2_Agent,%%%%%%%%%%%%%%%%%%%
% G           ....%
%.% % %%%%%% %.%%.%
%.%o% % v o% %.o%.%
%.%%%.%  %%% %..%.%
%.....       %.G% %
%%%%%%%%%%%%%%%%%%%
Score: -12
,
2024-09-02 16:54:29,563 - getAction - INFO - O: South
2024-09-02 16:54:29,563 - root - INFO - MinimaxAgent
2024-09-02 16:54:29,564 - getAction - INFO - I: Q2_Agent,%%%%%%%%%%%%%%%%%%%
%G.           ....%
%.% % %%%%%% %.%%.%
%.%o% %   o% %.o%.%
%.%%%.% ^%%% %..%.%
%.....       %G.% %
%%%%%%%%%%%%%%%%%%%
Score: -13
,
2024-09-02 16:54:29,564 - getAction - INFO - O: North
2024-09-02 16:54:29,565 - root - INFO - MinimaxAgent
2024-09-02 16:54:29,565 - getAction - INFO - I: Q2_Agent,%%%%%%%%%%%%%%%%%%%
% .           ....%
%G% % %%%%%% %.%%.%
%.%o% % v o% %.o%.%
%.%%%.%  %%% %G.%.%
%.....       %..% %
%%%%%%%%%%%%%%%%%%%
Score: -14
,
2024-09-02 16:54:29,565 - getAction - INFO - O: South
2024-09-02 16:54:29,566 - root - INFO - MinimaxAgent
2024-09-02 16:54:29,567 - getAction - INFO - I: Q2_Agent,%%%%%%%%%%%%%%%%%%%
% .           ....%
%.% % %%%%%% %.%%.%
%G%o% %   o% %Go%.%
%.%%%.% ^%%% %..%.%
%.....       %..% %
%%%%%%%%%%%%%%%%%%%
Score: -15
,
2024-09-02 16:54:29,567 - getAction - INFO - O: North
2024-09-02 16:54:29,568 - root - INFO - MinimaxAgent
2024-09-02 16:54:29,569 - getAction - INFO - I: Q2_Agent,%%%%%%%%%%%%%%%%%%%
% .           ....%
%.% % %%%%%% %.%%.%
%.%o% % v o% %.o%.%
%G%%%.%  %%% %..%.%
%.....       %..% %
%%%%%%%%%%%%%%%%%%%
Score: -16
,
2024-09-02 16:54:29,569 - getAction - INFO - O: South
2024-09-02 16:54:29,570 - root - INFO - MinimaxAgent
2024-09-02 16:54:29,571 - getAction - INFO - I: Q2_Agent,%%%%%%%%%%%%%%%%%%%
% .           ....%
%.% % %%%%%% %.%%.%
%.%o% %   o% %.o%.%
%.%%%.% ^%%% %.G%.%
%G....       %..% %
%%%%%%%%%%%%%%%%%%%
Score: -17
,
2024-09-02 16:54:29,571 - getAction - INFO - O: North
2024-09-02 16:54:29,571 - root - INFO - MinimaxAgent
2024-09-02 16:54:29,573 - getAction - INFO - I: Q2_Agent,%%%%%%%%%%%%%%%%%%%
% .           ....%
%.% % %%%%%% %.%%.%
%.%o% % v o% %.o%.%
%.%%%.%  %%% %G.%.%
%.G...       %..% %
%%%%%%%%%%%%%%%%%%%
Score: -18
,
2024-09-02 16:54:29,573 - getAction - INFO - O: South
2024-09-02 16:54:29,573 - root - INFO - MinimaxAgent
2024-09-02 16:54:29,575 - getAction - INFO - I: Q2_Agent,%%%%%%%%%%%%%%%%%%%
% .           ....%
%.% % %%%%%% %.%%.%
%.%o% %   o% %Go%.%
%.%%%.% ^%%% %..%.%
%..G..       %..% %
%%%%%%%%%%%%%%%%%%%
Score: -19
,
2024-09-02 16:54:29,575 - getAction - INFO - O: North
2024-09-02 16:54:29,575 - root - INFO - MinimaxAgent
2024-09-02 16:54:29,576 - getAction - INFO - I: Q2_Agent,%%%%%%%%%%%%%%%%%%%
% .           ....%
%.% % %%%%%% %.%%.%
%.%o% % v o% %.o%.%
%.%%%.%  %%% %..%.%
%...G.       %..% %
%%%%%%%%%%%%%%%%%%%
Score: -20
,
2024-09-02 16:54:29,576 - getAction - INFO - O: South
2024-09-02 16:54:29,577 - root - INFO - MinimaxAgent
2024-09-02 16:54:29,578 - getAction - INFO - I: Q2_Agent,%%%%%%%%%%%%%%%%%%%
% .           ....%
%.% % %%%%%% %.%%.%
%.%o% %   o% %.o%.%
%.%%%.% ^%%% %.G%.%
%....G       %..% %
%%%%%%%%%%%%%%%%%%%
Score: -21
,
2024-09-02 16:54:29,578 - getAction - INFO - O: North
2024-09-02 16:54:29,579 - root - INFO - MinimaxAgent
2024-09-02 16:54:29,580 - getAction - INFO - I: Q2_Agent,%%%%%%%%%%%%%%%%%%%
% .           ....%
%.% % %%%%%% %.%%.%
%.%o% % v o% %.o%.%
%.%%%.%  %%% %G.%.%
%.....G      %..% %
%%%%%%%%%%%%%%%%%%%
Score: -22
,
2024-09-02 16:54:29,580 - getAction - INFO - O: South
2024-09-02 16:54:29,581 - root - INFO - MinimaxAgent
2024-09-02 16:54:29,582 - getAction - INFO - I: Q2_Agent,%%%%%%%%%%%%%%%%%%%
% .           ....%
%.% % %%%%%% %.%%.%
%.%o% %   o% %Go%.%
%.%%%.% ^%%% %..%.%
%..... G     %..% %
%%%%%%%%%%%%%%%%%%%
Score: -23
,
2024-09-02 16:54:29,582 - getAction - INFO - O: North
2024-09-02 16:54:29,582 - root - INFO - MinimaxAgent
2024-09-02 16:54:29,583 - getAction - INFO - I: Q2_Agent,%%%%%%%%%%%%%%%%%%%
% .           ....%
%.% % %%%%%% %.%%.%
%.%o% % v o% %.o%.%
%.%%%.%  %%% %..%.%
%.....  G    %..% %
%%%%%%%%%%%%%%%%%%%
Score: -24
,
2024-09-02 16:54:29,583 - getAction - INFO - O: East
2024-09-02 16:54:29,585 - root - INFO - MinimaxAgent
2024-09-02 16:54:29,585 - getAction - INFO - I: Q2_Agent,%%%%%%%%%%%%%%%%%%%
% .           ....%
%.% % %%%%%% %.%%.%
%.%o% %  <o% %.o%.%
%.%%%.%  %%% %.G%.%
%.....   G   %..% %
%%%%%%%%%%%%%%%%%%%
Score: -25
,
2024-09-02 16:54:29,586 - getAction - INFO - O: East
2024-09-02 16:54:29,586 - root - INFO - MinimaxAgent
2024-09-02 16:54:29,587 - getAction - INFO - I: Q2_Agent,%%%%%%%%%%%%%%%%%%%
% .           ....%
%.% % %%%%%% %.%%.%
%.%o% %   <% %.o%.%
%.%%%.%  %%% %.G%.%
%.....    G  %..% %
%%%%%%%%%%%%%%%%%%%
Score: -26
,
2024-09-02 16:54:29,587 - getAction - INFO - O: West
2024-09-02 16:54:29,587 - root - INFO - MinimaxAgent
2024-09-02 16:54:29,588 - getAction - INFO - I: Q2_Agent,%%%%%%%%%%%%%%%%%%%
% .           ....%
%.% % %%%%%% %.%%.%
%.%o% %  > % %.o%.%
%.%%%.%  %%% %G.%.%
%.....    G  %..% %
%%%%%%%%%%%%%%%%%%%
Score: -27
,
2024-09-02 16:54:29,588 - getAction - INFO - O: East
2024-09-02 16:54:29,589 - root - INFO - MinimaxAgent
2024-09-02 16:54:29,590 - getAction - INFO - I: Q2_Agent,%%%%%%%%%%%%%%%%%%%
% .           ....%
%.% % %%%%%% %.%%.%
%.%o% %   <% %Go%.%
%.%%%.%  %%% %..%.%
%.....     G %..% %
%%%%%%%%%%%%%%%%%%%
Score: -28
,
2024-09-02 16:54:29,590 - getAction - INFO - O: West
2024-09-02 16:54:29,591 - root - INFO - MinimaxAgent
2024-09-02 16:54:29,592 - getAction - INFO - I: Q2_Agent,%%%%%%%%%%%%%%%%%%%
% .           ....%
%.% % %%%%%% %.%%.%
%.%o% %  > % %Go%.%
%.%%%.%  %%% %..%.%
%.....     G %..% %
%%%%%%%%%%%%%%%%%%%
Score: -29
,
2024-09-02 16:54:29,592 - getAction - INFO - O: East
2024-09-02 16:54:29,592 - root - INFO - MinimaxAgent
2024-09-02 16:54:29,593 - getAction - INFO - I: Q2_Agent,%%%%%%%%%%%%%%%%%%%
% .           ....%
%.% % %%%%%% %G%%.%
%.%o% %   <% %.o%.%
%.%%%.%  %%% %..%.%
%.....      G%..% %
%%%%%%%%%%%%%%%%%%%
Score: -30
,
2024-09-02 16:54:29,594 - getAction - INFO - O: West
2024-09-02 16:54:29,594 - root - INFO - MinimaxAgent
2024-09-02 16:54:29,596 - getAction - INFO - I: Q2_Agent,%%%%%%%%%%%%%%%%%%%
% .           ....%
%.% % %%%%%% %G%%.%
%.%o% %  > % %.o%.%
%.%%%.%  %%% %..%.%
%.....      G%..% %
%%%%%%%%%%%%%%%%%%%
Score: -31
,
2024-09-02 16:54:29,596 - getAction - INFO - O: East
2024-09-02 16:54:29,597 - root - INFO - MinimaxAgent
2024-09-02 16:54:29,598 - getAction - INFO - I: Q2_Agent,%%%%%%%%%%%%%%%%%%%
% .           G...%
%.% % %%%%%% %.%%.%
%.%o% %   <% %.o%.%
%.%%%.%  %%%G%..%.%
%.....       %..% %
%%%%%%%%%%%%%%%%%%%
Score: -32
,
2024-09-02 16:54:29,598 - getAction - INFO - O: West
2024-09-02 16:54:29,599 - root - INFO - MinimaxAgent
2024-09-02 16:54:29,600 - getAction - INFO - I: Q2_Agent,%%%%%%%%%%%%%%%%%%%
% .           G...%
%.% % %%%%%% %.%%.%
%.%o% %  > % %.o%.%
%.%%%.%  %%%G%..%.%
%.....       %..% %
%%%%%%%%%%%%%%%%%%%
Score: -33
,
2024-09-02 16:54:29,600 - getAction - INFO - O: East
2024-09-02 16:54:29,601 - root - INFO - MinimaxAgent
2024-09-02 16:54:29,602 - getAction - INFO - I: Q2_Agent,%%%%%%%%%%%%%%%%%%%
% .           .G..%
%.% % %%%%%% %.%%.%
%.%o% %   <%G%.o%.%
%.%%%.%  %%% %..%.%
%.....       %..% %
%%%%%%%%%%%%%%%%%%%
Score: -34
,
2024-09-02 16:54:29,602 - getAction - INFO - O: West
2024-09-02 16:54:29,602 - root - INFO - MinimaxAgent
2024-09-02 16:54:29,603 - getAction - INFO - I: Q2_Agent,%%%%%%%%%%%%%%%%%%%
% .           .G..%
%.% % %%%%%% %.%%.%
%.%o% %  > %G%.o%.%
%.%%%.%  %%% %..%.%
%.....       %..% %
%%%%%%%%%%%%%%%%%%%
Score: -35
,
2024-09-02 16:54:29,603 - getAction - INFO - O: East
2024-09-02 16:54:29,604 - root - INFO - MinimaxAgent
2024-09-02 16:54:29,605 - getAction - INFO - I: Q2_Agent,%%%%%%%%%%%%%%%%%%%
% .           ..G.%
%.% % %%%%%%G%.%%.%
%.%o% %   <% %.o%.%
%.%%%.%  %%% %..%.%
%.....       %..% %
%%%%%%%%%%%%%%%%%%%
Score: -36
,
2024-09-02 16:54:29,605 - getAction - INFO - O: West
2024-09-02 16:54:29,605 - root - INFO - MinimaxAgent
2024-09-02 16:54:29,606 - getAction - INFO - I: Q2_Agent,%%%%%%%%%%%%%%%%%%%
% .           ..G.%
%.% % %%%%%%G%.%%.%
%.%o% %  > % %.o%.%
%.%%%.%  %%% %..%.%
%.....       %..% %
%%%%%%%%%%%%%%%%%%%
Score: -37
,
2024-09-02 16:54:29,606 - getAction - INFO - O: East
2024-09-02 16:54:29,607 - root - INFO - MinimaxAgent
2024-09-02 16:54:29,608 - getAction - INFO - I: Q2_Agent,%%%%%%%%%%%%%%%%%%%
% .         G ...G%
%.% % %%%%%% %.%%.%
%.%o% %   <% %.o%.%
%.%%%.%  %%% %..%.%
%.....       %..% %
%%%%%%%%%%%%%%%%%%%
Score: -38
,
2024-09-02 16:54:29,608 - getAction - INFO - O: West
2024-09-02 16:54:29,608 - root - INFO - MinimaxAgent
2024-09-02 16:54:29,609 - getAction - INFO - I: Q2_Agent,%%%%%%%%%%%%%%%%%%%
% .         G ...G%
%.% % %%%%%% %.%%.%
%.%o% %  > % %.o%.%
%.%%%.%  %%% %..%.%
%.....       %..% %
%%%%%%%%%%%%%%%%%%%
Score: -39
,
2024-09-02 16:54:29,609 - getAction - INFO - O: East
2024-09-02 16:54:29,610 - root - INFO - MinimaxAgent
2024-09-02 16:54:29,610 - getAction - INFO - I: Q2_Agent,%%%%%%%%%%%%%%%%%%%
% .         G ...G%
%.% % %%%%%% %.%%.%
%.%o% %   <% %.o%.%
%.%%%.%  %%% %..%.%
%.....       %..% %
%%%%%%%%%%%%%%%%%%%
Score: -40
,
2024-09-02 16:54:29,610 - getAction - INFO - O: West
2024-09-02 16:54:29,611 - root - INFO - MinimaxAgent
2024-09-02 16:54:29,612 - getAction - INFO - I: Q2_Agent,%%%%%%%%%%%%%%%%%%%
% .        G  ....%
%.% % %%%%%% %.%%G%
%.%o% %  > % %.o%.%
%.%%%.%  %%% %..%.%
%.....       %..% %
%%%%%%%%%%%%%%%%%%%
Score: -41
,
2024-09-02 16:54:29,612 - getAction - INFO - O: East
2024-09-02 16:54:29,612 - root - INFO - MinimaxAgent
2024-09-02 16:54:29,613 - getAction - INFO - I: Q2_Agent,%%%%%%%%%%%%%%%%%%%
% .        G  ....%
%.% % %%%%%% %.%%G%
%.%o% %   <% %.o%.%
%.%%%.%  %%% %..%.%
%.....       %..% %
%%%%%%%%%%%%%%%%%%%
Score: -42
,
2024-09-02 16:54:29,613 - getAction - INFO - O: West
2024-09-02 16:54:29,613 - root - INFO - MinimaxAgent
2024-09-02 16:54:29,616 - getAction - INFO - I: Q2_Agent,%%%%%%%%%%%%%%%%%%%
% .       G   ....%
%.% % %%%%%% %.%%.%
%.%o% %  > % %.o%G%
%.%%%.%  %%% %..%.%
%.....       %..% %
%%%%%%%%%%%%%%%%%%%
Score: -43
,
2024-09-02 16:54:29,616 - getAction - INFO - O: East
2024-09-02 16:54:29,617 - root - INFO - MinimaxAgent
2024-09-02 16:54:29,618 - getAction - INFO - I: Q2_Agent,%%%%%%%%%%%%%%%%%%%
% .       G   ....%
%.% % %%%%%% %.%%.%
%.%o% %   <% %.o%G%
%.%%%.%  %%% %..%.%
%.....       %..% %
%%%%%%%%%%%%%%%%%%%
Score: -44
,
2024-09-02 16:54:29,618 - getAction - INFO - O: West
2024-09-02 16:54:29,619 - root - INFO - MinimaxAgent
2024-09-02 16:54:29,620 - getAction - INFO - I: Q2_Agent,%%%%%%%%%%%%%%%%%%%
% .      G    ....%
%.% % %%%%%% %.%%.%
%.%o% %  > % %.o%.%
%.%%%.%  %%% %..%G%
%.....       %..% %
%%%%%%%%%%%%%%%%%%%
Score: -45
,
2024-09-02 16:54:29,620 - getAction - INFO - O: East
2024-09-02 16:54:29,620 - root - INFO - MinimaxAgent
2024-09-02 16:54:29,621 - getAction - INFO - I: Q2_Agent,%%%%%%%%%%%%%%%%%%%
% .      G    ....%
%.% % %%%%%% %.%%.%
%.%o% %   <% %.o%.%
%.%%%.%  %%% %..%G%
%.....       %..% %
%%%%%%%%%%%%%%%%%%%
Score: -46
,
2024-09-02 16:54:29,621 - getAction - INFO - O: West
2024-09-02 16:54:29,621 - root - INFO - MinimaxAgent
2024-09-02 16:54:29,622 - getAction - INFO - I: Q2_Agent,%%%%%%%%%%%%%%%%%%%
% .     G     ....%
%.% % %%%%%% %.%%.%
%.%o% %  > % %.o%.%
%.%%%.%  %%% %..%.%
%.....       %..%G%
%%%%%%%%%%%%%%%%%%%
Score: -47
,
2024-09-02 16:54:29,622 - getAction - INFO - O: East
2024-09-02 16:54:29,622 - root - INFO - MinimaxAgent
2024-09-02 16:54:29,623 - getAction - INFO - I: Q2_Agent,%%%%%%%%%%%%%%%%%%%
% .     G     ....%
%.% % %%%%%% %.%%.%
%.%o% %   <% %.o%.%
%.%%%.%  %%% %..%G%
%.....       %..% %
%%%%%%%%%%%%%%%%%%%
Score: -48
,
2024-09-02 16:54:29,623 - getAction - INFO - O: West
2024-09-02 16:54:29,623 - root - INFO - MinimaxAgent
2024-09-02 16:54:29,625 - getAction - INFO - I: Q2_Agent,%%%%%%%%%%%%%%%%%%%
% .    G      ....%
%.% % %%%%%% %.%%.%
%.%o% %  > % %.o%.%
%.%%%.%  %%% %..%G%
%.....       %..% %
%%%%%%%%%%%%%%%%%%%
Score: -49
,
2024-09-02 16:54:29,625 - getAction - INFO - O: East
2024-09-02 16:54:29,626 - root - INFO - MinimaxAgent
2024-09-02 16:54:29,627 - getAction - INFO - I: Q2_Agent,%%%%%%%%%%%%%%%%%%%
% .    G      ....%
%.% % %%%%%% %.%%.%
%.%o% %   <% %.o%G%
%.%%%.%  %%% %..%.%
%.....       %..% %
%%%%%%%%%%%%%%%%%%%
Score: -50
,
2024-09-02 16:54:29,627 - getAction - INFO - O: West
2024-09-02 16:54:29,627 - root - INFO - MinimaxAgent
2024-09-02 16:54:29,628 - getAction - INFO - I: Q2_Agent,%%%%%%%%%%%%%%%%%%%
% .   G       ....%
%.% % %%%%%% %.%%.%
%.%o% %  > % %.o%G%
%.%%%.%  %%% %..%.%
%.....       %..% %
%%%%%%%%%%%%%%%%%%%
Score: -51
,
2024-09-02 16:54:29,628 - getAction - INFO - O: East
2024-09-02 16:54:29,629 - root - INFO - MinimaxAgent
2024-09-02 16:54:29,629 - getAction - INFO - I: Q2_Agent,%%%%%%%%%%%%%%%%%%%
% .   G       ....%
%.% % %%%%%% %.%%G%
%.%o% %   <% %.o%.%
%.%%%.%  %%% %..%.%
%.....       %..% %
%%%%%%%%%%%%%%%%%%%
Score: -52
,
2024-09-02 16:54:29,630 - getAction - INFO - O: West
2024-09-02 16:54:29,630 - root - INFO - MinimaxAgent
2024-09-02 16:54:29,631 - getAction - INFO - I: Q2_Agent,%%%%%%%%%%%%%%%%%%%
% .  G        ....%
%.% % %%%%%% %.%%G%
%.%o% %  > % %.o%.%
%.%%%.%  %%% %..%.%
%.....       %..% %
%%%%%%%%%%%%%%%%%%%
Score: -53
,
2024-09-02 16:54:29,631 - getAction - INFO - O: East
2024-09-02 16:54:29,632 - root - INFO - MinimaxAgent
2024-09-02 16:54:29,633 - getAction - INFO - I: Q2_Agent,%%%%%%%%%%%%%%%%%%%
% .  G        ...G%
%.% % %%%%%% %.%%.%
%.%o% %   <% %.o%.%
%.%%%.%  %%% %..%.%
%.....       %..% %
%%%%%%%%%%%%%%%%%%%
Score: -54
,
2024-09-02 16:54:29,633 - getAction - INFO - O: West
2024-09-02 16:54:29,633 - root - INFO - MinimaxAgent
2024-09-02 16:54:29,635 - getAction - INFO - I: Q2_Agent,%%%%%%%%%%%%%%%%%%%
% . G         ...G%
%.% % %%%%%% %.%%.%
%.%o% %  > % %.o%.%
%.%%%.%  %%% %..%.%
%.....       %..% %
%%%%%%%%%%%%%%%%%%%
Score: -55
,
2024-09-02 16:54:29,635 - getAction - INFO - O: East
2024-09-02 16:54:29,635 - root - INFO - MinimaxAgent
2024-09-02 16:54:29,637 - getAction - INFO - I: Q2_Agent,%%%%%%%%%%%%%%%%%%%
% . G         ...G%
%.% % %%%%%% %.%%.%
%.%o% %   <% %.o%.%
%.%%%.%  %%% %..%.%
%.....       %..% %
%%%%%%%%%%%%%%%%%%%
Score: -56
,
2024-09-02 16:54:29,637 - getAction - INFO - O: West
2024-09-02 16:54:29,637 - root - INFO - MinimaxAgent
2024-09-02 16:54:29,639 - getAction - INFO - I: Q2_Agent,%%%%%%%%%%%%%%%%%%%
% .G          ..G.%
%.% % %%%%%% %.%%.%
%.%o% %  > % %.o%.%
%.%%%.%  %%% %..%.%
%.....       %..% %
%%%%%%%%%%%%%%%%%%%
Score: -57
,
2024-09-02 16:54:29,639 - getAction - INFO - O: East
2024-09-02 16:54:29,639 - root - INFO - MinimaxAgent
2024-09-02 16:54:29,640 - getAction - INFO - I: Q2_Agent,%%%%%%%%%%%%%%%%%%%
% .G          ..G.%
%.% % %%%%%% %.%%.%
%.%o% %   <% %.o%.%
%.%%%.%  %%% %..%.%
%.....       %..% %
%%%%%%%%%%%%%%%%%%%
Score: -58
,
2024-09-02 16:54:29,640 - getAction - INFO - O: West
2024-09-02 16:54:29,641 - root - INFO - MinimaxAgent
2024-09-02 16:54:29,642 - getAction - INFO - I: Q2_Agent,%%%%%%%%%%%%%%%%%%%
% G           .G..%
%.% % %%%%%% %.%%.%
%.%o% %  > % %.o%.%
%.%%%.%  %%% %..%.%
%.....       %..% %
%%%%%%%%%%%%%%%%%%%
Score: -59
,
2024-09-02 16:54:29,642 - getAction - INFO - O: East
2024-09-02 16:54:29,643 - root - INFO - MinimaxAgent
2024-09-02 16:54:29,643 - getAction - INFO - I: Q2_Agent,%%%%%%%%%%%%%%%%%%%
% G           .G..%
%.% % %%%%%% %.%%.%
%.%o% %   <% %.o%.%
%.%%%.%  %%% %..%.%
%.....       %..% %
%%%%%%%%%%%%%%%%%%%
Score: -60
,
2024-09-02 16:54:29,643 - getAction - INFO - O: West
2024-09-02 16:54:29,644 - root - INFO - MinimaxAgent
2024-09-02 16:54:29,645 - getAction - INFO - I: Q2_Agent,%%%%%%%%%%%%%%%%%%%
%G.           G...%
%.% % %%%%%% %.%%.%
%.%o% %  > % %.o%.%
%.%%%.%  %%% %..%.%
%.....       %..% %
%%%%%%%%%%%%%%%%%%%
Score: -61
,
2024-09-02 16:54:29,645 - getAction - INFO - O: East
2024-09-02 16:54:29,646 - root - INFO - MinimaxAgent
2024-09-02 16:54:29,647 - getAction - INFO - I: Q2_Agent,%%%%%%%%%%%%%%%%%%%
%G.           G...%
%.% % %%%%%% %.%%.%
%.%o% %   <% %.o%.%
%.%%%.%  %%% %..%.%
%.....       %..% %
%%%%%%%%%%%%%%%%%%%
Score: -62
,
2024-09-02 16:54:29,647 - getAction - INFO - O: West
2024-09-02 16:54:29,648 - root - INFO - MinimaxAgent
2024-09-02 16:54:29,649 - getAction - INFO - I: Q2_Agent,%%%%%%%%%%%%%%%%%%%
% .          G....%
%G% % %%%%%% %.%%.%
%.%o% %  > % %.o%.%
%.%%%.%  %%% %..%.%
%.....       %..% %
%%%%%%%%%%%%%%%%%%%
Score: -63
,
2024-09-02 16:54:29,649 - getAction - INFO - O: East
2024-09-02 16:54:29,649 - root - INFO - MinimaxAgent
2024-09-02 16:54:29,650 - getAction - INFO - I: Q2_Agent,%%%%%%%%%%%%%%%%%%%
% .          G....%
%G% % %%%%%% %.%%.%
%.%o% %   <% %.o%.%
%.%%%.%  %%% %..%.%
%.....       %..% %
%%%%%%%%%%%%%%%%%%%
Score: -64
,
2024-09-02 16:54:29,650 - getAction - INFO - O: West
2024-09-02 16:54:29,650 - root - INFO - MinimaxAgent
2024-09-02 16:54:29,652 - getAction - INFO - I: Q2_Agent,%%%%%%%%%%%%%%%%%%%
% .         G ....%
%.% % %%%%%% %.%%.%
%G%o% %  > % %.o%.%
%.%%%.%  %%% %..%.%
%.....       %..% %
%%%%%%%%%%%%%%%%%%%
Score: -65
,
2024-09-02 16:54:29,652 - getAction - INFO - O: East
2024-09-02 16:54:29,652 - root - INFO - MinimaxAgent
2024-09-02 16:54:29,653 - getAction - INFO - I: Q2_Agent,%%%%%%%%%%%%%%%%%%%
% .        G  ....%
%.% % %%%%%% %.%%.%
%.%o% %   <% %.o%.%
%G%%%.%  %%% %..%.%
%.....       %..% %
%%%%%%%%%%%%%%%%%%%
Score: -66
,
2024-09-02 16:54:29,653 - getAction - INFO - O: West
2024-09-02 16:54:29,653 - root - INFO - MinimaxAgent
2024-09-02 16:54:29,655 - getAction - INFO - I: Q2_Agent,%%%%%%%%%%%%%%%%%%%
% .       G   ....%
%.% % %%%%%% %.%%.%
%.%o% %  > % %.o%.%
%.%%%.%  %%% %..%.%
%G....       %..% %
%%%%%%%%%%%%%%%%%%%
Score: -67
,
2024-09-02 16:54:29,655 - getAction - INFO - O: East
2024-09-02 16:54:29,655 - root - INFO - MinimaxAgent
2024-09-02 16:54:29,656 - getAction - INFO - I: Q2_Agent,%%%%%%%%%%%%%%%%%%%
% .      G    ....%
%.% % %%%%%% %.%%.%
%.%o% %   <% %.o%.%
%.%%%.%  %%% %..%.%
%.G...       %..% %
%%%%%%%%%%%%%%%%%%%
Score: -68
,
2024-09-02 16:54:29,656 - getAction - INFO - O: West
2024-09-02 16:54:29,657 - root - INFO - MinimaxAgent
2024-09-02 16:54:29,658 - getAction - INFO - I: Q2_Agent,%%%%%%%%%%%%%%%%%%%
% .     G     ....%
%.% % %%%%%% %.%%.%
%.%o% %  > % %.o%.%
%.%%%.%  %%% %..%.%
%..G..       %..% %
%%%%%%%%%%%%%%%%%%%
Score: -69
,
2024-09-02 16:54:29,658 - getAction - INFO - O: East
2024-09-02 16:54:29,659 - root - INFO - MinimaxAgent
2024-09-02 16:54:29,659 - getAction - INFO - I: Q2_Agent,%%%%%%%%%%%%%%%%%%%
% .    G      ....%
%.% % %%%%%% %.%%.%
%.%o% %   <% %.o%.%
%.%%%.%  %%% %..%.%
%...G.       %..% %
%%%%%%%%%%%%%%%%%%%
Score: -70
,
2024-09-02 16:54:29,659 - getAction - INFO - O: West
2024-09-02 16:54:29,660 - root - INFO - MinimaxAgent
2024-09-02 16:54:29,661 - getAction - INFO - I: Q2_Agent,%%%%%%%%%%%%%%%%%%%
% .   G       ....%
%.% % %%%%%% %.%%.%
%.%o% %  > % %.o%.%
%.%%%.%  %%% %..%.%
%....G       %..% %
%%%%%%%%%%%%%%%%%%%
Score: -71
,
2024-09-02 16:54:29,661 - getAction - INFO - O: East
2024-09-02 16:54:29,662 - root - INFO - MinimaxAgent
2024-09-02 16:54:29,664 - getAction - INFO - I: Q2_Agent,%%%%%%%%%%%%%%%%%%%
% .  G        ....%
%.% % %%%%%% %.%%.%
%.%o% %   <% %.o%.%
%.%%%.%  %%% %..%.%
%.....G      %..% %
%%%%%%%%%%%%%%%%%%%
Score: -72
,
2024-09-02 16:54:29,664 - getAction - INFO - O: West
2024-09-02 16:54:29,664 - root - INFO - MinimaxAgent
2024-09-02 16:54:29,665 - getAction - INFO - I: Q2_Agent,%%%%%%%%%%%%%%%%%%%
% . G         ....%
%.% % %%%%%% %.%%.%
%.%o% %  > % %.o%.%
%.%%%.%  %%% %..%.%
%..... G     %..% %
%%%%%%%%%%%%%%%%%%%
Score: -73
,
2024-09-02 16:54:29,665 - getAction - INFO - O: East
2024-09-02 16:54:29,666 - root - INFO - MinimaxAgent
2024-09-02 16:54:29,667 - getAction - INFO - I: Q2_Agent,%%%%%%%%%%%%%%%%%%%
% .G          ....%
%.% % %%%%%% %.%%.%
%.%o% %   <% %.o%.%
%.%%%.%G %%% %..%.%
%.....       %..% %
%%%%%%%%%%%%%%%%%%%
Score: -74
,
2024-09-02 16:54:29,667 - getAction - INFO - O: West
2024-09-02 16:54:29,668 - root - INFO - MinimaxAgent
2024-09-02 16:54:29,669 - getAction - INFO - I: Q2_Agent,%%%%%%%%%%%%%%%%%%%
% .           ....%
%.%G% %%%%%% %.%%.%
%.%o% %  > % %.o%.%
%.%%%.% G%%% %..%.%
%.....       %..% %
%%%%%%%%%%%%%%%%%%%
Score: -75
,
2024-09-02 16:54:29,669 - getAction - INFO - O: East
2024-09-02 16:54:29,669 - root - INFO - MinimaxAgent
2024-09-02 16:54:29,670 - getAction - INFO - I: Q2_Agent,%%%%%%%%%%%%%%%%%%%
% .           ....%
%.% % %%%%%% %.%%.%
%.%o% % G <% %.o%.%
%.%%%.%  %%% %..%.%
%.....       %..% %
%%%%%%%%%%%%%%%%%%%
Score: -76
,
2024-09-02 16:54:29,670 - getAction - INFO - O: Stop
2024-09-02 16:54:29,671 - root - INFO - MinimaxAgent
2024-09-02 16:54:29,671 - getAction - INFO - I: Q2_Agent,%%%%%%%%%%%%%%%%%%%
% .           ....%
%.%G% %%%%%% %.%%.%
%.%o% %  G<% %.o%.%
%.%%%.%  %%% %..%.%
%.....       %..% %
%%%%%%%%%%%%%%%%%%%
Score: -77
,
2024-09-02 16:54:29,671 - getAction - INFO - O: West
2024-09-02 16:54:29,672 - root - INFO - Remaining Food: 23
2024-09-02 16:54:29,672 - root - INFO - moveHistory: [[(0, 'North'), (1, 'West'), (2, 'North'), (0, 'North'), (1, 'West'), (2, 'North'), (0, 'South'), (1, 'West'), (2, 'North'), (0, 'North'), (1, 'West'), (2, 'North'), (0, 'South'), (1, 'West'), (2, 'West'), (0, 'North'), (1, 'West'), (2, 'West'), (0, 'South'), (1, 'West'), (2, 'West'), (0, 'North'), (1, 'South'), (2, 'South'), (0, 'South'), (1, 'South'), (2, 'South'), (0, 'North'), (1, 'North'), (2, 'South'), (0, 'South'), (1, 'North'), (2, 'East'), (0, 'North'), (1, 'West'), (2, 'South'), (0, 'South'), (1, 'West'), (2, 'West'), (0, 'North'), (1, 'South'), (2, 'North'), (0, 'South'), (1, 'South'), (2, 'North'), (0, 'North'), (1, 'South'), (2, 'East'), (0, 'South'), (1, 'South'), (2, 'South'), (0, 'North'), (1, 'East'), (2, 'West'), (0, 'South'), (1, 'East'), (2, 'North'), (0, 'North'), (1, 'East'), (2, 'East'), (0, 'South'), (1, 'East'), (2, 'South'), (0, 'North'), (1, 'East'), (2, 'West'), (0, 'South'), (1, 'East'), (2, 'North'), (0, 'North'), (1, 'East'), (2, 'East'), (0, 'East'), (1, 'East'), (2, 'South'), (0, 'East'), (1, 'East'), (2, 'West'), (0, 'West'), (1, 'East'), (2, 'West'), (0, 'East'), (1, 'East'), (2, 'North'), (0, 'West'), (1, 'East'), (2, 'North'), (0, 'East'), (1, 'East'), (2, 'North'), (0, 'West'), (1, 'East'), (2, 'North'), (0, 'East'), (1, 'North'), (2, 'North'), (0, 'West'), (1, 'North'), (2, 'North'), (0, 'East'), (1, 'North'), (2, 'East'), (0, 'West'), (1, 'North'), (2, 'East'), (0, 'East'), (1, 'North'), (2, 'East'), (0, 'West'), (1, 'North'), (2, 'East'), (0, 'East'), (1, 'North'), (2, 'East'), (0, 'West'), (1, 'North'), (2, 'East'), (0, 'East'), (1, 'West'), (2, 'South'), (0, 'West'), (1, 'West'), (2, 'South'), (0, 'East'), (1, 'West'), (2, 'South'), (0, 'West'), (1, 'West'), (2, 'South'), (0, 'East'), (1, 'West'), (2, 'South'), (0, 'West'), (1, 'West'), (2, 'South'), (0, 'East'), (1, 'West'), (2, 'South'), (0, 'West'), (1, 'West'), (2, 'South'), (0, 'East'), (1, 'West'), (2, 'North'), (0, 'West'), (1, 'West'), (2, 'North'), (0, 'East'), (1, 'West'), (2, 'North'), (0, 'West'), (1, 'West'), (2, 'North'), (0, 'East'), (1, 'West'), (2, 'North'), (0, 'West'), (1, 'West'), (2, 'North'), (0, 'East'), (1, 'West'), (2, 'North'), (0, 'West'), (1, 'West'), (2, 'North'), (0, 'East'), (1, 'West'), (2, 'West'), (0, 'West'), (1, 'West'), (2, 'West'), (0, 'East'), (1, 'West'), (2, 'West'), (0, 'West'), (1, 'West'), (2, 'West'), (0, 'East'), (1, 'West'), (2, 'West'), (0, 'West'), (1, 'West'), (2, 'West'), (0, 'East'), (1, 'South'), (2, 'West'), (0, 'West'), (1, 'South'), (2, 'West'), (0, 'East'), (1, 'South'), (2, 'West'), (0, 'West'), (1, 'South'), (2, 'West'), (0, 'East'), (1, 'South'), (2, 'West'), (0, 'West'), (1, 'South'), (2, 'West'), (0, 'East'), (1, 'East'), (2, 'West'), (0, 'West'), (1, 'East'), (2, 'West'), (0, 'East'), (1, 'East'), (2, 'West'), (0, 'West'), (1, 'East'), (2, 'West'), (0, 'East'), (1, 'East'), (2, 'West'), (0, 'West'), (1, 'East'), (2, 'West'), (0, 'East'), (1, 'North'), (2, 'West'), (0, 'West'), (1, 'East'), (2, 'South'), (0, 'East'), (1, 'North'), (2, 'South'), (0, 'Stop'), (1, 'East'), (2, 'North'), (0, 'West')]]
2024-09-02 16:54:29,672 - root - INFO - pathLength: [232]
2024-09-02 16:54:29,673 - root - INFO - Average Score: -578.00
2024-09-02 16:54:29,673 - root - INFO - Scores: -578.0
2024-09-02 16:54:29,673 - root - INFO - Win Rate:      0/1 (0.00)
2024-09-02 16:54:29,673 - root - INFO - Record:       Loss
