2024-09-02 16:55:23,899 - root - INFO - Logger Version: 2.0.0
2024-09-02 16:55:23,899 - main - INFO - input_args: dict_items([('layout', './layouts\\q2_smallClassic.lay'), ('pacman', <Q2_Agent.Q2_Agent object at 0x000002B09123D280>), ('ghosts', [<RandomGhost.RandomGhost object at 0x000002B0933119A0>, <RandomGhost.RandomGhost object at 0x000002B093331EE0>, <RandomGhost.RandomGhost object at 0x000002B093331DF0>, <RandomGhost.RandomGhost object at 0x000002B093331F10>]), ('display', <textDisplay.NullGraphics object at 0x000002B093331FA0>), ('numGames', 1), ('record', False), ('catchExceptions', True), ('timeout', 30), ('outfile', 'q2_smallClassic')])
2024-09-02 16:55:23,899 - root - INFO - runGames
2024-09-02 16:55:23,899 - root - INFO - 0/1
2024-09-02 16:55:23,900 - root - INFO - newGame
2024-09-02 16:55:23,900 - root - INFO - layout: %%%%%%%%%%%%%%%%%%%%
%......%G  G%......%
%.%%...%%  %%...%%.%
%.%o.%........%.o%.%
%.%%.%.%%%%%%.%.%%.%
%........P.........%
%%%%%%%%%%%%%%%%%%%%
2024-09-02 16:55:23,900 - root - INFO - runGame
2024-09-02 16:55:23,900 - root - INFO - #agents:3
2024-09-02 16:55:23,900 - root - INFO - #pacman:1
2024-09-02 16:55:23,900 - root - INFO - #ghosts:2
2024-09-02 16:55:23,900 - root - INFO - MinimaxAgent
2024-09-02 16:55:23,903 - getAction - INFO - I: Q2_Agent,%%%%%%%%%%%%%%%%%%%%
%......%G  G%......%
%.%%...%%  %%...%%.%
%.%o.%........%.o%.%
%.%%.%.%%%%%%.%.%%.%
%........<.........%
%%%%%%%%%%%%%%%%%%%%
Score: 0
,
2024-09-02 16:55:23,903 - getAction - INFO - O: East
2024-09-02 16:55:23,903 - root - INFO - MinimaxAgent
2024-09-02 16:55:23,907 - getAction - INFO - I: Q2_Agent,%%%%%%%%%%%%%%%%%%%%
%......% GG %......%
%.%%...%%  %%...%%.%
%.%o.%........%.o%.%
%.%%.%.%%%%%%.%.%%.%
%........ <........%
%%%%%%%%%%%%%%%%%%%%
Score: 9
,
2024-09-02 16:55:23,907 - getAction - INFO - O: East
2024-09-02 16:55:23,907 - root - INFO - MinimaxAgent
2024-09-02 16:55:23,910 - getAction - INFO - I: Q2_Agent,%%%%%%%%%%%%%%%%%%%%
%......% G  %......%
%.%%...%%G %%...%%.%
%.%o.%........%.o%.%
%.%%.%.%%%%%%.%.%%.%
%........  <.......%
%%%%%%%%%%%%%%%%%%%%
Score: 18
,
2024-09-02 16:55:23,910 - getAction - INFO - O: East
2024-09-02 16:55:23,910 - root - INFO - MinimaxAgent
2024-09-02 16:55:23,913 - getAction - INFO - I: Q2_Agent,%%%%%%%%%%%%%%%%%%%%
%......%G   %......%
%.%%...%%  %%...%%.%
%.%o.%...G....%.o%.%
%.%%.%.%%%%%%.%.%%.%
%........   <......%
%%%%%%%%%%%%%%%%%%%%
Score: 27
,
2024-09-02 16:55:23,913 - getAction - INFO - O: East
2024-09-02 16:55:23,913 - root - INFO - MinimaxAgent
2024-09-02 16:55:23,915 - getAction - INFO - I: Q2_Agent,%%%%%%%%%%%%%%%%%%%%
%......% G  %......%
%.%%...%%  %%...%%.%
%.%o.%..G.....%.o%.%
%.%%.%.%%%%%%.%.%%.%
%........    <.....%
%%%%%%%%%%%%%%%%%%%%
Score: 36
,
2024-09-02 16:55:23,915 - getAction - INFO - O: North
2024-09-02 16:55:23,916 - root - INFO - MinimaxAgent
2024-09-02 16:55:23,918 - getAction - INFO - I: Q2_Agent,%%%%%%%%%%%%%%%%%%%%
%......%  G %......%
%.%%...%%  %%...%%.%
%.%o.%.G......%.o%.%
%.%%.%.%%%%%%v%.%%.%
%........     .....%
%%%%%%%%%%%%%%%%%%%%
Score: 45
,
2024-09-02 16:55:23,918 - getAction - INFO - O: North
2024-09-02 16:55:23,918 - root - INFO - MinimaxAgent
2024-09-02 16:55:23,922 - getAction - INFO - I: Q2_Agent,%%%%%%%%%%%%%%%%%%%%
%......%   G%......%
%.%%...%%  %%...%%.%
%.%o.%G......v%.o%.%
%.%%.%.%%%%%% %.%%.%
%........     .....%
%%%%%%%%%%%%%%%%%%%%
Score: 54
,
2024-09-02 16:55:23,922 - getAction - INFO - O: North
2024-09-02 16:55:23,923 - root - INFO - MinimaxAgent
2024-09-02 16:55:23,926 - getAction - INFO - I: Q2_Agent,%%%%%%%%%%%%%%%%%%%%
%......%  G %......%
%.%%..G%%  %%v..%%.%
%.%o.%....... %.o%.%
%.%%.%.%%%%%% %.%%.%
%........     .....%
%%%%%%%%%%%%%%%%%%%%
Score: 63
,
2024-09-02 16:55:23,926 - getAction - INFO - O: North
2024-09-02 16:55:23,927 - root - INFO - MinimaxAgent
2024-09-02 16:55:23,929 - getAction - INFO - I: Q2_Agent,%%%%%%%%%%%%%%%%%%%%
%.....G%    %v.....%
%.%%...%% G%% ..%%.%
%.%o.%....... %.o%.%
%.%%.%.%%%%%% %.%%.%
%........     .....%
%%%%%%%%%%%%%%%%%%%%
Score: 72
,
2024-09-02 16:55:23,929 - getAction - INFO - O: East
2024-09-02 16:55:23,930 - root - INFO - MinimaxAgent
2024-09-02 16:55:23,932 - getAction - INFO - I: Q2_Agent,%%%%%%%%%%%%%%%%%%%%
%....G.%    % <....%
%.%%...%%  %% ..%%.%
%.%o.%....G.. %.o%.%
%.%%.%.%%%%%% %.%%.%
%........     .....%
%%%%%%%%%%%%%%%%%%%%
Score: 81
,
2024-09-02 16:55:23,933 - getAction - INFO - O: South
2024-09-02 16:55:23,933 - root - INFO - MinimaxAgent
2024-09-02 16:55:23,936 - getAction - INFO - I: Q2_Agent,%%%%%%%%%%%%%%%%%%%%
%......%    %  ....%
%.%%.G.%%  %% ^.%%.%
%.%o.%...G... %.o%.%
%.%%.%.%%%%%% %.%%.%
%........     .....%
%%%%%%%%%%%%%%%%%%%%
Score: 90
,
2024-09-02 16:55:23,936 - getAction - INFO - O: East
2024-09-02 16:55:23,937 - root - INFO - MinimaxAgent
2024-09-02 16:55:23,939 - getAction - INFO - I: Q2_Agent,%%%%%%%%%%%%%%%%%%%%
%......%    %  ....%
%.%%..G%%G %%  <%%.%
%.%o.%....... %.o%.%
%.%%.%.%%%%%% %.%%.%
%........     .....%
%%%%%%%%%%%%%%%%%%%%
Score: 99
,
2024-09-02 16:55:23,939 - getAction - INFO - O: North
2024-09-02 16:55:23,941 - root - INFO - MinimaxAgent
2024-09-02 16:55:23,943 - getAction - INFO - I: Q2_Agent,%%%%%%%%%%%%%%%%%%%%
%......% G  %  v...%
%.%%...%%  %%   %%.%
%.%o.%G...... %.o%.%
%.%%.%.%%%%%% %.%%.%
%........     .....%
%%%%%%%%%%%%%%%%%%%%
Score: 108
,
2024-09-02 16:55:23,943 - getAction - INFO - O: East
2024-09-02 16:55:23,945 - root - INFO - MinimaxAgent
2024-09-02 16:55:23,947 - getAction - INFO - I: Q2_Agent,%%%%%%%%%%%%%%%%%%%%
%......%  G %   <..%
%.%%...%%  %%   %%.%
%.%o.%.G..... %.o%.%
%.%%.%.%%%%%% %.%%.%
%........     .....%
%%%%%%%%%%%%%%%%%%%%
Score: 117
,
2024-09-02 16:55:23,947 - getAction - INFO - O: East
2024-09-02 16:55:23,948 - root - INFO - MinimaxAgent
2024-09-02 16:55:23,950 - getAction - INFO - I: Q2_Agent,%%%%%%%%%%%%%%%%%%%%
%......%    %    <.%
%.%%...%% G%%   %%.%
%.%o.%..G.... %.o%.%
%.%%.%.%%%%%% %.%%.%
%........     .....%
%%%%%%%%%%%%%%%%%%%%
Score: 126
,
2024-09-02 16:55:23,950 - getAction - INFO - O: East
2024-09-02 16:55:23,950 - root - INFO - MinimaxAgent
2024-09-02 16:55:23,953 - getAction - INFO - I: Q2_Agent,%%%%%%%%%%%%%%%%%%%%
%......%    %     <%
%.%%...%%G %%   %%.%
%.%o.%...G... %.o%.%
%.%%.%.%%%%%% %.%%.%
%........     .....%
%%%%%%%%%%%%%%%%%%%%
Score: 135
,
2024-09-02 16:55:23,953 - getAction - INFO - O: South
2024-09-02 16:55:23,953 - root - INFO - MinimaxAgent
2024-09-02 16:55:23,956 - getAction - INFO - I: Q2_Agent,%%%%%%%%%%%%%%%%%%%%
%......% G  %      %
%.%%...%%G %%   %%^%
%.%o.%....... %.o%.%
%.%%.%.%%%%%% %.%%.%
%........     .....%
%%%%%%%%%%%%%%%%%%%%
Score: 144
,
2024-09-02 16:55:23,956 - getAction - INFO - O: South
2024-09-02 16:55:23,956 - root - INFO - MinimaxAgent
2024-09-02 16:55:23,959 - getAction - INFO - I: Q2_Agent,%%%%%%%%%%%%%%%%%%%%
%......%GG  %      %
%.%%...%%  %%   %% %
%.%o.%....... %.o%^%
%.%%.%.%%%%%% %.%%.%
%........     .....%
%%%%%%%%%%%%%%%%%%%%
Score: 153
,
2024-09-02 16:55:23,959 - getAction - INFO - O: South
2024-09-02 16:55:23,960 - root - INFO - MinimaxAgent
2024-09-02 16:55:23,962 - getAction - INFO - I: Q2_Agent,%%%%%%%%%%%%%%%%%%%%
%......%GG  %      %
%.%%...%%  %%   %% %
%.%o.%....... %.o% %
%.%%.%.%%%%%% %.%%^%
%........     .....%
%%%%%%%%%%%%%%%%%%%%
Score: 162
,
2024-09-02 16:55:23,962 - getAction - INFO - O: South
2024-09-02 16:55:23,963 - root - INFO - MinimaxAgent
2024-09-02 16:55:23,967 - getAction - INFO - I: Q2_Agent,%%%%%%%%%%%%%%%%%%%%
%......% GG %      %
%.%%...%%  %%   %% %
%.%o.%....... %.o% %
%.%%.%.%%%%%% %.%% %
%........     ....^%
%%%%%%%%%%%%%%%%%%%%
Score: 171
,
2024-09-02 16:55:23,967 - getAction - INFO - O: West
2024-09-02 16:55:23,968 - root - INFO - MinimaxAgent
2024-09-02 16:55:23,970 - getAction - INFO - I: Q2_Agent,%%%%%%%%%%%%%%%%%%%%
%......%   G%      %
%.%%...%%G %%   %% %
%.%o.%....... %.o% %
%.%%.%.%%%%%% %.%% %
%........     ...> %
%%%%%%%%%%%%%%%%%%%%
Score: 180
,
2024-09-02 16:55:23,970 - getAction - INFO - O: West
2024-09-02 16:55:23,971 - root - INFO - MinimaxAgent
2024-09-02 16:55:23,973 - getAction - INFO - I: Q2_Agent,%%%%%%%%%%%%%%%%%%%%
%......%  G %      %
%.%%...%% G%%   %% %
%.%o.%....... %.o% %
%.%%.%.%%%%%% %.%% %
%........     ..>  %
%%%%%%%%%%%%%%%%%%%%
Score: 189
,
2024-09-02 16:55:23,973 - getAction - INFO - O: West
2024-09-02 16:55:23,973 - root - INFO - MinimaxAgent
2024-09-02 16:55:23,976 - getAction - INFO - I: Q2_Agent,%%%%%%%%%%%%%%%%%%%%
%......% GG %      %
%.%%...%%  %%   %% %
%.%o.%....... %.o% %
%.%%.%.%%%%%% %.%% %
%........     .>   %
%%%%%%%%%%%%%%%%%%%%
Score: 198
,
2024-09-02 16:55:23,976 - getAction - INFO - O: North
2024-09-02 16:55:23,977 - root - INFO - MinimaxAgent
2024-09-02 16:55:23,979 - getAction - INFO - I: Q2_Agent,%%%%%%%%%%%%%%%%%%%%
%......%   G%      %
%.%%...%%G %%   %% %
%.%o.%....... %.o% %
%.%%.%.%%%%%% %v%% %
%........     .    %
%%%%%%%%%%%%%%%%%%%%
Score: 207
,
2024-09-02 16:55:23,979 - getAction - INFO - O: North
2024-09-02 16:55:23,979 - root - INFO - MinimaxAgent
2024-09-02 16:55:23,982 - getAction - INFO - I: Q2_Agent,%%%%%%%%%%%%%%%%%%%%
%......%  G %      %
%.%%...%% G%%   %% %
%.%o.%....... %vo% %
%.%%.%.%%%%%% % %% %
%........     .    %
%%%%%%%%%%%%%%%%%%%%
Score: 216
,
2024-09-02 16:55:23,982 - getAction - INFO - O: North
2024-09-02 16:55:23,982 - root - INFO - MinimaxAgent
2024-09-02 16:55:23,985 - getAction - INFO - I: Q2_Agent,%%%%%%%%%%%%%%%%%%%%
%......%  G %      %
%.%%...%% G%%  v%% %
%.%o.%....... % o% %
%.%%.%.%%%%%% % %% %
%........     .    %
%%%%%%%%%%%%%%%%%%%%
Score: 215
,
2024-09-02 16:55:23,985 - getAction - INFO - O: North
2024-09-02 16:55:23,985 - root - INFO - MinimaxAgent
2024-09-02 16:55:23,986 - getAction - INFO - I: Q2_Agent,%%%%%%%%%%%%%%%%%%%%
%......% G  %  v   %
%.%%...%%  %%   %% %
%.%o.%....G.. % o% %
%.%%.%.%%%%%% % %% %
%........     .    %
%%%%%%%%%%%%%%%%%%%%
Score: 214
,
2024-09-02 16:55:23,986 - getAction - INFO - O: South
2024-09-02 16:55:23,987 - root - INFO - MinimaxAgent
2024-09-02 16:55:23,988 - getAction - INFO - I: Q2_Agent,%%%%%%%%%%%%%%%%%%%%
%......%    %      %
%.%%...%%G %%  ^%% %
%.%o.%...G... % o% %
%.%%.%.%%%%%% % %% %
%........     .    %
%%%%%%%%%%%%%%%%%%%%
Score: 213
,
2024-09-02 16:55:23,988 - getAction - INFO - O: North
2024-09-02 16:55:23,989 - root - INFO - MinimaxAgent
2024-09-02 16:55:23,990 - getAction - INFO - I: Q2_Agent,%%%%%%%%%%%%%%%%%%%%
%......%    %  v   %
%.%%...%% G%%   %% %
%.%o.%..G.... % o% %
%.%%.%.%%%%%% % %% %
%........     .    %
%%%%%%%%%%%%%%%%%%%%
Score: 212
,
2024-09-02 16:55:23,990 - getAction - INFO - O: South
2024-09-02 16:55:23,990 - root - INFO - MinimaxAgent
2024-09-02 16:55:23,991 - getAction - INFO - I: Q2_Agent,%%%%%%%%%%%%%%%%%%%%
%......%    %      %
%.%%...%%  %%  ^%% %
%.%o.%.G..G.. % o% %
%.%%.%.%%%%%% % %% %
%........     .    %
%%%%%%%%%%%%%%%%%%%%
Score: 211
,
2024-09-02 16:55:23,992 - getAction - INFO - O: North
2024-09-02 16:55:23,992 - root - INFO - MinimaxAgent
2024-09-02 16:55:23,993 - getAction - INFO - I: Q2_Agent,%%%%%%%%%%%%%%%%%%%%
%......%    %  v   %
%.%%...%%  %%   %% %
%.%o.%G..G... % o% %
%.%%.%.%%%%%% % %% %
%........     .    %
%%%%%%%%%%%%%%%%%%%%
Score: 210
,
2024-09-02 16:55:23,994 - getAction - INFO - O: South
2024-09-02 16:55:23,995 - root - INFO - MinimaxAgent
2024-09-02 16:55:23,995 - getAction - INFO - I: Q2_Agent,%%%%%%%%%%%%%%%%%%%%
%......%    %      %
%.%%...%%G %%  ^%% %
%.%o.%....... % o% %
%.%%.%G%%%%%% % %% %
%........     .    %
%%%%%%%%%%%%%%%%%%%%
Score: 209
,
2024-09-02 16:55:23,995 - getAction - INFO - O: North
2024-09-02 16:55:23,996 - root - INFO - MinimaxAgent
2024-09-02 16:55:23,998 - getAction - INFO - I: Q2_Agent,%%%%%%%%%%%%%%%%%%%%
%......% G  %  v   %
%.%%...%%  %%   %% %
%.%o.%....... % o% %
%.%%.%.%%%%%% % %% %
%.....G..     .    %
%%%%%%%%%%%%%%%%%%%%
Score: 208
,
2024-09-02 16:55:23,998 - getAction - INFO - O: South
2024-09-02 16:55:23,999 - root - INFO - MinimaxAgent
2024-09-02 16:55:24,000 - getAction - INFO - I: Q2_Agent,%%%%%%%%%%%%%%%%%%%%
%......%  G %      %
%.%%...%%  %%  ^%% %
%.%o.%....... % o% %
%.%%.%.%%%%%% % %% %
%....G...     .    %
%%%%%%%%%%%%%%%%%%%%
Score: 207
,
2024-09-02 16:55:24,000 - getAction - INFO - O: North
2024-09-02 16:55:24,001 - root - INFO - MinimaxAgent
2024-09-02 16:55:24,002 - getAction - INFO - I: Q2_Agent,%%%%%%%%%%%%%%%%%%%%
%......%   G%  v   %
%.%%...%%  %%   %% %
%.%o.%....... % o% %
%.%%.%.%%%%%% % %% %
%...G....     .    %
%%%%%%%%%%%%%%%%%%%%
Score: 206
,
2024-09-02 16:55:24,002 - getAction - INFO - O: South
2024-09-02 16:55:24,002 - root - INFO - MinimaxAgent
2024-09-02 16:55:24,004 - getAction - INFO - I: Q2_Agent,%%%%%%%%%%%%%%%%%%%%
%......%  G %      %
%.%%...%%  %%  ^%% %
%.%o.%....... % o% %
%.%%G%.%%%%%% % %% %
%........     .    %
%%%%%%%%%%%%%%%%%%%%
Score: 205
,
2024-09-02 16:55:24,004 - getAction - INFO - O: North
2024-09-02 16:55:24,004 - root - INFO - MinimaxAgent
2024-09-02 16:55:24,005 - getAction - INFO - I: Q2_Agent,%%%%%%%%%%%%%%%%%%%%
%......% G  %  v   %
%.%%...%%  %%   %% %
%.%oG%....... % o% %
%.%%.%.%%%%%% % %% %
%........     .    %
%%%%%%%%%%%%%%%%%%%%
Score: 204
,
2024-09-02 16:55:24,005 - getAction - INFO - O: South
2024-09-02 16:55:24,006 - root - INFO - MinimaxAgent
2024-09-02 16:55:24,007 - getAction - INFO - I: Q2_Agent,%%%%%%%%%%%%%%%%%%%%
%......%    %      %
%.%%G..%%G %%  ^%% %
%.%o.%....... % o% %
%.%%.%.%%%%%% % %% %
%........     .    %
%%%%%%%%%%%%%%%%%%%%
Score: 203
,
2024-09-02 16:55:24,007 - getAction - INFO - O: North
2024-09-02 16:55:24,008 - root - INFO - MinimaxAgent
2024-09-02 16:55:24,011 - getAction - INFO - I: Q2_Agent,%%%%%%%%%%%%%%%%%%%%
%......%    %  v   %
%.%%.G.%% G%%   %% %
%.%o.%....... % o% %
%.%%.%.%%%%%% % %% %
%........     .    %
%%%%%%%%%%%%%%%%%%%%
Score: 202
,
2024-09-02 16:55:24,011 - getAction - INFO - O: South
2024-09-02 16:55:24,011 - root - INFO - MinimaxAgent
2024-09-02 16:55:24,013 - getAction - INFO - I: Q2_Agent,%%%%%%%%%%%%%%%%%%%%
%......%    %      %
%.%%..G%%  %%  ^%% %
%.%o.%....G.. % o% %
%.%%.%.%%%%%% % %% %
%........     .    %
%%%%%%%%%%%%%%%%%%%%
Score: 201
,
2024-09-02 16:55:24,013 - getAction - INFO - O: North
2024-09-02 16:55:24,013 - root - INFO - MinimaxAgent
2024-09-02 16:55:24,015 - getAction - INFO - I: Q2_Agent,%%%%%%%%%%%%%%%%%%%%
%......%    %  v   %
%.%%...%%  %%   %% %
%.%o.%G..G... % o% %
%.%%.%.%%%%%% % %% %
%........     .    %
%%%%%%%%%%%%%%%%%%%%
Score: 200
,
2024-09-02 16:55:24,015 - getAction - INFO - O: South
2024-09-02 16:55:24,016 - root - INFO - MinimaxAgent
2024-09-02 16:55:24,017 - getAction - INFO - I: Q2_Agent,%%%%%%%%%%%%%%%%%%%%
%......%    %      %
%.%%...%%  %%  ^%% %
%.%o.%.GG.... % o% %
%.%%.%.%%%%%% % %% %
%........     .    %
%%%%%%%%%%%%%%%%%%%%
Score: 199
,
2024-09-02 16:55:24,017 - getAction - INFO - O: North
2024-09-02 16:55:24,018 - root - INFO - MinimaxAgent
2024-09-02 16:55:24,019 - getAction - INFO - I: Q2_Agent,%%%%%%%%%%%%%%%%%%%%
%......%    %  v   %
%.%%...%%  %%   %% %
%.%o.%.GG.... % o% %
%.%%.%.%%%%%% % %% %
%........     .    %
%%%%%%%%%%%%%%%%%%%%
Score: 198
,
2024-09-02 16:55:24,019 - getAction - INFO - O: South
2024-09-02 16:55:24,019 - root - INFO - MinimaxAgent
2024-09-02 16:55:24,021 - getAction - INFO - I: Q2_Agent,%%%%%%%%%%%%%%%%%%%%
%......%    %      %
%.%%...%%  %%  ^%% %
%.%o.%G..G... % o% %
%.%%.%.%%%%%% % %% %
%........     .    %
%%%%%%%%%%%%%%%%%%%%
Score: 197
,
2024-09-02 16:55:24,021 - getAction - INFO - O: North
2024-09-02 16:55:24,021 - root - INFO - MinimaxAgent
2024-09-02 16:55:24,023 - getAction - INFO - I: Q2_Agent,%%%%%%%%%%%%%%%%%%%%
%......%    %  v   %
%.%%..G%%  %%   %% %
%.%o.%....G.. % o% %
%.%%.%.%%%%%% % %% %
%........     .    %
%%%%%%%%%%%%%%%%%%%%
Score: 196
,
2024-09-02 16:55:24,023 - getAction - INFO - O: South
2024-09-02 16:55:24,023 - root - INFO - MinimaxAgent
2024-09-02 16:55:24,025 - getAction - INFO - I: Q2_Agent,%%%%%%%%%%%%%%%%%%%%
%.....G%    %      %
%.%%...%% G%%  ^%% %
%.%o.%....... % o% %
%.%%.%.%%%%%% % %% %
%........     .    %
%%%%%%%%%%%%%%%%%%%%
Score: 195
,
2024-09-02 16:55:24,025 - getAction - INFO - O: North
2024-09-02 16:55:24,025 - root - INFO - MinimaxAgent
2024-09-02 16:55:24,026 - getAction - INFO - I: Q2_Agent,%%%%%%%%%%%%%%%%%%%%
%....G.%    %  v   %
%.%%...%%G %%   %% %
%.%o.%....... % o% %
%.%%.%.%%%%%% % %% %
%........     .    %
%%%%%%%%%%%%%%%%%%%%
Score: 194
,
2024-09-02 16:55:24,026 - getAction - INFO - O: South
2024-09-02 16:55:24,027 - root - INFO - MinimaxAgent
2024-09-02 16:55:24,028 - getAction - INFO - I: Q2_Agent,%%%%%%%%%%%%%%%%%%%%
%......% G  %      %
%.%%.G.%%  %%  ^%% %
%.%o.%....... % o% %
%.%%.%.%%%%%% % %% %
%........     .    %
%%%%%%%%%%%%%%%%%%%%
Score: 193
,
2024-09-02 16:55:24,028 - getAction - INFO - O: North
2024-09-02 16:55:24,029 - root - INFO - MinimaxAgent
2024-09-02 16:55:24,030 - getAction - INFO - I: Q2_Agent,%%%%%%%%%%%%%%%%%%%%
%......%G   %  v   %
%.%%..G%%  %%   %% %
%.%o.%....... % o% %
%.%%.%.%%%%%% % %% %
%........     .    %
%%%%%%%%%%%%%%%%%%%%
Score: 192
,
2024-09-02 16:55:24,030 - getAction - INFO - O: South
2024-09-02 16:55:24,031 - root - INFO - MinimaxAgent
2024-09-02 16:55:24,033 - getAction - INFO - I: Q2_Agent,%%%%%%%%%%%%%%%%%%%%
%......% G  %      %
%.%%...%%  %%  ^%% %
%.%o.%G...... % o% %
%.%%.%.%%%%%% % %% %
%........     .    %
%%%%%%%%%%%%%%%%%%%%
Score: 191
,
2024-09-02 16:55:24,033 - getAction - INFO - O: North
2024-09-02 16:55:24,033 - root - INFO - MinimaxAgent
2024-09-02 16:55:24,035 - getAction - INFO - I: Q2_Agent,%%%%%%%%%%%%%%%%%%%%
%......%  G %  v   %
%.%%...%%  %%   %% %
%.%o.%....... % o% %
%.%%.%G%%%%%% % %% %
%........     .    %
%%%%%%%%%%%%%%%%%%%%
Score: 190
,
2024-09-02 16:55:24,035 - getAction - INFO - O: South
2024-09-02 16:55:24,035 - root - INFO - MinimaxAgent
2024-09-02 16:55:24,037 - getAction - INFO - I: Q2_Agent,%%%%%%%%%%%%%%%%%%%%
%......%    %      %
%.%%...%% G%%  ^%% %
%.%o.%....... % o% %
%.%%.%.%%%%%% % %% %
%.....G..     .    %
%%%%%%%%%%%%%%%%%%%%
Score: 189
,
2024-09-02 16:55:24,037 - getAction - INFO - O: North
2024-09-02 16:55:24,037 - root - INFO - MinimaxAgent
2024-09-02 16:55:24,038 - getAction - INFO - I: Q2_Agent,%%%%%%%%%%%%%%%%%%%%
%......%    %  v   %
%.%%...%%G %%   %% %
%.%o.%....... % o% %
%.%%.%.%%%%%% % %% %
%......G.     .    %
%%%%%%%%%%%%%%%%%%%%
Score: 188
,
2024-09-02 16:55:24,038 - getAction - INFO - O: South
2024-09-02 16:55:24,039 - root - INFO - MinimaxAgent
2024-09-02 16:55:24,040 - getAction - INFO - I: Q2_Agent,%%%%%%%%%%%%%%%%%%%%
%......%    %      %
%.%%...%%  %%  ^%% %
%.%o.%...G... % o% %
%.%%.%.%%%%%% % %% %
%.......G     .    %
%%%%%%%%%%%%%%%%%%%%
Score: 187
,
2024-09-02 16:55:24,040 - getAction - INFO - O: North
2024-09-02 16:55:24,041 - root - INFO - MinimaxAgent
2024-09-02 16:55:24,042 - getAction - INFO - I: Q2_Agent,%%%%%%%%%%%%%%%%%%%%
%......%    %  v   %
%.%%...%%  %%   %% %
%.%o.%..G.... % o% %
%.%%.%.%%%%%% % %% %
%........G    .    %
%%%%%%%%%%%%%%%%%%%%
Score: 186
,
2024-09-02 16:55:24,042 - getAction - INFO - O: South
2024-09-02 16:55:24,043 - root - INFO - MinimaxAgent
2024-09-02 16:55:24,044 - getAction - INFO - I: Q2_Agent,%%%%%%%%%%%%%%%%%%%%
%......%    %      %
%.%%...%%  %%  ^%% %
%.%o.%.G..... % o% %
%.%%.%.%%%%%% % %% %
%........ G   .    %
%%%%%%%%%%%%%%%%%%%%
Score: 185
,
2024-09-02 16:55:24,044 - getAction - INFO - O: North
2024-09-02 16:55:24,045 - root - INFO - MinimaxAgent
2024-09-02 16:55:24,046 - getAction - INFO - I: Q2_Agent,%%%%%%%%%%%%%%%%%%%%
%......%    %  v   %
%.%%...%%  %%   %% %
%.%o.%G...... % o% %
%.%%.%.%%%%%% % %% %
%........  G  .    %
%%%%%%%%%%%%%%%%%%%%
Score: 184
,
2024-09-02 16:55:24,046 - getAction - INFO - O: South
2024-09-02 16:55:24,047 - root - INFO - MinimaxAgent
2024-09-02 16:55:24,048 - getAction - INFO - I: Q2_Agent,%%%%%%%%%%%%%%%%%%%%
%......%    %      %
%.%%..G%%  %%  ^%% %
%.%o.%....... % o% %
%.%%.%.%%%%%% % %% %
%........   G .    %
%%%%%%%%%%%%%%%%%%%%
Score: 183
,
2024-09-02 16:55:24,048 - getAction - INFO - O: North
2024-09-02 16:55:24,049 - root - INFO - MinimaxAgent
2024-09-02 16:55:24,050 - getAction - INFO - I: Q2_Agent,%%%%%%%%%%%%%%%%%%%%
%......%    %  v   %
%.%%.G.%%  %%   %% %
%.%o.%....... % o% %
%.%%.%.%%%%%% % %% %
%........    G.    %
%%%%%%%%%%%%%%%%%%%%
Score: 182
,
2024-09-02 16:55:24,050 - getAction - INFO - O: South
2024-09-02 16:55:24,051 - root - INFO - MinimaxAgent
2024-09-02 16:55:24,052 - getAction - INFO - I: Q2_Agent,%%%%%%%%%%%%%%%%%%%%
%......%    %      %
%.%%G..%%  %%  ^%% %
%.%o.%....... % o% %
%.%%.%.%%%%%%G% %% %
%........     .    %
%%%%%%%%%%%%%%%%%%%%
Score: 181
,
2024-09-02 16:55:24,052 - getAction - INFO - O: North
2024-09-02 16:55:24,053 - root - INFO - MinimaxAgent
2024-09-02 16:55:24,055 - getAction - INFO - I: Q2_Agent,%%%%%%%%%%%%%%%%%%%%
%......%    %  v   %
%.%%...%%  %%   %% %
%.%oG%.......G% o% %
%.%%.%.%%%%%% % %% %
%........     .    %
%%%%%%%%%%%%%%%%%%%%
Score: 180
,
2024-09-02 16:55:24,055 - getAction - INFO - O: South
2024-09-02 16:55:24,055 - root - INFO - MinimaxAgent
2024-09-02 16:55:24,056 - getAction - INFO - I: Q2_Agent,%%%%%%%%%%%%%%%%%%%%
%......%    %      %
%.%%...%%  %%G ^%% %
%.%o.%....... % o% %
%.%%G%.%%%%%% % %% %
%........     .    %
%%%%%%%%%%%%%%%%%%%%
Score: 179
,
2024-09-02 16:55:24,056 - getAction - INFO - O: North
2024-09-02 16:55:24,057 - root - INFO - MinimaxAgent
2024-09-02 16:55:24,058 - getAction - INFO - I: Q2_Agent,%%%%%%%%%%%%%%%%%%%%
%......%    %G v   %
%.%%...%%  %%   %% %
%.%o.%....... % o% %
%.%%.%.%%%%%% % %% %
%...G....     .    %
%%%%%%%%%%%%%%%%%%%%
Score: 178
,
2024-09-02 16:55:24,058 - getAction - INFO - O: South
2024-09-02 16:55:24,059 - root - INFO - MinimaxAgent
2024-09-02 16:55:24,060 - getAction - INFO - I: Q2_Agent,%%%%%%%%%%%%%%%%%%%%
%......%    % G    %
%.%%...%%  %%  ^%% %
%.%o.%....... % o% %
%.%%.%.%%%%%% % %% %
%....G...     .    %
%%%%%%%%%%%%%%%%%%%%
Score: 177
,
2024-09-02 16:55:24,061 - getAction - INFO - O: South
2024-09-02 16:55:24,061 - root - INFO - MinimaxAgent
2024-09-02 16:55:24,063 - getAction - INFO - I: Q2_Agent,%%%%%%%%%%%%%%%%%%%%
%......%    %  G   %
%.%%...%%  %%   %% %
%.%o.%....... %^o% %
%.%%.%.%%%%%% % %% %
%.....G..     .    %
%%%%%%%%%%%%%%%%%%%%
Score: 176
,
2024-09-02 16:55:24,063 - getAction - INFO - O: South
2024-09-02 16:55:24,063 - root - INFO - MinimaxAgent
2024-09-02 16:55:24,065 - getAction - INFO - I: Q2_Agent,%%%%%%%%%%%%%%%%%%%%
%......%    %      %
%.%%...%%  %%  G%% %
%.%o.%....... % o% %
%.%%.%G%%%%%% %^%% %
%........     .    %
%%%%%%%%%%%%%%%%%%%%
Score: 175
,
2024-09-02 16:55:24,065 - getAction - INFO - O: South
2024-09-02 16:55:24,065 - root - INFO - MinimaxAgent
2024-09-02 16:55:24,067 - getAction - INFO - I: Q2_Agent,%%%%%%%%%%%%%%%%%%%%
%......%    %      %
%.%%...%%  %% G %% %
%.%o.%G...... % o% %
%.%%.%.%%%%%% % %% %
%........     .^   %
%%%%%%%%%%%%%%%%%%%%
Score: 174
,
2024-09-02 16:55:24,067 - getAction - INFO - O: West
2024-09-02 16:55:24,067 - root - INFO - MinimaxAgent
2024-09-02 16:55:24,069 - getAction - INFO - I: Q2_Agent,%%%%%%%%%%%%%%%%%%%%
%......%    %      %
%.%%...%%  %%G  %% %
%.%o.%.G..... % o% %
%.%%.%.%%%%%% % %% %
%........     >    %
%%%%%%%%%%%%%%%%%%%%
Score: 183
,
2024-09-02 16:55:24,069 - getAction - INFO - O: East
2024-09-02 16:55:24,070 - root - INFO - MinimaxAgent
2024-09-02 16:55:24,071 - getAction - INFO - I: Q2_Agent,%%%%%%%%%%%%%%%%%%%%
%......%    %      %
%.%%...%%  %%   %% %
%.%o.%..G....G% o% %
%.%%.%.%%%%%% % %% %
%........      <   %
%%%%%%%%%%%%%%%%%%%%
Score: 182
,
2024-09-02 16:55:24,071 - getAction - INFO - O: North
2024-09-02 16:55:24,072 - root - INFO - MinimaxAgent
2024-09-02 16:55:24,073 - getAction - INFO - I: Q2_Agent,%%%%%%%%%%%%%%%%%%%%
%......%    %      %
%.%%...%%  %%   %% %
%.%o.%...G..G % o% %
%.%%.%.%%%%%% %v%% %
%........          %
%%%%%%%%%%%%%%%%%%%%
Score: 181
,
2024-09-02 16:55:24,073 - getAction - INFO - O: North
2024-09-02 16:55:24,073 - root - INFO - MinimaxAgent
2024-09-02 16:55:24,076 - getAction - INFO - I: Q2_Agent,%%%%%%%%%%%%%%%%%%%%
%......%    %      %
%.%%...%%G %%   %% %
%.%o.%.....G. %vo% %
%.%%.%.%%%%%% % %% %
%........          %
%%%%%%%%%%%%%%%%%%%%
Score: 180
,
2024-09-02 16:55:24,077 - getAction - INFO - O: North
2024-09-02 16:55:24,077 - root - INFO - MinimaxAgent
2024-09-02 16:55:24,079 - getAction - INFO - I: Q2_Agent,%%%%%%%%%%%%%%%%%%%%
%......% G  %      %
%.%%...%%  %%  v%% %
%.%o.%....G.. % o% %
%.%%.%.%%%%%% % %% %
%........          %
%%%%%%%%%%%%%%%%%%%%
Score: 179
,
2024-09-02 16:55:24,079 - getAction - INFO - O: North
2024-09-02 16:55:24,079 - root - INFO - MinimaxAgent
2024-09-02 16:55:24,081 - getAction - INFO - I: Q2_Agent,%%%%%%%%%%%%%%%%%%%%
%......%  G %  v   %
%.%%...%%  %%   %% %
%.%o.%...G... % o% %
%.%%.%.%%%%%% % %% %
%........          %
%%%%%%%%%%%%%%%%%%%%
Score: 178
,
2024-09-02 16:55:24,081 - getAction - INFO - O: South
2024-09-02 16:55:24,081 - root - INFO - MinimaxAgent
2024-09-02 16:55:24,083 - getAction - INFO - I: Q2_Agent,%%%%%%%%%%%%%%%%%%%%
%......%    %      %
%.%%...%% G%%  ^%% %
%.%o.%..G.... % o% %
%.%%.%.%%%%%% % %% %
%........          %
%%%%%%%%%%%%%%%%%%%%
Score: 177
,
2024-09-02 16:55:24,083 - getAction - INFO - O: North
2024-09-02 16:55:24,083 - root - INFO - MinimaxAgent
2024-09-02 16:55:24,085 - getAction - INFO - I: Q2_Agent,%%%%%%%%%%%%%%%%%%%%
%......%    %  v   %
%.%%...%%G %%   %% %
%.%o.%.G..... % o% %
%.%%.%.%%%%%% % %% %
%........          %
%%%%%%%%%%%%%%%%%%%%
Score: 176
,
2024-09-02 16:55:24,085 - getAction - INFO - O: South
2024-09-02 16:55:24,085 - root - INFO - MinimaxAgent
2024-09-02 16:55:24,086 - getAction - INFO - I: Q2_Agent,%%%%%%%%%%%%%%%%%%%%
%......% G  %      %
%.%%...%%  %%  ^%% %
%.%o.%G...... % o% %
%.%%.%.%%%%%% % %% %
%........          %
%%%%%%%%%%%%%%%%%%%%
Score: 175
,
2024-09-02 16:55:24,086 - getAction - INFO - O: North
2024-09-02 16:55:24,087 - root - INFO - MinimaxAgent
2024-09-02 16:55:24,088 - getAction - INFO - I: Q2_Agent,%%%%%%%%%%%%%%%%%%%%
%......%  G %  v   %
%.%%..G%%  %%   %% %
%.%o.%....... % o% %
%.%%.%.%%%%%% % %% %
%........          %
%%%%%%%%%%%%%%%%%%%%
Score: 174
,
2024-09-02 16:55:24,088 - getAction - INFO - O: South
2024-09-02 16:55:24,089 - root - INFO - MinimaxAgent
2024-09-02 16:55:24,090 - getAction - INFO - I: Q2_Agent,%%%%%%%%%%%%%%%%%%%%
%......%   G%      %
%.%%.G.%%  %%  ^%% %
%.%o.%....... % o% %
%.%%.%.%%%%%% % %% %
%........          %
%%%%%%%%%%%%%%%%%%%%
Score: 173
,
2024-09-02 16:55:24,090 - getAction - INFO - O: North
2024-09-02 16:55:24,092 - root - INFO - MinimaxAgent
2024-09-02 16:55:24,093 - getAction - INFO - I: Q2_Agent,%%%%%%%%%%%%%%%%%%%%
%....G.%  G %  v   %
%.%%...%%  %%   %% %
%.%o.%....... % o% %
%.%%.%.%%%%%% % %% %
%........          %
%%%%%%%%%%%%%%%%%%%%
Score: 172
,
2024-09-02 16:55:24,093 - getAction - INFO - O: South
2024-09-02 16:55:24,095 - root - INFO - MinimaxAgent
2024-09-02 16:55:24,095 - getAction - INFO - I: Q2_Agent,%%%%%%%%%%%%%%%%%%%%
%.....G%    %      %
%.%%...%% G%%  ^%% %
%.%o.%....... % o% %
%.%%.%.%%%%%% % %% %
%........          %
%%%%%%%%%%%%%%%%%%%%
Score: 171
,
2024-09-02 16:55:24,095 - getAction - INFO - O: North
2024-09-02 16:55:24,096 - root - INFO - MinimaxAgent
2024-09-02 16:55:24,097 - getAction - INFO - I: Q2_Agent,%%%%%%%%%%%%%%%%%%%%
%......%    %  v   %
%.%%..G%%  %%   %% %
%.%o.%....G.. % o% %
%.%%.%.%%%%%% % %% %
%........          %
%%%%%%%%%%%%%%%%%%%%
Score: 170
,
2024-09-02 16:55:24,097 - getAction - INFO - O: South
2024-09-02 16:55:24,098 - root - INFO - MinimaxAgent
2024-09-02 16:55:24,100 - getAction - INFO - I: Q2_Agent,%%%%%%%%%%%%%%%%%%%%
%......%    %      %
%.%%...%%  %%  ^%% %
%.%o.%G..G... % o% %
%.%%.%.%%%%%% % %% %
%........          %
%%%%%%%%%%%%%%%%%%%%
Score: 169
,
2024-09-02 16:55:24,100 - getAction - INFO - O: North
2024-09-02 16:55:24,101 - root - INFO - MinimaxAgent
2024-09-02 16:55:24,102 - getAction - INFO - I: Q2_Agent,%%%%%%%%%%%%%%%%%%%%
%......%    %  v   %
%.%%...%%  %%   %% %
%.%o.%..G.... % o% %
%.%%.%G%%%%%% % %% %
%........          %
%%%%%%%%%%%%%%%%%%%%
Score: 168
,
2024-09-02 16:55:24,102 - getAction - INFO - O: South
2024-09-02 16:55:24,102 - root - INFO - MinimaxAgent
2024-09-02 16:55:24,104 - getAction - INFO - I: Q2_Agent,%%%%%%%%%%%%%%%%%%%%
%......%    %      %
%.%%...%%  %%  ^%% %
%.%o.%.G..... % o% %
%.%%.%.%%%%%% % %% %
%.....G..          %
%%%%%%%%%%%%%%%%%%%%
Score: 167
,
2024-09-02 16:55:24,104 - getAction - INFO - O: North
2024-09-02 16:55:24,104 - root - INFO - MinimaxAgent
2024-09-02 16:55:24,105 - getAction - INFO - I: Q2_Agent,%%%%%%%%%%%%%%%%%%%%
%......%    %  v   %
%.%%...%%  %%   %% %
%.%o.%G...... % o% %
%.%%.%.%%%%%% % %% %
%......G.          %
%%%%%%%%%%%%%%%%%%%%
Score: 166
,
2024-09-02 16:55:24,105 - getAction - INFO - O: South
2024-09-02 16:55:24,105 - root - INFO - MinimaxAgent
2024-09-02 16:55:24,107 - getAction - INFO - I: Q2_Agent,%%%%%%%%%%%%%%%%%%%%
%......%    %      %
%.%%...%%  %%  ^%% %
%.%o.%....... % o% %
%.%%.%G%%%%%% % %% %
%.......G          %
%%%%%%%%%%%%%%%%%%%%
Score: 165
,
2024-09-02 16:55:24,107 - getAction - INFO - O: North
2024-09-02 16:55:24,107 - root - INFO - MinimaxAgent
2024-09-02 16:55:24,109 - getAction - INFO - I: Q2_Agent,%%%%%%%%%%%%%%%%%%%%
%......%    %  v   %
%.%%...%%  %%   %% %
%.%o.%....... % o% %
%.%%.%.%%%%%% % %% %
%.....G..G         %
%%%%%%%%%%%%%%%%%%%%
Score: 164
,
2024-09-02 16:55:24,109 - getAction - INFO - O: South
2024-09-02 16:55:24,109 - root - INFO - MinimaxAgent
2024-09-02 16:55:24,111 - getAction - INFO - I: Q2_Agent,%%%%%%%%%%%%%%%%%%%%
%......%    %      %
%.%%...%%  %%  ^%% %
%.%o.%....... % o% %
%.%%.%.%%%%%% % %% %
%....G... G        %
%%%%%%%%%%%%%%%%%%%%
Score: 163
,
2024-09-02 16:55:24,111 - getAction - INFO - O: North
2024-09-02 16:55:24,112 - root - INFO - MinimaxAgent
2024-09-02 16:55:24,113 - getAction - INFO - I: Q2_Agent,%%%%%%%%%%%%%%%%%%%%
%......%    %  v   %
%.%%...%%  %%   %% %
%.%o.%....... % o% %
%.%%.%.%%%%%% % %% %
%...G....  G       %
%%%%%%%%%%%%%%%%%%%%
Score: 162
,
2024-09-02 16:55:24,113 - getAction - INFO - O: South
2024-09-02 16:55:24,113 - root - INFO - MinimaxAgent
2024-09-02 16:55:24,115 - getAction - INFO - I: Q2_Agent,%%%%%%%%%%%%%%%%%%%%
%......%    %      %
%.%%...%%  %%  ^%% %
%.%o.%....... % o% %
%.%%G%.%%%%%% % %% %
%........   G      %
%%%%%%%%%%%%%%%%%%%%
Score: 161
,
2024-09-02 16:55:24,115 - getAction - INFO - O: North
2024-09-02 16:55:24,116 - root - INFO - MinimaxAgent
2024-09-02 16:55:24,118 - getAction - INFO - I: Q2_Agent,%%%%%%%%%%%%%%%%%%%%
%......%    %  v   %
%.%%...%%  %%   %% %
%.%oG%....... % o% %
%.%%.%.%%%%%% % %% %
%........    G     %
%%%%%%%%%%%%%%%%%%%%
Score: 160
,
2024-09-02 16:55:24,118 - getAction - INFO - O: South
2024-09-02 16:55:24,118 - root - INFO - MinimaxAgent
2024-09-02 16:55:24,119 - getAction - INFO - I: Q2_Agent,%%%%%%%%%%%%%%%%%%%%
%......%    %      %
%.%%...%%  %%  ^%% %
%.%o.%....... % o% %
%.%%.%.%%%%%%G% %% %
%........          %
%%%%%%%%%%%%%%%%%%%%
Score: 159
,
2024-09-02 16:55:24,119 - getAction - INFO - O: North
2024-09-02 16:55:24,120 - root - INFO - MinimaxAgent
2024-09-02 16:55:24,122 - getAction - INFO - I: Q2_Agent,%%%%%%%%%%%%%%%%%%%%
%......%    %  v   %
%.%%...%%  %%   %% %
%.%oG%.......G% o% %
%.%%.%.%%%%%% % %% %
%........          %
%%%%%%%%%%%%%%%%%%%%
Score: 158
,
2024-09-02 16:55:24,122 - getAction - INFO - O: South
2024-09-02 16:55:24,122 - root - INFO - MinimaxAgent
2024-09-02 16:55:24,123 - getAction - INFO - I: Q2_Agent,%%%%%%%%%%%%%%%%%%%%
%......%    %      %
%.%%...%%  %%G ^%% %
%.%o.%....... % o% %
%.%%G%.%%%%%% % %% %
%........          %
%%%%%%%%%%%%%%%%%%%%
Score: 157
,
2024-09-02 16:55:24,123 - getAction - INFO - O: North
2024-09-02 16:55:24,125 - root - INFO - MinimaxAgent
2024-09-02 16:55:24,127 - getAction - INFO - I: Q2_Agent,%%%%%%%%%%%%%%%%%%%%
%......%    %  v   %
%.%%...%%  %% G %% %
%.%o.%....... % o% %
%.%%.%.%%%%%% % %% %
%...G....          %
%%%%%%%%%%%%%%%%%%%%
Score: 156
,
2024-09-02 16:55:24,127 - getAction - INFO - O: East
2024-09-02 16:55:24,127 - root - INFO - MinimaxAgent
2024-09-02 16:55:24,128 - getAction - INFO - I: Q2_Agent,%%%%%%%%%%%%%%%%%%%%
%......%    % G <  %
%.%%...%%  %%   %% %
%.%o.%....... % o% %
%.%%.%.%%%%%% % %% %
%....G...          %
%%%%%%%%%%%%%%%%%%%%
Score: 155
,
2024-09-02 16:55:24,128 - getAction - INFO - O: East
2024-09-02 16:55:24,128 - root - INFO - MinimaxAgent
2024-09-02 16:55:24,130 - getAction - INFO - I: Q2_Agent,%%%%%%%%%%%%%%%%%%%%
%......%    %  G < %
%.%%...%%  %%   %% %
%.%o.%....... % o% %
%.%%.%.%%%%%% % %% %
%.....G..          %
%%%%%%%%%%%%%%%%%%%%
Score: 154
,
2024-09-02 16:55:24,130 - getAction - INFO - O: East
2024-09-02 16:55:24,130 - root - INFO - MinimaxAgent
2024-09-02 16:55:24,131 - getAction - INFO - I: Q2_Agent,%%%%%%%%%%%%%%%%%%%%
%......%    %   G <%
%.%%...%%  %%   %% %
%.%o.%....... % o% %
%.%%.%.%%%%%% % %% %
%......G.          %
%%%%%%%%%%%%%%%%%%%%
Score: 153
,
2024-09-02 16:55:24,131 - getAction - INFO - O: South
2024-09-02 16:55:24,132 - root - INFO - MinimaxAgent
2024-09-02 16:55:24,133 - getAction - INFO - I: Q2_Agent,%%%%%%%%%%%%%%%%%%%%
%......%    %    G %
%.%%...%%  %%   %%^%
%.%o.%....... % o% %
%.%%.%.%%%%%% % %% %
%.......G          %
%%%%%%%%%%%%%%%%%%%%
Score: 152
,
2024-09-02 16:55:24,133 - getAction - INFO - O: South
2024-09-02 16:55:24,133 - root - INFO - MinimaxAgent
2024-09-02 16:55:24,135 - getAction - INFO - I: Q2_Agent,%%%%%%%%%%%%%%%%%%%%
%......%    %     G%
%.%%...%%  %%   %% %
%.%o.%....... % o%^%
%.%%.%.%%%%%% % %% %
%........G         %
%%%%%%%%%%%%%%%%%%%%
Score: 151
,
2024-09-02 16:55:24,135 - getAction - INFO - O: South
2024-09-02 16:55:24,135 - root - INFO - MinimaxAgent
2024-09-02 16:55:24,136 - getAction - INFO - I: Q2_Agent,%%%%%%%%%%%%%%%%%%%%
%......%    %      %
%.%%...%%  %%   %%G%
%.%o.%....... % o% %
%.%%.%.%%%%%% % %%^%
%........ G        %
%%%%%%%%%%%%%%%%%%%%
Score: 150
,
2024-09-02 16:55:24,136 - getAction - INFO - O: South
2024-09-02 16:55:24,136 - root - INFO - MinimaxAgent
2024-09-02 16:55:24,137 - getAction - INFO - I: Q2_Agent,%%%%%%%%%%%%%%%%%%%%
%......%    %      %
%.%%...%%  %%   %% %
%.%o.%....... % o%G%
%.%%.%.%%%%%% % %% %
%........  G      ^%
%%%%%%%%%%%%%%%%%%%%
Score: 149
,
2024-09-02 16:55:24,137 - getAction - INFO - O: West
2024-09-02 16:55:24,138 - root - INFO - MinimaxAgent
2024-09-02 16:55:24,139 - getAction - INFO - I: Q2_Agent,%%%%%%%%%%%%%%%%%%%%
%......%    %      %
%.%%...%%  %%   %% %
%.%o.%....... % o% %
%.%%.%.%%%%%% % %%G%
%........   G    > %
%%%%%%%%%%%%%%%%%%%%
Score: 148
,
2024-09-02 16:55:24,139 - getAction - INFO - O: West
2024-09-02 16:55:24,139 - root - INFO - MinimaxAgent
2024-09-02 16:55:24,141 - getAction - INFO - I: Q2_Agent,%%%%%%%%%%%%%%%%%%%%
%......%    %      %
%.%%...%%  %%   %% %
%.%o.%....... % o% %
%.%%.%.%%%%%% % %% %
%........    G  > G%
%%%%%%%%%%%%%%%%%%%%
Score: 147
,
2024-09-02 16:55:24,141 - getAction - INFO - O: West
2024-09-02 16:55:24,141 - root - INFO - MinimaxAgent
2024-09-02 16:55:24,142 - getAction - INFO - I: Q2_Agent,%%%%%%%%%%%%%%%%%%%%
%......%    %      %
%.%%...%%  %%   %% %
%.%o.%....... % o% %
%.%%.%.%%%%%% % %% %
%........     G> G %
%%%%%%%%%%%%%%%%%%%%
Score: 146
,
2024-09-02 16:55:24,142 - getAction - INFO - O: North
2024-09-02 16:55:24,143 - root - INFO - MinimaxAgent
2024-09-02 16:55:24,145 - getAction - INFO - I: Q2_Agent,%%%%%%%%%%%%%%%%%%%%
%......%    %      %
%.%%...%%  %%   %% %
%.%o.%....... % o% %
%.%%.%.%%%%%% %v%% %
%........      GG  %
%%%%%%%%%%%%%%%%%%%%
Score: 145
,
2024-09-02 16:55:24,145 - getAction - INFO - O: North
2024-09-02 16:55:24,145 - root - INFO - MinimaxAgent
2024-09-02 16:55:24,146 - getAction - INFO - I: Q2_Agent,%%%%%%%%%%%%%%%%%%%%
%......%    %      %
%.%%...%%  %%   %% %
%.%o.%....... %vo% %
%.%%.%.%%%%%% %G%% %
%........      G   %
%%%%%%%%%%%%%%%%%%%%
Score: 144
,
2024-09-02 16:55:24,146 - getAction - INFO - O: North
2024-09-02 16:55:24,147 - root - INFO - MinimaxAgent
2024-09-02 16:55:24,148 - getAction - INFO - I: Q2_Agent,%%%%%%%%%%%%%%%%%%%%
%......%    %      %
%.%%...%%  %%  v%% %
%.%o.%....... %Go% %
%.%%.%.%%%%%% %G%% %
%........          %
%%%%%%%%%%%%%%%%%%%%
Score: 143
,
2024-09-02 16:55:24,148 - getAction - INFO - O: North
2024-09-02 16:55:24,149 - root - INFO - MinimaxAgent
2024-09-02 16:55:24,150 - getAction - INFO - I: Q2_Agent,%%%%%%%%%%%%%%%%%%%%
%......%    %  v   %
%.%%...%%  %%   %% %
%.%o.%....... %Go% %
%.%%.%.%%%%%% % %% %
%........          %
%%%%%%%%%%%%%%%%%%%%
Score: 142
,
2024-09-02 16:55:24,150 - getAction - INFO - O: East
2024-09-02 16:55:24,151 - root - INFO - MinimaxAgent
2024-09-02 16:55:24,152 - getAction - INFO - I: Q2_Agent,%%%%%%%%%%%%%%%%%%%%
%......%    %   <  %
%.%%...%%  %%  G%% %
%.%o.%....... %Go% %
%.%%.%.%%%%%% % %% %
%........          %
%%%%%%%%%%%%%%%%%%%%
Score: 141
,
2024-09-02 16:55:24,152 - getAction - INFO - O: East
2024-09-02 16:55:24,153 - root - INFO - MinimaxAgent
2024-09-02 16:55:24,155 - getAction - INFO - I: Q2_Agent,%%%%%%%%%%%%%%%%%%%%
%......%    %  G < %
%.%%...%%  %%   %% %
%.%o.%....... % o% %
%.%%.%.%%%%%% %G%% %
%........          %
%%%%%%%%%%%%%%%%%%%%
Score: 140
,
2024-09-02 16:55:24,155 - getAction - INFO - O: East
2024-09-02 16:55:24,155 - root - INFO - MinimaxAgent
2024-09-02 16:55:24,156 - getAction - INFO - I: Q2_Agent,%%%%%%%%%%%%%%%%%%%%
%......%    %   G <%
%.%%...%%  %%   %% %
%.%o.%....... % o% %
%.%%.%.%%%%%% % %% %
%........      G   %
%%%%%%%%%%%%%%%%%%%%
Score: 139
,
2024-09-02 16:55:24,156 - getAction - INFO - O: South
2024-09-02 16:55:24,156 - root - INFO - MinimaxAgent
2024-09-02 16:55:24,158 - getAction - INFO - I: Q2_Agent,%%%%%%%%%%%%%%%%%%%%
%......%    %    G %
%.%%...%%  %%   %%^%
%.%o.%....... % o% %
%.%%.%.%%%%%% % %% %
%........       G  %
%%%%%%%%%%%%%%%%%%%%
Score: 138
,
2024-09-02 16:55:24,158 - getAction - INFO - O: South
2024-09-02 16:55:24,159 - root - INFO - MinimaxAgent
2024-09-02 16:55:24,160 - getAction - INFO - I: Q2_Agent,%%%%%%%%%%%%%%%%%%%%
%......%    %     G%
%.%%...%%  %%   %% %
%.%o.%....... % o%^%
%.%%.%.%%%%%% % %% %
%........        G %
%%%%%%%%%%%%%%%%%%%%
Score: 137
,
2024-09-02 16:55:24,160 - getAction - INFO - O: South
2024-09-02 16:55:24,160 - root - INFO - MinimaxAgent
2024-09-02 16:55:24,161 - getAction - INFO - I: Q2_Agent,%%%%%%%%%%%%%%%%%%%%
%......%    %      %
%.%%...%%  %%   %%G%
%.%o.%....... % o% %
%.%%.%.%%%%%% % %%^%
%........         G%
%%%%%%%%%%%%%%%%%%%%
Score: 136
,
2024-09-02 16:55:24,161 - getAction - INFO - O: North
2024-09-02 16:55:24,162 - root - INFO - Remaining Food: 30
2024-09-02 16:55:24,162 - root - INFO - moveHistory: [[(0, 'East'), (1, 'East'), (2, 'West'), (0, 'East'), (1, 'South'), (2, 'West'), (0, 'East'), (1, 'South'), (2, 'West'), (0, 'East'), (1, 'West'), (2, 'East'), (0, 'North'), (1, 'West'), (2, 'East'), (0, 'North'), (1, 'West'), (2, 'East'), (0, 'North'), (1, 'North'), (2, 'West'), (0, 'North'), (1, 'North'), (2, 'South'), (0, 'East'), (1, 'West'), (2, 'South'), (0, 'South'), (1, 'South'), (2, 'West'), (0, 'East'), (1, 'East'), (2, 'North'), (0, 'North'), (1, 'South'), (2, 'North'), (0, 'East'), (1, 'East'), (2, 'East'), (0, 'East'), (1, 'East'), (2, 'South'), (0, 'East'), (1, 'East'), (2, 'West'), (0, 'South'), (1, 'North'), (2, 'North'), (0, 'South'), (1, 'North'), (2, 'West'), (0, 'South'), (1, 'West'), (2, 'East'), (0, 'South'), (1, 'East'), (2, 'East'), (0, 'West'), (1, 'South'), (2, 'East'), (0, 'West'), (1, 'East'), (2, 'West'), (0, 'West'), (1, 'North'), (2, 'West'), (0, 'North'), (1, 'East'), (2, 'South'), (0, 'North'), (1, 'West'), (2, 'East'), (0, 'North'), (1, 'South'), (2, 'North'), (0, 'North'), (1, 'South'), (2, 'West'), (0, 'South'), (1, 'West'), (2, 'South'), (0, 'North'), (1, 'West'), (2, 'East'), (0, 'South'), (1, 'West'), (2, 'South'), (0, 'North'), (1, 'West'), (2, 'West'), (0, 'South'), (1, 'South'), (2, 'North'), (0, 'North'), (1, 'South'), (2, 'North'), (0, 'South'), (1, 'West'), (2, 'East'), (0, 'North'), (1, 'West'), (2, 'East'), (0, 'South'), (1, 'North'), (2, 'West'), (0, 'North'), (1, 'North'), (2, 'West'), (0, 'South'), (1, 'North'), (2, 'South'), (0, 'North'), (1, 'East'), (2, 'East'), (0, 'South'), (1, 'East'), (2, 'South'), (0, 'North'), (1, 'South'), (2, 'West'), (0, 'South'), (1, 'East'), (2, 'West'), (0, 'North'), (1, 'East'), (2, 'West'), (0, 'South'), (1, 'East'), (2, 'West'), (0, 'North'), (1, 'East'), (2, 'North'), (0, 'South'), (1, 'North'), (2, 'North'), (0, 'North'), (1, 'West'), (2, 'West'), (0, 'South'), (1, 'North'), (2, 'South'), (0, 'North'), (1, 'West'), (2, 'East'), (0, 'South'), (1, 'East'), (2, 'South'), (0, 'North'), (1, 'East'), (2, 'South'), (0, 'South'), (1, 'South'), (2, 'South'), (0, 'North'), (1, 'West'), (2, 'East'), (0, 'South'), (1, 'South'), (2, 'East'), (0, 'North'), (1, 'West'), (2, 'East'), (0, 'South'), (1, 'West'), (2, 'East'), (0, 'North'), (1, 'West'), (2, 'East'), (0, 'South'), (1, 'North'), (2, 'East'), (0, 'North'), (1, 'West'), (2, 'East'), (0, 'South'), (1, 'West'), (2, 'North'), (0, 'North'), (1, 'South'), (2, 'North'), (0, 'South'), (1, 'South'), (2, 'North'), (0, 'North'), (1, 'South'), (2, 'North'), (0, 'South'), (1, 'East'), (2, 'East'), (0, 'South'), (1, 'East'), (2, 'East'), (0, 'South'), (1, 'North'), (2, 'South'), (0, 'South'), (1, 'North'), (2, 'West'), (0, 'West'), (1, 'East'), (2, 'West'), (0, 'East'), (1, 'East'), (2, 'South'), (0, 'North'), (1, 'East'), (2, 'West'), (0, 'North'), (1, 'North'), (2, 'West'), (0, 'North'), (1, 'North'), (2, 'West'), (0, 'North'), (1, 'East'), (2, 'West'), (0, 'South'), (1, 'South'), (2, 'West'), (0, 'North'), (1, 'West'), (2, 'West'), (0, 'South'), (1, 'North'), (2, 'West'), (0, 'North'), (1, 'East'), (2, 'North'), (0, 'South'), (1, 'East'), (2, 'West'), (0, 'North'), (1, 'West'), (2, 'North'), (0, 'South'), (1, 'South'), (2, 'East'), (0, 'North'), (1, 'South'), (2, 'South'), (0, 'South'), (1, 'West'), (2, 'South'), (0, 'North'), (1, 'West'), (2, 'South'), (0, 'South'), (1, 'West'), (2, 'South'), (0, 'North'), (1, 'West'), (2, 'East'), (0, 'South'), (1, 'South'), (2, 'East'), (0, 'North'), (1, 'South'), (2, 'East'), (0, 'South'), (1, 'West'), (2, 'East'), (0, 'North'), (1, 'West'), (2, 'East'), (0, 'South'), (1, 'North'), (2, 'East'), (0, 'North'), (1, 'North'), (2, 'East'), (0, 'South'), (1, 'West'), (2, 'North'), (0, 'North'), (1, 'East'), (2, 'North'), (0, 'South'), (1, 'South'), (2, 'North'), (0, 'North'), (1, 'South'), (2, 'East'), (0, 'East'), (1, 'East'), (2, 'North'), (0, 'East'), (1, 'East'), (2, 'East'), (0, 'East'), (1, 'East'), (2, 'East'), (0, 'South'), (1, 'East'), (2, 'East'), (0, 'South'), (1, 'East'), (2, 'East'), (0, 'South'), (1, 'East'), (2, 'South'), (0, 'South'), (1, 'East'), (2, 'South'), (0, 'West'), (1, 'East'), (2, 'South'), (0, 'West'), (1, 'East'), (2, 'South'), (0, 'West'), (1, 'East'), (2, 'West'), (0, 'North'), (1, 'East'), (2, 'West'), (0, 'North'), (1, 'North'), (2, 'West'), (0, 'North'), (1, 'North'), (2, 'North'), (0, 'North'), (1, 'East'), (2, 'North'), (0, 'East'), (1, 'West'), (2, 'North'), (0, 'East'), (1, 'South'), (2, 'North'), (0, 'East'), (1, 'South'), (2, 'East'), (0, 'South'), (1, 'East'), (2, 'East'), (0, 'South'), (1, 'East'), (2, 'East'), (0, 'South'), (1, 'East'), (2, 'South'), (0, 'North'), (1, 'North'), (2, 'South')]]
2024-09-02 16:55:24,162 - root - INFO - pathLength: [345]
2024-09-02 16:55:24,162 - root - INFO - Average Score: -365.00
2024-09-02 16:55:24,162 - root - INFO - Scores: -365.0
2024-09-02 16:55:24,162 - root - INFO - Win Rate:      0/1 (0.00)
2024-09-02 16:55:24,162 - root - INFO - Record:       Loss
