2024-09-02 16:55:24,619 - root - INFO - Logger Version: 2.0.0
2024-09-02 16:55:24,619 - main - INFO - input_args: dict_items([('layout', './layouts\\q2_trickyClassic.lay'), ('pacman', <Q2_Agent.Q2_Agent object at 0x0000022073982840>), ('ghosts', [<RandomGhost.RandomGhost object at 0x0000022073982A20>, <RandomGhost.RandomGhost object at 0x00000220739A1FA0>, <RandomGhost.RandomGhost object at 0x00000220739A1EB0>, <RandomGhost.RandomGhost object at 0x00000220739A1FD0>]), ('display', <textDisplay.NullGraphics object at 0x00000220739A2060>), ('numGames', 1), ('record', False), ('catchExceptions', True), ('timeout', 30), ('outfile', 'q2_trickyClassic')])
2024-09-02 16:55:24,619 - root - INFO - runGames
2024-09-02 16:55:24,619 - root - INFO - 0/1
2024-09-02 16:55:24,620 - root - INFO - newGame
2024-09-02 16:55:24,620 - root - INFO - layout: %%%%%%%%%%%%%%%%%%%%
%o...%........%...o%
%.%%.%.%%..%%.%.%%.%
%.%.....%..%.....%.%
%.%.%%.%%  %%.%%.%.%
%...... GGG %.%....%
%.%....%%%%%%.%..%.%
%.%....%G oo%.%..%.%
%.%....% %%%%.%..%.%
%.%...........%..%.%
%.%%.%.%%%%%%.%.%%.%
%o...%...P....%...o%
%%%%%%%%%%%%%%%%%%%%
2024-09-02 16:55:24,620 - root - INFO - runGame
2024-09-02 16:55:24,620 - root - INFO - #agents:5
2024-09-02 16:55:24,620 - root - INFO - #pacman:1
2024-09-02 16:55:24,620 - root - INFO - #ghosts:4
2024-09-02 16:55:24,621 - root - INFO - MinimaxAgent
2024-09-02 16:55:24,631 - getAction - INFO - I: Q2_Agent,%%%%%%%%%%%%%%%%%%%%
%o...%........%...o%
%.%%.%.%%..%%.%.%%.%
%.%.....%..%.....%.%
%.%.%%.%%  %%.%%.%.%
%...... GGG %.%....%
%.%....%%%%%%.%..%.%
%.%....%G oo%.%..%.%
%.%....% %%%%.%..%.%
%.%...........%..%.%
%.%%.%.%%%%%%.%.%%.%
%o...%...<....%...o%
%%%%%%%%%%%%%%%%%%%%
Score: 0
,
2024-09-02 16:55:24,631 - getAction - INFO - O: East
2024-09-02 16:55:24,632 - root - INFO - MinimaxAgent
2024-09-02 16:55:24,639 - getAction - INFO - I: Q2_Agent,%%%%%%%%%%%%%%%%%%%%
%o...%........%...o%
%.%%.%.%%..%%.%.%%.%
%.%.....%..%.....%.%
%.%.%%.%%  %%.%%.%.%
%......GGG  %.%....%
%.%....%%%%%%.%..%.%
%.%....%  oo%.%..%.%
%.%....%G%%%%.%..%.%
%.%...........%..%.%
%.%%.%.%%%%%%.%.%%.%
%o...%... <...%...o%
%%%%%%%%%%%%%%%%%%%%
Score: 9
,
2024-09-02 16:55:24,639 - getAction - INFO - O: East
2024-09-02 16:55:24,640 - root - INFO - MinimaxAgent
2024-09-02 16:55:24,648 - getAction - INFO - I: Q2_Agent,%%%%%%%%%%%%%%%%%%%%
%o...%........%...o%
%.%%.%.%%..%%.%.%%.%
%.%.....%..%.....%.%
%.%.%%.%%  %%.%%.%.%
%.....GGG   %.%....%
%.%....%%%%%%.%..%.%
%.%....%  oo%.%..%.%
%.%....% %%%%.%..%.%
%.%.....G.....%..%.%
%.%%.%.%%%%%%.%.%%.%
%o...%...  <..%...o%
%%%%%%%%%%%%%%%%%%%%
Score: 18
,
2024-09-02 16:55:24,648 - getAction - INFO - O: East
2024-09-02 16:55:24,649 - root - INFO - MinimaxAgent
2024-09-02 16:55:24,657 - getAction - INFO - I: Q2_Agent,%%%%%%%%%%%%%%%%%%%%
%o...%........%...o%
%.%%.%.%%..%%.%.%%.%
%.%.....%..%.....%.%
%.%.%%G%%  %%.%%.%.%
%.....GG    %.%....%
%.%....%%%%%%.%..%.%
%.%....%  oo%.%..%.%
%.%....% %%%%.%..%.%
%.%....G......%..%.%
%.%%.%.%%%%%%.%.%%.%
%o...%...   <.%...o%
%%%%%%%%%%%%%%%%%%%%
Score: 27
,
2024-09-02 16:55:24,657 - getAction - INFO - O: East
2024-09-02 16:55:24,659 - root - INFO - MinimaxAgent
2024-09-02 16:55:24,668 - getAction - INFO - I: Q2_Agent,%%%%%%%%%%%%%%%%%%%%
%o...%........%...o%
%.%%.%.%%..%%.%.%%.%
%.%...G.%..%.....%.%
%.%.%%G%%  %%.%%.%.%
%.....G     %.%....%
%.%....%%%%%%.%..%.%
%.%....%  oo%.%..%.%
%.%....% %%%%.%..%.%
%.%...G.......%..%.%
%.%%.%.%%%%%%.%.%%.%
%o...%...    <%...o%
%%%%%%%%%%%%%%%%%%%%
Score: 36
,
2024-09-02 16:55:24,668 - getAction - INFO - O: North
2024-09-02 16:55:24,669 - root - INFO - MinimaxAgent
2024-09-02 16:55:24,677 - getAction - INFO - I: Q2_Agent,%%%%%%%%%%%%%%%%%%%%
%o...%........%...o%
%.%%.%.%%..%%.%.%%.%
%.%...GG%..%.....%.%
%.%.%%.%%  %%.%%.%.%
%......     %.%....%
%.%...G%%%%%%.%..%.%
%.%....%  oo%.%..%.%
%.%....% %%%%.%..%.%
%.%..G........%..%.%
%.%%.%.%%%%%%v%.%%.%
%o...%...     %...o%
%%%%%%%%%%%%%%%%%%%%
Score: 45
,
2024-09-02 16:55:24,677 - getAction - INFO - O: North
2024-09-02 16:55:24,678 - root - INFO - MinimaxAgent
2024-09-02 16:55:24,688 - getAction - INFO - I: Q2_Agent,%%%%%%%%%%%%%%%%%%%%
%o...%........%...o%
%.%%.%.%%..%%.%.%%.%
%.%..GG.%..%.....%.%
%.%.%%.%%  %%.%%.%.%
%......     %.%....%
%.%..G.%%%%%%.%..%.%
%.%....%  oo%.%..%.%
%.%..G.% %%%%.%..%.%
%.%..........v%..%.%
%.%%.%.%%%%%% %.%%.%
%o...%...     %...o%
%%%%%%%%%%%%%%%%%%%%
Score: 54
,
2024-09-02 16:55:24,688 - getAction - INFO - O: North
2024-09-02 16:55:24,689 - root - INFO - MinimaxAgent
2024-09-02 16:55:24,697 - getAction - INFO - I: Q2_Agent,%%%%%%%%%%%%%%%%%%%%
%o...%........%...o%
%.%%.%G%%..%%.%.%%.%
%.%.G...%..%.....%.%
%.%.%%.%%  %%.%%.%.%
%......     %.%....%
%.%.G..%%%%%%.%..%.%
%.%....%  oo%.%..%.%
%.%...G% %%%%v%..%.%
%.%.......... %..%.%
%.%%.%.%%%%%% %.%%.%
%o...%...     %...o%
%%%%%%%%%%%%%%%%%%%%
Score: 63
,
2024-09-02 16:55:24,697 - getAction - INFO - O: North
2024-09-02 16:55:24,699 - root - INFO - MinimaxAgent
2024-09-02 16:55:24,706 - getAction - INFO - I: Q2_Agent,%%%%%%%%%%%%%%%%%%%%
%o...%G.......%...o%
%.%%.%.%%..%%.%.%%.%
%.%G....%..%.....%.%
%.%.%%.%%  %%.%%.%.%
%...G..     %.%....%
%.%....%%%%%%.%..%.%
%.%....%  oo%v%..%.%
%.%....% %%%% %..%.%
%.%...G...... %..%.%
%.%%.%.%%%%%% %.%%.%
%o...%...     %...o%
%%%%%%%%%%%%%%%%%%%%
Score: 72
,
2024-09-02 16:55:24,706 - getAction - INFO - O: North
2024-09-02 16:55:24,707 - root - INFO - MinimaxAgent
2024-09-02 16:55:24,714 - getAction - INFO - I: Q2_Agent,%%%%%%%%%%%%%%%%%%%%
%o...%.G......%...o%
%.%%.%.%%..%%.%.%%.%
%.%.....%..%.....%.%
%.%G%%.%%  %%.%%.%.%
%..G...     %.%....%
%.%....%%%%%%v%..%.%
%.%....%  oo% %..%.%
%.%....% %%%% %..%.%
%.%..G....... %..%.%
%.%%.%.%%%%%% %.%%.%
%o...%...     %...o%
%%%%%%%%%%%%%%%%%%%%
Score: 81
,
2024-09-02 16:55:24,714 - getAction - INFO - O: North
2024-09-02 16:55:24,716 - root - INFO - MinimaxAgent
2024-09-02 16:55:24,723 - getAction - INFO - I: Q2_Agent,%%%%%%%%%%%%%%%%%%%%
%o...%..G.....%...o%
%.%%.%.%%..%%.%.%%.%
%.%.....%..%.....%.%
%.%.%%.%%  %%.%%.%.%
%..G...     %v%....%
%.%G...%%%%%% %..%.%
%.%....%  oo% %..%.%
%.%....% %%%% %..%.%
%.%.G........ %..%.%
%.%%.%.%%%%%% %.%%.%
%o...%...     %...o%
%%%%%%%%%%%%%%%%%%%%
Score: 90
,
2024-09-02 16:55:24,723 - getAction - INFO - O: North
2024-09-02 16:55:24,725 - root - INFO - MinimaxAgent
2024-09-02 16:55:24,734 - getAction - INFO - I: Q2_Agent,%%%%%%%%%%%%%%%%%%%%
%o...%...G....%...o%
%.%%.%.%%..%%.%.%%.%
%.%.....%..%.....%.%
%.%.%%.%%  %%v%%.%.%
%......     % %....%
%.%G...%%%%%% %..%.%
%.%G...%  oo% %..%.%
%.%.G..% %%%% %..%.%
%.%.......... %..%.%
%.%%.%.%%%%%% %.%%.%
%o...%...     %...o%
%%%%%%%%%%%%%%%%%%%%
Score: 99
,
2024-09-02 16:55:24,734 - getAction - INFO - O: North
2024-09-02 16:55:24,736 - root - INFO - MinimaxAgent
2024-09-02 16:55:24,749 - getAction - INFO - I: Q2_Agent,%%%%%%%%%%%%%%%%%%%%
%o...%....G...%...o%
%.%%.%.%%..%%.%.%%.%
%.%.....%..%.v...%.%
%.%.%%.%%  %% %%.%.%
%......     % %....%
%.%.G..%%%%%% %..%.%
%.%.G..%  oo% %..%.%
%.%....% %%%% %..%.%
%.%.......... %..%.%
%.%%.%.%%%%%% %.%%.%
%o...%...     %...o%
%%%%%%%%%%%%%%%%%%%%
Score: 108
,
2024-09-02 16:55:24,749 - getAction - INFO - O: North
2024-09-02 16:55:24,750 - root - INFO - MinimaxAgent
2024-09-02 16:55:24,757 - getAction - INFO - I: Q2_Agent,%%%%%%%%%%%%%%%%%%%%
%o...%.....G..%...o%
%.%%.%.%%..%%v%.%%.%
%.%.....%..%. ...%.%
%.%.%%.%%  %% %%.%.%
%...G..     % %....%
%.%....%%%%%% %..%.%
%.%..G.%  oo% %..%.%
%.%.G..% %%%% %..%.%
%.%.......... %..%.%
%.%%.%.%%%%%% %.%%.%
%o...%...     %...o%
%%%%%%%%%%%%%%%%%%%%
Score: 117
,
2024-09-02 16:55:24,759 - getAction - INFO - O: North
2024-09-02 16:55:24,760 - root - INFO - MinimaxAgent
2024-09-02 16:55:24,768 - getAction - INFO - I: Q2_Agent,%%%%%%%%%%%%%%%%%%%%
%o...%......Gv%...o%
%.%%.%.%%..%% %.%%.%
%.%.....%..%. ...%.%
%.%.%%.%%  %% %%.%.%
%..G...     % %....%
%.%..G.%%%%%% %..%.%
%.%....%  oo% %..%.%
%.%..G.% %%%% %..%.%
%.%.......... %..%.%
%.%%.%.%%%%%% %.%%.%
%o...%...     %...o%
%%%%%%%%%%%%%%%%%%%%
Score: 126
,
2024-09-02 16:55:24,769 - getAction - INFO - O: South
2024-09-02 16:55:24,770 - root - INFO - MinimaxAgent
2024-09-02 16:55:24,772 - getAction - INFO - I: Q2_Agent,%%%%%%%%%%%%%%%%%%%%
%o...%.......G%...o%
%.%%.%.%%..%%^%.%%.%
%.%.....%..%. ...%.%
%.%.%%.%%  %% %%.%.%
%.G..G.     % %....%
%.%....%%%%%% %..%.%
%.%....%  oo% %..%.%
%.%....% %%%% %..%.%
%.%..G....... %..%.%
%.%%.%.%%%%%% %.%%.%
%o...%...     %...o%
%%%%%%%%%%%%%%%%%%%%
Score: 125
,
2024-09-02 16:55:24,773 - getAction - INFO - O: South
2024-09-02 16:55:24,774 - root - INFO - MinimaxAgent
2024-09-02 16:55:24,779 - getAction - INFO - I: Q2_Agent,%%%%%%%%%%%%%%%%%%%%
%o...%....... %...o%
%.%%.%.%%..%%G%.%%.%
%.%.....%..%.^...%.%
%.%.%%.%%  %% %%.%.%
%G..G..     % %....%
%.%....%%%%%% %..%.%
%.%....%  oo% %..%.%
%.%....% %%%% %..%.%
%.%.G........ %..%.%
%.%%.%.%%%%%% %.%%.%
%o...%...     %...o%
%%%%%%%%%%%%%%%%%%%%
Score: 124
,
2024-09-02 16:55:24,779 - getAction - INFO - O: East
2024-09-02 16:55:24,781 - root - INFO - MinimaxAgent
2024-09-02 16:55:24,789 - getAction - INFO - I: Q2_Agent,%%%%%%%%%%%%%%%%%%%%
%o...%....... %...o%
%.%%.%.%%..%% %.%%.%
%.%.....%..%.G<..%.%
%G%.%%.%%  %% %%.%.%
%..G...     % %....%
%.%....%%%%%% %..%.%
%.%....%  oo% %..%.%
%.%....% %%%% %..%.%
%.%.......... %..%.%
%.%%G%.%%%%%% %.%%.%
%o...%...     %...o%
%%%%%%%%%%%%%%%%%%%%
Score: 133
,
2024-09-02 16:55:24,789 - getAction - INFO - O: East
2024-09-02 16:55:24,790 - root - INFO - MinimaxAgent
2024-09-02 16:55:24,796 - getAction - INFO - I: Q2_Agent,%%%%%%%%%%%%%%%%%%%%
%o...%....... %...o%
%.%%.%.%%..%% %.%%.%
%G%.....%..%G  <.%.%
%.%G%%.%%  %% %%.%.%
%......     % %....%
%.%....%%%%%% %..%.%
%.%....%  oo% %..%.%
%.%....% %%%% %..%.%
%.%.......... %..%.%
%.%%.%.%%%%%% %.%%.%
%o..G%...     %...o%
%%%%%%%%%%%%%%%%%%%%
Score: 142
,
2024-09-02 16:55:24,796 - getAction - INFO - O: North
2024-09-02 16:55:24,797 - root - INFO - MinimaxAgent
2024-09-02 16:55:24,803 - getAction - INFO - I: Q2_Agent,%%%%%%%%%%%%%%%%%%%%
%o...%....... %...o%
%G%%.%.%%..%% %v%%.%
%.%G....%..%.G  .%.%
%.%.%%.%%  %% %%.%.%
%......     % %....%
%.%....%%%%%% %..%.%
%.%....%  oo% %..%.%
%.%....% %%%% %..%.%
%.%.......... %..%.%
%.%%.%.%%%%%% %.%%.%
%o.G.%...     %...o%
%%%%%%%%%%%%%%%%%%%%
Score: 151
,
2024-09-02 16:55:24,803 - getAction - INFO - O: North
2024-09-02 16:55:24,805 - root - INFO - MinimaxAgent
2024-09-02 16:55:24,811 - getAction - INFO - I: Q2_Agent,%%%%%%%%%%%%%%%%%%%%
%o...%....... %v..o%
%.%%.%.%%..%% % %%.%
%.%.G...%..%.   .%.%
%.%.%%.%%  %%G%%.%.%
%......     % %....%
%.%....%%%%%% %..%.%
%.%....%  oo% %..%.%
%.%....% %%%% %..%.%
%.%.......... %..%.%
%.%%.%.%%%%%% %.%%.%
%oG..%...     %...o%
%%%%%%%%%%%%%%%%%%%%
Score: 160
,
2024-09-02 16:55:24,811 - getAction - INFO - O: East
2024-09-02 16:55:24,813 - root - INFO - MinimaxAgent
2024-09-02 16:55:24,818 - getAction - INFO - I: Q2_Agent,%%%%%%%%%%%%%%%%%%%%
%oG..%....... % <.o%
%.%%.%.%%..%% % %%.%
%.%..G..%..%.   .%.%
%.%.%%.%%  %% %%.%.%
%......     %G%....%
%.%....%%%%%% %..%.%
%.%....%  oo% %..%.%
%.%....% %%%% %..%.%
%.%.......... %..%.%
%.%%.%.%%%%%% %.%%.%
%o...%...     %...o%
%%%%%%%%%%%%%%%%%%%%
Score: 169
,
2024-09-02 16:55:24,818 - getAction - INFO - O: East
2024-09-02 16:55:24,819 - root - INFO - MinimaxAgent
2024-09-02 16:55:24,826 - getAction - INFO - I: Q2_Agent,%%%%%%%%%%%%%%%%%%%%
%o.G.%....... %  <o%
%.%%.%.%%..%% % %%.%
%.%...G.%..%.   .%.%
%.%.%%.%%  %% %%.%.%
%......     % %....%
%.%....%%%%%%G%..%.%
%.%....%  oo% %..%.%
%.%....% %%%% %..%.%
%.%.......... %..%.%
%G%%.%.%%%%%% %.%%.%
%o...%...     %...o%
%%%%%%%%%%%%%%%%%%%%
Score: 178
,
2024-09-02 16:55:24,826 - getAction - INFO - O: East
2024-09-02 16:55:24,827 - root - INFO - MinimaxAgent
2024-09-02 16:55:24,829 - getAction - INFO - I: Q2_Agent,%%%%%%%%%%%%%%%%%%%%
%o..G%....... %   <%
%.%%.%.%%..%% % %%.%
%.%...G.%..%.   .%.%
%.%.%%.%%  %% %%.%.%
%......     % %....%
%.%....%%%%%%G%..%.%
%.%....%  oo% %..%.%
%.%....% %%%% %..%.%
%G%.......... %..%.%
%.%%.%.%%%%%% %.%%.%
%o...%...     %...o%
%%%%%%%%%%%%%%%%%%%%
Score: 177
,
2024-09-02 16:55:24,829 - getAction - INFO - O: South
2024-09-02 16:55:24,831 - root - INFO - MinimaxAgent
2024-09-02 16:55:24,836 - getAction - INFO - I: Q2_Agent,%%%%%%%%%%%%%%%%%%%%
%o..G%....... %    %
%.%%.%.%%..%% % %%^%
%.%.....%..%.   .%.%
%.%.%%G%%  %% %%.%.%
%......     % %....%
%.%....%%%%%% %..%.%
%.%....%  oo%G%..%.%
%.%....% %%%% %..%.%
%G%.......... %..%.%
%.%%.%.%%%%%% %.%%.%
%o...%...     %...o%
%%%%%%%%%%%%%%%%%%%%
Score: 186
,
2024-09-02 16:55:24,836 - getAction - INFO - O: South
2024-09-02 16:55:24,838 - root - INFO - MinimaxAgent
2024-09-02 16:55:24,843 - getAction - INFO - I: Q2_Agent,%%%%%%%%%%%%%%%%%%%%
%o..G%....... %    %
%.%%.%.%%..%% % %% %
%.%.....%..%.   .%^%
%.%.%%G%%  %% %%.%.%
%......     % %....%
%.%....%%%%%% %..%.%
%.%....%  oo%G%..%.%
%G%....% %%%% %..%.%
%.%.......... %..%.%
%.%%.%.%%%%%% %.%%.%
%o...%...     %...o%
%%%%%%%%%%%%%%%%%%%%
Score: 195
,
2024-09-02 16:55:24,843 - getAction - INFO - O: South
2024-09-02 16:55:24,845 - root - INFO - MinimaxAgent
2024-09-02 16:55:24,852 - getAction - INFO - I: Q2_Agent,%%%%%%%%%%%%%%%%%%%%
%o...%....... %    %
%.%%G%.%%..%% % %% %
%.%.....%..%.   .% %
%.%.%%.%%  %% %%.%^%
%.....G     % %....%
%.%....%%%%%% %..%.%
%.%....%  oo% %..%.%
%G%....% %%%%G%..%.%
%.%.......... %..%.%
%.%%.%.%%%%%% %.%%.%
%o...%...     %...o%
%%%%%%%%%%%%%%%%%%%%
Score: 204
,
2024-09-02 16:55:24,852 - getAction - INFO - O: South
2024-09-02 16:55:24,853 - root - INFO - MinimaxAgent
2024-09-02 16:55:24,862 - getAction - INFO - I: Q2_Agent,%%%%%%%%%%%%%%%%%%%%
%o...%....... %    %
%.%%G%.%%..%% % %% %
%.%.....%..%.   .% %
%.%.%%.%%  %% %%.% %
%.....G     % %...^%
%.%....%%%%%% %..%.%
%G%....%  oo% %..%.%
%.%....% %%%%G%..%.%
%.%.......... %..%.%
%.%%.%.%%%%%% %.%%.%
%o...%...     %...o%
%%%%%%%%%%%%%%%%%%%%
Score: 213
,
2024-09-02 16:55:24,862 - getAction - INFO - O: South
2024-09-02 16:55:24,864 - root - INFO - MinimaxAgent
2024-09-02 16:55:24,875 - getAction - INFO - I: Q2_Agent,%%%%%%%%%%%%%%%%%%%%
%o...%....... %    %
%.%%.%.%%..%% % %% %
%.%.G...%..%.   .% %
%.%.%%.%%  %% %%.% %
%....G.     % %... %
%.%....%%%%%% %..%^%
%G%....%  oo% %..%.%
%.%....% %%%% %..%.%
%.%..........G%..%.%
%.%%.%.%%%%%% %.%%.%
%o...%...     %...o%
%%%%%%%%%%%%%%%%%%%%
Score: 222
,
2024-09-02 16:55:24,875 - getAction - INFO - O: South
2024-09-02 16:55:24,877 - root - INFO - MinimaxAgent
2024-09-02 16:55:24,883 - getAction - INFO - I: Q2_Agent,%%%%%%%%%%%%%%%%%%%%
%o...%....... %    %
%.%%.%.%%..%% % %% %
%.%.G...%..%.   .% %
%.%.%%.%%  %% %%.% %
%....G.     % %... %
%G%....%%%%%% %..% %
%.%....%  oo% %..%^%
%.%....% %%%% %..%.%
%.%..........G%..%.%
%.%%.%.%%%%%% %.%%.%
%o...%...     %...o%
%%%%%%%%%%%%%%%%%%%%
Score: 231
,
2024-09-02 16:55:24,883 - getAction - INFO - O: South
2024-09-02 16:55:24,885 - root - INFO - MinimaxAgent
2024-09-02 16:55:24,891 - getAction - INFO - I: Q2_Agent,%%%%%%%%%%%%%%%%%%%%
%o...%....... %    %
%.%%.%.%%..%% % %% %
%.%G....%..%.   .% %
%.%.%%.%%  %% %%.% %
%......     % %... %
%G%..G.%%%%%% %..% %
%.%....%  oo% %..% %
%.%....% %%%% %..%^%
%.%.......... %..%.%
%.%%.%.%%%%%%G%.%%.%
%o...%...     %...o%
%%%%%%%%%%%%%%%%%%%%
Score: 240
,
2024-09-02 16:55:24,891 - getAction - INFO - O: South
2024-09-02 16:55:24,892 - root - INFO - MinimaxAgent
2024-09-02 16:55:24,899 - getAction - INFO - I: Q2_Agent,%%%%%%%%%%%%%%%%%%%%
%o...%....... %    %
%.%%.%.%%..%% % %% %
%.%G....%..%.   .% %
%.%.%%.%%  %% %%.% %
%G.....     % %... %
%.%...G%%%%%% %..% %
%.%....%  oo% %..% %
%.%....% %%%% %..% %
%.%.......... %..%^%
%.%%.%.%%%%%%G%.%%.%
%o...%...     %...o%
%%%%%%%%%%%%%%%%%%%%
Score: 249
,
2024-09-02 16:55:24,899 - getAction - INFO - O: South
2024-09-02 16:55:24,901 - root - INFO - MinimaxAgent
2024-09-02 16:55:24,907 - getAction - INFO - I: Q2_Agent,%%%%%%%%%%%%%%%%%%%%
%o...%....... %    %
%.%%.%.%%..%% % %% %
%.%.....%..%.   .% %
%.%G%%.%%  %% %%.% %
%G.....     % %... %
%.%...G%%%%%% %..% %
%.%....%  oo% %..% %
%.%....% %%%% %..% %
%.%.......... %..% %
%.%%.%.%%%%%% %.%%^%
%o...%...    G%...o%
%%%%%%%%%%%%%%%%%%%%
Score: 258
,
2024-09-02 16:55:24,907 - getAction - INFO - O: North
2024-09-02 16:55:24,908 - root - INFO - MinimaxAgent
2024-09-02 16:55:24,911 - getAction - INFO - I: Q2_Agent,%%%%%%%%%%%%%%%%%%%%
%o...%....... %    %
%.%%.%.%%..%% % %% %
%.%.....%..%.   .% %
%G%G%%.%%  %% %%.% %
%......     % %... %
%.%...G%%%%%% %..% %
%.%....%  oo% %..% %
%.%....% %%%% %..% %
%.%.......... %..%v%
%.%%.%.%%%%%% %.%% %
%o...%...    G%...o%
%%%%%%%%%%%%%%%%%%%%
Score: 257
,
2024-09-02 16:55:24,911 - getAction - INFO - O: North
2024-09-02 16:55:24,912 - root - INFO - MinimaxAgent
2024-09-02 16:55:24,916 - getAction - INFO - I: Q2_Agent,%%%%%%%%%%%%%%%%%%%%
%o...%....... %    %
%.%%.%.%%..%% % %% %
%.%.....%..%.   .% %
%G%.%%.%%  %% %%.% %
%..G...     % %... %
%.%....%%%%%% %..% %
%.%...G%  oo% %..% %
%.%....% %%%% %..%v%
%.%.......... %..% %
%.%%.%.%%%%%% %.%% %
%o...%...   G %...o%
%%%%%%%%%%%%%%%%%%%%
Score: 256
,
2024-09-02 16:55:24,916 - getAction - INFO - O: North
2024-09-02 16:55:24,917 - root - INFO - MinimaxAgent
2024-09-02 16:55:24,920 - getAction - INFO - I: Q2_Agent,%%%%%%%%%%%%%%%%%%%%
%o...%....... %    %
%.%%.%.%%..%% % %% %
%G%.....%..%.   .% %
%.%.%%.%%  %% %%.% %
%..G...     % %... %
%.%....%%%%%% %..% %
%.%...G%  oo% %..%v%
%.%....% %%%% %..% %
%.%.......... %..% %
%.%%.%.%%%%%% %.%% %
%o...%...   G %...o%
%%%%%%%%%%%%%%%%%%%%
Score: 255
,
2024-09-02 16:55:24,920 - getAction - INFO - O: North
2024-09-02 16:55:24,921 - root - INFO - MinimaxAgent
2024-09-02 16:55:24,926 - getAction - INFO - I: Q2_Agent,%%%%%%%%%%%%%%%%%%%%
%o...%....... %    %
%.%%.%.%%..%% % %% %
%G%.....%..%.   .% %
%.%.%%.%%  %% %%.% %
%......     % %... %
%.%G...%%%%%% %..%v%
%.%..G.%  oo% %..% %
%.%....% %%%% %..% %
%.%.......... %..% %
%.%%.%.%%%%%% %.%% %
%o...%...  G  %...o%
%%%%%%%%%%%%%%%%%%%%
Score: 254
,
2024-09-02 16:55:24,926 - getAction - INFO - O: North
2024-09-02 16:55:24,927 - root - INFO - MinimaxAgent
2024-09-02 16:55:24,930 - getAction - INFO - I: Q2_Agent,%%%%%%%%%%%%%%%%%%%%
%o...%....... %    %
%G%%.%.%%..%% % %% %
%.%.....%..%.   .% %
%.%.%%.%%  %% %%.% %
%......     % %...v%
%.%G...%%%%%% %..% %
%.%..G.%  oo% %..% %
%.%....% %%%% %..% %
%.%.......... %..% %
%.%%.%.%%%%%% %.%% %
%o...%...  G  %...o%
%%%%%%%%%%%%%%%%%%%%
Score: 253
,
2024-09-02 16:55:24,930 - getAction - INFO - O: West
2024-09-02 16:55:24,931 - root - INFO - MinimaxAgent
2024-09-02 16:55:24,940 - getAction - INFO - I: Q2_Agent,%%%%%%%%%%%%%%%%%%%%
%o...%....... %    %
%G%%.%.%%..%% % %% %
%.%.....%..%.   .% %
%.%.%%.%%  %% %%.% %
%......     % %..> %
%.%....%%%%%% %..% %
%.%GG..%  oo% %..% %
%.%....% %%%% %..% %
%.%.......... %..% %
%.%%.%.%%%%%% %.%% %
%o...%... G   %...o%
%%%%%%%%%%%%%%%%%%%%
Score: 262
,
2024-09-02 16:55:24,940 - getAction - INFO - O: West
2024-09-02 16:55:24,942 - root - INFO - MinimaxAgent
2024-09-02 16:55:24,948 - getAction - INFO - I: Q2_Agent,%%%%%%%%%%%%%%%%%%%%
%o...%....... %    %
%.%%.%.%%..%% % %% %
%.%.....%..%.   .% %
%.%.%%.%%  %% %%.% %
%......     % %.>  %
%.%....%%%%%% %..% %
%.%.G..%  oo% %..% %
%.%....% %%%% %..% %
%.%.......... %..% %
%.%%.%.%%%%%% %.%% %
%o...%... G   %...o%
%%%%%%%%%%%%%%%%%%%%
Score: 271
,
2024-09-02 16:55:24,948 - getAction - INFO - O: North
2024-09-02 16:55:24,949 - root - INFO - MinimaxAgent
2024-09-02 16:55:24,957 - getAction - INFO - I: Q2_Agent,%%%%%%%%%%%%%%%%%%%%
%o...%....... %    %
%.%%.%.%%..%% % %% %
%.%.....%..%.   .% %
%.%.%%.%%  %% %%v% %
%......     % %.   %
%.%....%%%%%% %..% %
%.%.G..%  oo% %..% %
%.%.G..% %%%% %..% %
%.%.......... %..% %
%.%%.%.%%%%%% %.%% %
%o...%...G    %...o%
%%%%%%%%%%%%%%%%%%%%
Score: 280
,
2024-09-02 16:55:24,957 - getAction - INFO - O: North
2024-09-02 16:55:24,959 - root - INFO - MinimaxAgent
2024-09-02 16:55:24,965 - getAction - INFO - I: Q2_Agent,%%%%%%%%%%%%%%%%%%%%
%oG..%....... %    %
%.%%.%.%%..%% % %% %
%.%.....%..%.   v% %
%.%.%%.%%  %% %% % %
%......     % %.   %
%.%....%%%%%% %..% %
%.%.G..%  oo% %..% %
%.%.G..% %%%% %..% %
%.%.......... %..% %
%.%%.%.%%%%%% %.%% %
%o...%...G    %...o%
%%%%%%%%%%%%%%%%%%%%
Score: 289
,
2024-09-02 16:55:24,965 - getAction - INFO - O: South
2024-09-02 16:55:24,966 - root - INFO - MinimaxAgent
2024-09-02 16:55:24,969 - getAction - INFO - I: Q2_Agent,%%%%%%%%%%%%%%%%%%%%
%oG..%....... %    %
%.%%.%.%%..%% % %% %
%.%.....%..%.    % %
%.%.%%.%%  %% %%^% %
%......     % %.   %
%.%....%%%%%% %..% %
%.%....%  oo% %..% %
%.%GG..% %%%% %..% %
%.%.......... %..% %
%.%%.%.%%%%%% %.%% %
%o...%..G     %...o%
%%%%%%%%%%%%%%%%%%%%
Score: 288
,
2024-09-02 16:55:24,969 - getAction - INFO - O: North
2024-09-02 16:55:24,970 - root - INFO - MinimaxAgent
2024-09-02 16:55:24,973 - getAction - INFO - I: Q2_Agent,%%%%%%%%%%%%%%%%%%%%
%o.G.%....... %    %
%.%%.%.%%..%% % %% %
%.%.....%..%.   v% %
%.%.%%.%%  %% %% % %
%......     % %.   %
%.%....%%%%%% %..% %
%.%....%  oo% %..% %
%.%GG..% %%%% %..% %
%.%.......... %..% %
%.%%.%.%%%%%% %.%% %
%o...%..G     %...o%
%%%%%%%%%%%%%%%%%%%%
Score: 287
,
2024-09-02 16:55:24,973 - getAction - INFO - O: South
2024-09-02 16:55:24,975 - root - INFO - MinimaxAgent
2024-09-02 16:55:24,977 - getAction - INFO - I: Q2_Agent,%%%%%%%%%%%%%%%%%%%%
%o.G.%....... %    %
%.%%.%.%%..%% % %% %
%.%.....%..%.    % %
%.%.%%.%%  %% %%^% %
%......     % %.   %
%.%....%%%%%% %..% %
%.%....%  oo% %..% %
%.%G...% %%%% %..% %
%.%G......... %..% %
%.%%.%.%%%%%% %.%% %
%o...%.G.     %...o%
%%%%%%%%%%%%%%%%%%%%
Score: 286
,
2024-09-02 16:55:24,977 - getAction - INFO - O: North
2024-09-02 16:55:24,978 - root - INFO - MinimaxAgent
2024-09-02 16:55:24,981 - getAction - INFO - I: Q2_Agent,%%%%%%%%%%%%%%%%%%%%
%o..G%....... %    %
%.%%.%.%%..%% % %% %
%.%.....%..%.   v% %
%.%.%%.%%  %% %% % %
%......     % %.   %
%.%....%%%%%% %..% %
%.%G...%  oo% %..% %
%.%....% %%%% %..% %
%.%.G........ %..% %
%.%%.%.%%%%%% %.%% %
%o...%.G.     %...o%
%%%%%%%%%%%%%%%%%%%%
Score: 285
,
2024-09-02 16:55:24,981 - getAction - INFO - O: South
2024-09-02 16:55:24,982 - root - INFO - MinimaxAgent
2024-09-02 16:55:24,986 - getAction - INFO - I: Q2_Agent,%%%%%%%%%%%%%%%%%%%%
%o..G%....... %    %
%.%%.%.%%..%% % %% %
%.%.....%..%.    % %
%.%.%%.%%  %% %%^% %
%......     % %.   %
%.%....%%%%%% %..% %
%.%G...%  oo% %..% %
%.%....% %%%% %..% %
%.%.G........ %..% %
%.%%.%.%%%%%% %.%% %
%o...%G..     %...o%
%%%%%%%%%%%%%%%%%%%%
Score: 284
,
2024-09-02 16:55:24,986 - getAction - INFO - O: North
2024-09-02 16:55:24,987 - root - INFO - MinimaxAgent
2024-09-02 16:55:24,990 - getAction - INFO - I: Q2_Agent,%%%%%%%%%%%%%%%%%%%%
%o..G%....... %    %
%.%%.%.%%..%% % %% %
%.%.....%..%.   v% %
%.%.%%.%%  %% %% % %
%......     % %.   %
%.%....%%%%%% %..% %
%.%.G..%  oo% %..% %
%.%.G..% %%%% %..% %
%.%.......... %..% %
%.%%.%G%%%%%% %.%% %
%o...%...     %...o%
%%%%%%%%%%%%%%%%%%%%
Score: 283
,
2024-09-02 16:55:24,990 - getAction - INFO - O: South
2024-09-02 16:55:24,991 - root - INFO - MinimaxAgent
2024-09-02 16:55:24,997 - getAction - INFO - I: Q2_Agent,%%%%%%%%%%%%%%%%%%%%
%o...%....... %    %
%.%%G%.%%..%% % %% %
%.%.....%..%.    % %
%.%.%%.%%  %% %%^% %
%......     % %.   %
%.%....%%%%%% %..% %
%.%.G..%  oo% %..% %
%.%.G..% %%%% %..% %
%.%.......... %..% %
%.%%.%G%%%%%% %.%% %
%o...%...     %...o%
%%%%%%%%%%%%%%%%%%%%
Score: 282
,
2024-09-02 16:55:24,997 - getAction - INFO - O: North
2024-09-02 16:55:24,998 - root - INFO - MinimaxAgent
2024-09-02 16:55:25,001 - getAction - INFO - I: Q2_Agent,%%%%%%%%%%%%%%%%%%%%
%o...%....... %    %
%.%%G%.%%..%% % %% %
%.%.....%..%.   v% %
%.%.%%.%%  %% %% % %
%......     % %.   %
%.%.G..%%%%%% %..% %
%.%.G..%  oo% %..% %
%.%....% %%%% %..% %
%.%...G...... %..% %
%.%%.%.%%%%%% %.%% %
%o...%...     %...o%
%%%%%%%%%%%%%%%%%%%%
Score: 281
,
2024-09-02 16:55:25,001 - getAction - INFO - O: South
2024-09-02 16:55:25,002 - root - INFO - MinimaxAgent
2024-09-02 16:55:25,012 - getAction - INFO - I: Q2_Agent,%%%%%%%%%%%%%%%%%%%%
%o...%....... %    %
%.%%.%.%%..%% % %% %
%.%.G...%..%.    % %
%.%.%%.%%  %% %%^% %
%......     % %.   %
%.%.G..%%%%%% %..% %
%.%.G..%  oo% %..% %
%.%....% %%%% %..% %
%.%...G...... %..% %
%.%%.%.%%%%%% %.%% %
%o...%...     %...o%
%%%%%%%%%%%%%%%%%%%%
Score: 280
,
2024-09-02 16:55:25,012 - getAction - INFO - O: North
2024-09-02 16:55:25,013 - root - INFO - MinimaxAgent
2024-09-02 16:55:25,016 - getAction - INFO - I: Q2_Agent,%%%%%%%%%%%%%%%%%%%%
%o...%....... %    %
%.%%.%.%%..%% % %% %
%.%..G..%..%.   v% %
%.%.%%.%%  %% %% % %
%...G..     % %.   %
%.%....%%%%%% %..% %
%.%.G..%  oo% %..% %
%.%....% %%%% %..% %
%.%....G..... %..% %
%.%%.%.%%%%%% %.%% %
%o...%...     %...o%
%%%%%%%%%%%%%%%%%%%%
Score: 279
,
2024-09-02 16:55:25,016 - getAction - INFO - O: South
2024-09-02 16:55:25,017 - root - INFO - MinimaxAgent
2024-09-02 16:55:25,020 - getAction - INFO - I: Q2_Agent,%%%%%%%%%%%%%%%%%%%%
%o...%....... %    %
%.%%.%.%%..%% % %% %
%.%..G..%..%.    % %
%.%.%%.%%  %% %%^% %
%...G..     % %.   %
%.%....%%%%%% %..% %
%.%G...%  oo% %..% %
%.%....% %%%% %..% %
%.%....G..... %..% %
%.%%.%.%%%%%% %.%% %
%o...%...     %...o%
%%%%%%%%%%%%%%%%%%%%
Score: 278
,
2024-09-02 16:55:25,020 - getAction - INFO - O: North
2024-09-02 16:55:25,021 - root - INFO - MinimaxAgent
2024-09-02 16:55:25,023 - getAction - INFO - I: Q2_Agent,%%%%%%%%%%%%%%%%%%%%
%o...%....... %    %
%.%%.%.%%..%% % %% %
%.%...G.%..%.   v% %
%.%.%%.%%  %% %% % %
%...G..     % %.   %
%.%....%%%%%% %..% %
%.%G...%  oo% %..% %
%.%....% %%%% %..% %
%.%.....G.... %..% %
%.%%.%.%%%%%% %.%% %
%o...%...     %...o%
%%%%%%%%%%%%%%%%%%%%
Score: 277
,
2024-09-02 16:55:25,023 - getAction - INFO - O: South
2024-09-02 16:55:25,025 - root - INFO - MinimaxAgent
2024-09-02 16:55:25,032 - getAction - INFO - I: Q2_Agent,%%%%%%%%%%%%%%%%%%%%
%o...%....... %    %
%.%%.%.%%..%% % %% %
%.%...G.%..%.    % %
%.%.%%.%%  %% %%^% %
%..G...     % %.   %
%.%....%%%%%% %..% %
%.%....%  oo% %..% %
%.%G...% %%%% %..% %
%.%.....G.... %..% %
%.%%.%.%%%%%% %.%% %
%o...%...     %...o%
%%%%%%%%%%%%%%%%%%%%
Score: 276
,
2024-09-02 16:55:25,032 - getAction - INFO - O: North
2024-09-02 16:55:25,035 - root - INFO - MinimaxAgent
2024-09-02 16:55:25,037 - getAction - INFO - I: Q2_Agent,%%%%%%%%%%%%%%%%%%%%
%o...%....... %    %
%.%%.%G%%..%% % %% %
%.%.....%..%.   v% %
%.%.%%.%%  %% %% % %
%..G...     % %.   %
%.%....%%%%%% %..% %
%.%....%  oo% %..% %
%.%G...%G%%%% %..% %
%.%.......... %..% %
%.%%.%.%%%%%% %.%% %
%o...%...     %...o%
%%%%%%%%%%%%%%%%%%%%
Score: 275
,
2024-09-02 16:55:25,037 - getAction - INFO - O: South
2024-09-02 16:55:25,038 - root - INFO - MinimaxAgent
2024-09-02 16:55:25,041 - getAction - INFO - I: Q2_Agent,%%%%%%%%%%%%%%%%%%%%
%o...%....... %    %
%.%%.%G%%..%% % %% %
%.%.....%..%.    % %
%.%.%%.%%  %% %%^% %
%......     % %.   %
%.%G...%%%%%% %..% %
%.%....%  oo% %..% %
%.%....%G%%%% %..% %
%.%G......... %..% %
%.%%.%.%%%%%% %.%% %
%o...%...     %...o%
%%%%%%%%%%%%%%%%%%%%
Score: 274
,
2024-09-02 16:55:25,042 - getAction - INFO - O: North
2024-09-02 16:55:25,043 - root - INFO - MinimaxAgent
2024-09-02 16:55:25,046 - getAction - INFO - I: Q2_Agent,%%%%%%%%%%%%%%%%%%%%
%o...%G...... %    %
%.%%.%.%%..%% % %% %
%.%.....%..%.   v% %
%.%.%%.%%  %% %% % %
%......     % %.   %
%.%G...%%%%%% %..% %
%.%....%G oo% %..% %
%.%....% %%%% %..% %
%.%.G........ %..% %
%.%%.%.%%%%%% %.%% %
%o...%...     %...o%
%%%%%%%%%%%%%%%%%%%%
Score: 273
,
2024-09-02 16:55:25,046 - getAction - INFO - O: South
2024-09-02 16:55:25,048 - root - INFO - MinimaxAgent
2024-09-02 16:55:25,051 - getAction - INFO - I: Q2_Agent,%%%%%%%%%%%%%%%%%%%%
%o...%G...... %    %
%.%%.%.%%..%% % %% %
%.%.....%..%.    % %
%.%.%%.%%  %% %%^% %
%......     % %.   %
%.%....%%%%%% %..% %
%.%G...%G oo% %..% %
%.%....% %%%% %..% %
%.%.G........ %..% %
%.%%.%.%%%%%% %.%% %
%o...%...     %...o%
%%%%%%%%%%%%%%%%%%%%
Score: 272
,
2024-09-02 16:55:25,051 - getAction - INFO - O: North
2024-09-02 16:55:25,053 - root - INFO - MinimaxAgent
2024-09-02 16:55:25,056 - getAction - INFO - I: Q2_Agent,%%%%%%%%%%%%%%%%%%%%
%o...%.G..... %    %
%.%%.%.%%..%% % %% %
%.%.....%..%.   v% %
%.%.%%.%%  %% %% % %
%......     % %.   %
%.%....%%%%%% %..% %
%.%G...% Goo% %..% %
%.%....% %%%% %..% %
%.%..G....... %..% %
%.%%.%.%%%%%% %.%% %
%o...%...     %...o%
%%%%%%%%%%%%%%%%%%%%
Score: 271
,
2024-09-02 16:55:25,056 - getAction - INFO - O: South
2024-09-02 16:55:25,057 - root - INFO - MinimaxAgent
2024-09-02 16:55:25,062 - getAction - INFO - I: Q2_Agent,%%%%%%%%%%%%%%%%%%%%
%o...%.G..... %    %
%.%%.%.%%..%% % %% %
%.%.....%..%.    % %
%.%.%%.%%  %% %%^% %
%......     % %.   %
%.%....%%%%%% %..% %
%.%....% Goo% %..% %
%.%G...% %%%% %..% %
%.%..G....... %..% %
%.%%.%.%%%%%% %.%% %
%o...%...     %...o%
%%%%%%%%%%%%%%%%%%%%
Score: 270
,
2024-09-02 16:55:25,062 - getAction - INFO - O: North
2024-09-02 16:55:25,063 - root - INFO - MinimaxAgent
2024-09-02 16:55:25,066 - getAction - INFO - I: Q2_Agent,%%%%%%%%%%%%%%%%%%%%
%o...%..G.... %    %
%.%%.%.%%..%% % %% %
%.%.....%..%.   v% %
%.%.%%.%%  %% %% % %
%......     % %.   %
%.%....%%%%%% %..% %
%.%....%  oo% %..% %
%.%.GG.% %%%% %..% %
%.%.......... %..% %
%.%%.%.%%%%%% %.%% %
%o...%...     %...o%
%%%%%%%%%%%%%%%%%%%%
Score: 269
,
2024-09-02 16:55:25,066 - getAction - INFO - O: South
2024-09-02 16:55:25,067 - root - INFO - MinimaxAgent
2024-09-02 16:55:25,071 - getAction - INFO - I: Q2_Agent,%%%%%%%%%%%%%%%%%%%%
%o...%..G.... %    %
%.%%.%.%%..%% % %% %
%.%.....%..%.    % %
%.%.%%.%%  %% %%^% %
%......     % %.   %
%.%....%%%%%% %..% %
%.%....%  oo% %..% %
%.%.GG.% %%%% %..% %
%.%.......... %..% %
%.%%.%.%%%%%% %.%% %
%o...%...     %...o%
%%%%%%%%%%%%%%%%%%%%
Score: 268
,
2024-09-02 16:55:25,071 - getAction - INFO - O: North
2024-09-02 16:55:25,073 - root - INFO - MinimaxAgent
2024-09-02 16:55:25,077 - getAction - INFO - I: Q2_Agent,%%%%%%%%%%%%%%%%%%%%
%o...%...G... %    %
%.%%.%.%%..%% % %% %
%.%.....%..%.   v% %
%.%.%%.%%  %% %% % %
%......     % %.   %
%.%....%%%%%% %..% %
%.%....%  oo% %..% %
%.%.GG.% %%%% %..% %
%.%.......... %..% %
%.%%.%.%%%%%% %.%% %
%o...%...     %...o%
%%%%%%%%%%%%%%%%%%%%
Score: 267
,
2024-09-02 16:55:25,077 - getAction - INFO - O: South
2024-09-02 16:55:25,079 - root - INFO - MinimaxAgent
2024-09-02 16:55:25,083 - getAction - INFO - I: Q2_Agent,%%%%%%%%%%%%%%%%%%%%
%o...%....... %    %
%.%%.%.%%G.%% % %% %
%.%.....%..%.    % %
%.%.%%.%%  %% %%^% %
%......     % %.   %
%.%....%%%%%% %..% %
%.%....%  oo% %..% %
%.%....% %%%% %..% %
%.%.GG....... %..% %
%.%%.%.%%%%%% %.%% %
%o...%...     %...o%
%%%%%%%%%%%%%%%%%%%%
Score: 266
,
2024-09-02 16:55:25,083 - getAction - INFO - O: North
2024-09-02 16:55:25,085 - root - INFO - MinimaxAgent
2024-09-02 16:55:25,088 - getAction - INFO - I: Q2_Agent,%%%%%%%%%%%%%%%%%%%%
%o...%....... %    %
%.%%.%.%%.G%% % %% %
%.%.....%..%.   v% %
%.%.%%.%%  %% %% % %
%......     % %.   %
%.%....%%%%%% %..% %
%.%....% Goo% %..% %
%.%....% %%%% %..% %
%.%.G........ %..% %
%.%%G%.%%%%%% %.%% %
%o...%...     %...o%
%%%%%%%%%%%%%%%%%%%%
Score: 265
,
2024-09-02 16:55:25,088 - getAction - INFO - O: South
2024-09-02 16:55:25,090 - root - INFO - MinimaxAgent
2024-09-02 16:55:25,095 - getAction - INFO - I: Q2_Agent,%%%%%%%%%%%%%%%%%%%%
%o...%....... %    %
%.%%.%.%%..%% % %% %
%.%.....%.G%.    % %
%.%.%%.%%  %% %%^% %
%......     % %.   %
%.%....%%%%%% %..% %
%.%....%G oo% %..% %
%.%....% %%%% %..% %
%.%.......... %..% %
%.%%G%.%%%%%% %.%% %
%o..G%...     %...o%
%%%%%%%%%%%%%%%%%%%%
Score: 264
,
2024-09-02 16:55:25,095 - getAction - INFO - O: North
2024-09-02 16:55:25,096 - root - INFO - MinimaxAgent
2024-09-02 16:55:25,100 - getAction - INFO - I: Q2_Agent,%%%%%%%%%%%%%%%%%%%%
%o...%....... %    %
%.%%.%.%%..%% % %% %
%.%.....%G.%.   v% %
%.%.%%.%%  %% %% % %
%......     % %.   %
%.%....%%%%%% %..% %
%.%....%  oo% %..% %
%.%....%G%%%% %..% %
%.%.......... %..% %
%.%%.%.%%%%%% %.%% %
%o.GG%...     %...o%
%%%%%%%%%%%%%%%%%%%%
Score: 263
,
2024-09-02 16:55:25,100 - getAction - INFO - O: South
2024-09-02 16:55:25,102 - root - INFO - MinimaxAgent
2024-09-02 16:55:25,107 - getAction - INFO - I: Q2_Agent,%%%%%%%%%%%%%%%%%%%%
%o...%....... %    %
%.%%.%.%%G.%% % %% %
%.%.....%..%.    % %
%.%.%%.%%  %% %%^% %
%......     % %.   %
%.%....%%%%%% %..% %
%.%....%  oo% %..% %
%.%....% %%%% %..% %
%.%.....G.... %..% %
%.%%.%.%%%%%% %.%% %
%oGG.%...     %...o%
%%%%%%%%%%%%%%%%%%%%
Score: 262
,
2024-09-02 16:55:25,107 - getAction - INFO - O: North
2024-09-02 16:55:25,108 - root - INFO - MinimaxAgent
2024-09-02 16:55:25,111 - getAction - INFO - I: Q2_Agent,%%%%%%%%%%%%%%%%%%%%
%o...%...G... %    %
%.%%.%.%%..%% % %% %
%.%.....%..%.   v% %
%.%.%%.%%  %% %% % %
%......     % %.   %
%.%....%%%%%% %..% %
%.%....%  oo% %..% %
%.%....% %%%% %..% %
%.%....G..... %..% %
%.%%.%.%%%%%% %.%% %
%oG..%...     %...o%
%%%%%%%%%%%%%%%%%%%%
Score: 261
,
2024-09-02 16:55:25,111 - getAction - INFO - O: South
2024-09-02 16:55:25,113 - root - INFO - MinimaxAgent
2024-09-02 16:55:25,116 - getAction - INFO - I: Q2_Agent,%%%%%%%%%%%%%%%%%%%%
%o...%....G.. %    %
%.%%.%.%%..%% % %% %
%.%.....%..%.    % %
%.%.%%.%%  %% %%^% %
%......     % %.   %
%.%....%%%%%% %..% %
%.%....%  oo% %..% %
%.%....% %%%% %..% %
%.%...G...... %..% %
%G%%.%.%%%%%% %.%% %
%o...%...     %...o%
%%%%%%%%%%%%%%%%%%%%
Score: 260
,
2024-09-02 16:55:25,116 - getAction - INFO - O: North
2024-09-02 16:55:25,117 - root - INFO - MinimaxAgent
2024-09-02 16:55:25,122 - getAction - INFO - I: Q2_Agent,%%%%%%%%%%%%%%%%%%%%
%o...%....... %    %
%.%%.%.%%.G%% % %% %
%.%.....%..%.   v% %
%.%.%%.%%  %% %% % %
%......     % %.   %
%.%....%%%%%% %..% %
%.%....%  oo% %..% %
%.%...G% %%%% %..% %
%G%.......... %..% %
%G%%.%.%%%%%% %.%% %
%o...%...     %...o%
%%%%%%%%%%%%%%%%%%%%
Score: 259
,
2024-09-02 16:55:25,122 - getAction - INFO - O: South
2024-09-02 16:55:25,123 - root - INFO - MinimaxAgent
2024-09-02 16:55:25,126 - getAction - INFO - I: Q2_Agent,%%%%%%%%%%%%%%%%%%%%
%o...%....... %    %
%.%%.%.%%G.%% % %% %
%.%.....%..%.    % %
%.%.%%.%%  %% %%^% %
%......     % %.   %
%.%....%%%%%% %..% %
%.%...G%  oo% %..% %
%G%....% %%%% %..% %
%G%.......... %..% %
%.%%.%.%%%%%% %.%% %
%o...%...     %...o%
%%%%%%%%%%%%%%%%%%%%
Score: 258
,
2024-09-02 16:55:25,126 - getAction - INFO - O: North
2024-09-02 16:55:25,128 - root - INFO - MinimaxAgent
2024-09-02 16:55:25,132 - getAction - INFO - I: Q2_Agent,%%%%%%%%%%%%%%%%%%%%
%o...%....... %    %
%.%%.%.%%..%% % %% %
%.%.....%G.%.   v% %
%.%.%%.%%  %% %% % %
%......     % %.   %
%.%....%%%%%% %..% %
%G%..G.%  oo% %..% %
%G%....% %%%% %..% %
%.%.......... %..% %
%.%%.%.%%%%%% %.%% %
%o...%...     %...o%
%%%%%%%%%%%%%%%%%%%%
Score: 257
,
2024-09-02 16:55:25,132 - getAction - INFO - O: South
2024-09-02 16:55:25,134 - root - INFO - MinimaxAgent
2024-09-02 16:55:25,137 - getAction - INFO - I: Q2_Agent,%%%%%%%%%%%%%%%%%%%%
%o...%....... %    %
%.%%.%.%%..%% % %% %
%.%.....%.G%.    % %
%.%.%%.%%  %% %%^% %
%......     % %.   %
%G%....%%%%%% %..% %
%G%.G..%  oo% %..% %
%.%....% %%%% %..% %
%.%.......... %..% %
%.%%.%.%%%%%% %.%% %
%o...%...     %...o%
%%%%%%%%%%%%%%%%%%%%
Score: 256
,
2024-09-02 16:55:25,137 - getAction - INFO - O: North
2024-09-02 16:55:25,138 - root - INFO - MinimaxAgent
2024-09-02 16:55:25,142 - getAction - INFO - I: Q2_Agent,%%%%%%%%%%%%%%%%%%%%
%o...%....... %    %
%.%%.%.%%.G%% % %% %
%.%.....%..%.   v% %
%.%.%%.%%  %% %% % %
%G.....     % %.   %
%G%....%%%%%% %..% %
%.%G...%  oo% %..% %
%.%....% %%%% %..% %
%.%.......... %..% %
%.%%.%.%%%%%% %.%% %
%o...%...     %...o%
%%%%%%%%%%%%%%%%%%%%
Score: 255
,
2024-09-02 16:55:25,142 - getAction - INFO - O: South
2024-09-02 16:55:25,143 - root - INFO - MinimaxAgent
2024-09-02 16:55:25,147 - getAction - INFO - I: Q2_Agent,%%%%%%%%%%%%%%%%%%%%
%o...%....G.. %    %
%.%%.%.%%..%% % %% %
%.%.....%..%.    % %
%G%.%%.%%  %% %%^% %
%G.....     % %.   %
%.%....%%%%%% %..% %
%.%....%  oo% %..% %
%.%G...% %%%% %..% %
%.%.......... %..% %
%.%%.%.%%%%%% %.%% %
%o...%...     %...o%
%%%%%%%%%%%%%%%%%%%%
Score: 254
,
2024-09-02 16:55:25,147 - getAction - INFO - O: North
2024-09-02 16:55:25,148 - root - INFO - MinimaxAgent
2024-09-02 16:55:25,152 - getAction - INFO - I: Q2_Agent,%%%%%%%%%%%%%%%%%%%%
%o...%...G... %    %
%.%%.%.%%..%% % %% %
%G%.....%..%.   v% %
%G%.%%.%%  %% %% % %
%......     % %.   %
%.%....%%%%%% %..% %
%.%....%  oo% %..% %
%.%.G..% %%%% %..% %
%.%.......... %..% %
%.%%.%.%%%%%% %.%% %
%o...%...     %...o%
%%%%%%%%%%%%%%%%%%%%
Score: 253
,
2024-09-02 16:55:25,152 - getAction - INFO - O: South
2024-09-02 16:55:25,153 - root - INFO - MinimaxAgent
2024-09-02 16:55:25,157 - getAction - INFO - I: Q2_Agent,%%%%%%%%%%%%%%%%%%%%
%o...%....... %    %
%G%%.%.%%G.%% % %% %
%G%.....%..%.    % %
%.%.%%.%%  %% %%^% %
%......     % %.   %
%.%....%%%%%% %..% %
%.%.G..%  oo% %..% %
%.%....% %%%% %..% %
%.%.......... %..% %
%.%%.%.%%%%%% %.%% %
%o...%...     %...o%
%%%%%%%%%%%%%%%%%%%%
Score: 252
,
2024-09-02 16:55:25,157 - getAction - INFO - O: North
2024-09-02 16:55:25,159 - root - INFO - MinimaxAgent
2024-09-02 16:55:25,163 - getAction - INFO - I: Q2_Agent,%%%%%%%%%%%%%%%%%%%%
%o...%....... %    %
%G%%.%.%%.G%% % %% %
%.%.....%..%.   v% %
%.%.%%.%%  %% %% % %
%......     % %.   %
%.%.G..%%%%%% %..% %
%.%....%  oo% %..% %
%.%....% %%%% %..% %
%.%.......... %..% %
%.%%.%.%%%%%% %.%% %
%o...%...     %...o%
%%%%%%%%%%%%%%%%%%%%
Score: 251
,
2024-09-02 16:55:25,163 - getAction - INFO - O: South
2024-09-02 16:55:25,163 - root - INFO - MinimaxAgent
2024-09-02 16:55:25,167 - getAction - INFO - I: Q2_Agent,%%%%%%%%%%%%%%%%%%%%
%oG..%....... %    %
%.%%.%.%%..%% % %% %
%.%.....%.G%.    % %
%.%.%%.%%  %% %%^% %
%...G..     % %.   %
%.%....%%%%%% %..% %
%.%....%  oo% %..% %
%.%....% %%%% %..% %
%.%.......... %..% %
%.%%.%.%%%%%% %.%% %
%o...%...     %...o%
%%%%%%%%%%%%%%%%%%%%
Score: 250
,
2024-09-02 16:55:25,167 - getAction - INFO - O: North
2024-09-02 16:55:25,168 - root - INFO - MinimaxAgent
2024-09-02 16:55:25,171 - getAction - INFO - I: Q2_Agent,%%%%%%%%%%%%%%%%%%%%
%oGG.%....... %    %
%.%%.%.%%..%% % %% %
%.%.....%..%.   v% %
%.%.%%.%% G%% %% % %
%....G.     % %.   %
%.%....%%%%%% %..% %
%.%....%  oo% %..% %
%.%....% %%%% %..% %
%.%.......... %..% %
%.%%.%.%%%%%% %.%% %
%o...%...     %...o%
%%%%%%%%%%%%%%%%%%%%
Score: 249
,
2024-09-02 16:55:25,172 - getAction - INFO - O: South
2024-09-02 16:55:25,173 - root - INFO - MinimaxAgent
2024-09-02 16:55:25,176 - getAction - INFO - I: Q2_Agent,%%%%%%%%%%%%%%%%%%%%
%o.GG%....... %    %
%.%%.%.%%..%% % %% %
%.%.....%..%.    % %
%.%.%%.%%  %% %%^% %
%......   G % %.   %
%.%..G.%%%%%% %..% %
%.%....%  oo% %..% %
%.%....% %%%% %..% %
%.%.......... %..% %
%.%%.%.%%%%%% %.%% %
%o...%...     %...o%
%%%%%%%%%%%%%%%%%%%%
Score: 248
,
2024-09-02 16:55:25,176 - getAction - INFO - O: North
2024-09-02 16:55:25,177 - root - INFO - MinimaxAgent
2024-09-02 16:55:25,180 - getAction - INFO - I: Q2_Agent,%%%%%%%%%%%%%%%%%%%%
%o..G%....... %    %
%.%%G%.%%..%% % %% %
%.%.....%..%.   v% %
%.%.%%.%%  %% %% % %
%......    G% %.   %
%.%.G..%%%%%% %..% %
%.%....%  oo% %..% %
%.%....% %%%% %..% %
%.%.......... %..% %
%.%%.%.%%%%%% %.%% %
%o...%...     %...o%
%%%%%%%%%%%%%%%%%%%%
Score: 247
,
2024-09-02 16:55:25,180 - getAction - INFO - O: South
2024-09-02 16:55:25,183 - root - INFO - MinimaxAgent
2024-09-02 16:55:25,186 - getAction - INFO - I: Q2_Agent,%%%%%%%%%%%%%%%%%%%%
%o...%....... %    %
%.%%G%.%%..%% % %% %
%.%.G...%..%.    % %
%.%.%%.%%  %% %%^% %
%...G..   G % %.   %
%.%....%%%%%% %..% %
%.%....%  oo% %..% %
%.%....% %%%% %..% %
%.%.......... %..% %
%.%%.%.%%%%%% %.%% %
%o...%...     %...o%
%%%%%%%%%%%%%%%%%%%%
Score: 246
,
2024-09-02 16:55:25,186 - getAction - INFO - O: North
2024-09-02 16:55:25,187 - root - INFO - MinimaxAgent
2024-09-02 16:55:25,191 - getAction - INFO - I: Q2_Agent,%%%%%%%%%%%%%%%%%%%%
%o...%....... %    %
%.%%.%.%%..%% % %% %
%.%GG...%..%.   v% %
%.%.%%.%%  %% %% % %
%....G.  G  % %.   %
%.%....%%%%%% %..% %
%.%....%  oo% %..% %
%.%....% %%%% %..% %
%.%.......... %..% %
%.%%.%.%%%%%% %.%% %
%o...%...     %...o%
%%%%%%%%%%%%%%%%%%%%
Score: 245
,
2024-09-02 16:55:25,191 - getAction - INFO - O: South
2024-09-02 16:55:25,192 - root - INFO - MinimaxAgent
2024-09-02 16:55:25,196 - getAction - INFO - I: Q2_Agent,%%%%%%%%%%%%%%%%%%%%
%o...%....... %    %
%.%%.%.%%..%% % %% %
%.%..G..%..%.    % %
%.%G%%.%%G %% %%^% %
%.....G     % %.   %
%.%....%%%%%% %..% %
%.%....%  oo% %..% %
%.%....% %%%% %..% %
%.%.......... %..% %
%.%%.%.%%%%%% %.%% %
%o...%...     %...o%
%%%%%%%%%%%%%%%%%%%%
Score: 244
,
2024-09-02 16:55:25,196 - getAction - INFO - O: North
2024-09-02 16:55:25,197 - root - INFO - MinimaxAgent
2024-09-02 16:55:25,202 - getAction - INFO - I: Q2_Agent,%%%%%%%%%%%%%%%%%%%%
%o...%....... %    %
%.%%.%.%%..%% % %% %
%.%...G.%G.%.   v% %
%.%.%%G%%  %% %% % %
%..G...     % %.   %
%.%....%%%%%% %..% %
%.%....%  oo% %..% %
%.%....% %%%% %..% %
%.%.......... %..% %
%.%%.%.%%%%%% %.%% %
%o...%...     %...o%
%%%%%%%%%%%%%%%%%%%%
Score: 243
,
2024-09-02 16:55:25,202 - getAction - INFO - O: South
2024-09-02 16:55:25,204 - root - INFO - MinimaxAgent
2024-09-02 16:55:25,209 - getAction - INFO - I: Q2_Agent,%%%%%%%%%%%%%%%%%%%%
%o...%....... %    %
%.%%.%.%%..%% % %% %
%.%...G.%.G%.    % %
%.%.%%G%%  %% %%^% %
%......     % %.   %
%.%G...%%%%%% %..% %
%.%....%  oo% %..% %
%.%....% %%%% %..% %
%.%.......... %..% %
%.%%.%.%%%%%% %.%% %
%o...%...     %...o%
%%%%%%%%%%%%%%%%%%%%
Score: 242
,
2024-09-02 16:55:25,209 - getAction - INFO - O: North
2024-09-02 16:55:25,210 - root - INFO - MinimaxAgent
2024-09-02 16:55:25,215 - getAction - INFO - I: Q2_Agent,%%%%%%%%%%%%%%%%%%%%
%o...%....... %    %
%.%%.%.%%.G%% % %% %
%.%....G%..%.   v% %
%.%.%%.%%  %% %% % %
%.....G     % %.   %
%.%.G..%%%%%% %..% %
%.%....%  oo% %..% %
%.%....% %%%% %..% %
%.%.......... %..% %
%.%%.%.%%%%%% %.%% %
%o...%...     %...o%
%%%%%%%%%%%%%%%%%%%%
Score: 241
,
2024-09-02 16:55:25,215 - getAction - INFO - O: South
2024-09-02 16:55:25,216 - root - INFO - MinimaxAgent
2024-09-02 16:55:25,225 - getAction - INFO - I: Q2_Agent,%%%%%%%%%%%%%%%%%%%%
%o...%....G.. %    %
%.%%.%.%%..%% % %% %
%.%...G.%..%.    % %
%.%.%%.%%  %% %%^% %
%....G.     % %.   %
%.%....%%%%%% %..% %
%.%.G..%  oo% %..% %
%.%....% %%%% %..% %
%.%.......... %..% %
%.%%.%.%%%%%% %.%% %
%o...%...     %...o%
%%%%%%%%%%%%%%%%%%%%
Score: 240
,
2024-09-02 16:55:25,225 - getAction - INFO - O: North
2024-09-02 16:55:25,226 - root - INFO - MinimaxAgent
2024-09-02 16:55:25,229 - getAction - INFO - I: Q2_Agent,%%%%%%%%%%%%%%%%%%%%
%o...%...G... %    %
%.%%.%.%%..%% % %% %
%.%..G..%..%.   v% %
%.%.%%.%%  %% %% % %
%...G..     % %.   %
%.%....%%%%%% %..% %
%.%G...%  oo% %..% %
%.%....% %%%% %..% %
%.%.......... %..% %
%.%%.%.%%%%%% %.%% %
%o...%...     %...o%
%%%%%%%%%%%%%%%%%%%%
Score: 239
,
2024-09-02 16:55:25,229 - getAction - INFO - O: South
2024-09-02 16:55:25,231 - root - INFO - MinimaxAgent
2024-09-02 16:55:25,236 - getAction - INFO - I: Q2_Agent,%%%%%%%%%%%%%%%%%%%%
%o...%....... %    %
%.%%.%.%%G.%% % %% %
%.%.G...%..%.    % %
%.%.%%.%%  %% %%^% %
%..G...     % %.   %
%.%G...%%%%%% %..% %
%.%....%  oo% %..% %
%.%....% %%%% %..% %
%.%.......... %..% %
%.%%.%.%%%%%% %.%% %
%o...%...     %...o%
%%%%%%%%%%%%%%%%%%%%
Score: 238
,
2024-09-02 16:55:25,236 - getAction - INFO - O: North
2024-09-02 16:55:25,238 - root - INFO - MinimaxAgent
2024-09-02 16:55:25,241 - getAction - INFO - I: Q2_Agent,%%%%%%%%%%%%%%%%%%%%
%o...%....... %    %
%.%%.%.%%.G%% % %% %
%.%G....%..%.   v% %
%.%.%%.%%  %% %% % %
%.GG...     % %.   %
%.%....%%%%%% %..% %
%.%....%  oo% %..% %
%.%....% %%%% %..% %
%.%.......... %..% %
%.%%.%.%%%%%% %.%% %
%o...%...     %...o%
%%%%%%%%%%%%%%%%%%%%
Score: 237
,
2024-09-02 16:55:25,241 - getAction - INFO - O: South
2024-09-02 16:55:25,243 - root - INFO - MinimaxAgent
2024-09-02 16:55:25,247 - getAction - INFO - I: Q2_Agent,%%%%%%%%%%%%%%%%%%%%
%o...%....... %    %
%.%%.%.%%..%% % %% %
%.%.....%.G%.    % %
%.%G%%.%%  %% %%^% %
%GG....     % %.   %
%.%....%%%%%% %..% %
%.%....%  oo% %..% %
%.%....% %%%% %..% %
%.%.......... %..% %
%.%%.%.%%%%%% %.%% %
%o...%...     %...o%
%%%%%%%%%%%%%%%%%%%%
Score: 236
,
2024-09-02 16:55:25,247 - getAction - INFO - O: North
2024-09-02 16:55:25,249 - root - INFO - MinimaxAgent
2024-09-02 16:55:25,253 - getAction - INFO - I: Q2_Agent,%%%%%%%%%%%%%%%%%%%%
%o...%....... %    %
%.%%.%.%%..%% % %% %
%.%.....%..%.   v% %
%.%.%%.%% G%% %% % %
%G.G...     % %.   %
%G%....%%%%%% %..% %
%.%....%  oo% %..% %
%.%....% %%%% %..% %
%.%.......... %..% %
%.%%.%.%%%%%% %.%% %
%o...%...     %...o%
%%%%%%%%%%%%%%%%%%%%
Score: 235
,
2024-09-02 16:55:25,253 - getAction - INFO - O: South
2024-09-02 16:55:25,255 - root - INFO - MinimaxAgent
2024-09-02 16:55:25,257 - getAction - INFO - I: Q2_Agent,%%%%%%%%%%%%%%%%%%%%
%o...%....... %    %
%.%%.%.%%..%% % %% %
%.%.....%..%.    % %
%G%.%%.%%  %% %%^% %
%.G....   G % %.   %
%.%....%%%%%% %..% %
%G%....%  oo% %..% %
%.%....% %%%% %..% %
%.%.......... %..% %
%.%%.%.%%%%%% %.%% %
%o...%...     %...o%
%%%%%%%%%%%%%%%%%%%%
Score: 234
,
2024-09-02 16:55:25,257 - getAction - INFO - O: North
2024-09-02 16:55:25,259 - root - INFO - MinimaxAgent
2024-09-02 16:55:25,263 - getAction - INFO - I: Q2_Agent,%%%%%%%%%%%%%%%%%%%%
%o...%....... %    %
%.%%.%.%%..%% % %% %
%G%.....%..%.   v% %
%.%.%%.%%  %% %% % %
%G.....  G  % %.   %
%.%....%%%%%% %..% %
%.%....%  oo% %..% %
%G%....% %%%% %..% %
%.%.......... %..% %
%.%%.%.%%%%%% %.%% %
%o...%...     %...o%
%%%%%%%%%%%%%%%%%%%%
Score: 233
,
2024-09-02 16:55:25,263 - getAction - INFO - O: South
2024-09-02 16:55:25,265 - root - INFO - MinimaxAgent
2024-09-02 16:55:25,267 - getAction - INFO - I: Q2_Agent,%%%%%%%%%%%%%%%%%%%%
%o...%....... %    %
%G%%.%.%%..%% % %% %
%.%.....%..%.    % %
%.%.%%.%%G %% %%^% %
%......     % %.   %
%G%....%%%%%% %..% %
%.%....%  oo% %..% %
%.%....% %%%% %..% %
%G%.......... %..% %
%.%%.%.%%%%%% %.%% %
%o...%...     %...o%
%%%%%%%%%%%%%%%%%%%%
Score: 232
,
2024-09-02 16:55:25,267 - getAction - INFO - O: North
2024-09-02 16:55:25,268 - root - INFO - MinimaxAgent
2024-09-02 16:55:25,271 - getAction - INFO - I: Q2_Agent,%%%%%%%%%%%%%%%%%%%%
%o...%....... %    %
%.%%.%.%%..%% % %% %
%.%.....%..%.   v% %
%.%.%%.%% G%% %% % %
%......     % %.   %
%.%....%%%%%% %..% %
%G%....%  oo% %..% %
%.%....% %%%% %..% %
%.%.......... %..% %
%G%%.%.%%%%%% %.%% %
%o...%...     %...o%
%%%%%%%%%%%%%%%%%%%%
Score: 231
,
2024-09-02 16:55:25,271 - getAction - INFO - O: South
2024-09-02 16:55:25,272 - root - INFO - MinimaxAgent
2024-09-02 16:55:25,275 - getAction - INFO - I: Q2_Agent,%%%%%%%%%%%%%%%%%%%%
%oG..%....... %    %
%.%%.%.%%..%% % %% %
%.%.....%..%.    % %
%.%.%%.%%  %% %%^% %
%......   G % %.   %
%.%....%%%%%% %..% %
%.%....%  oo% %..% %
%G%....% %%%% %..% %
%.%.......... %..% %
%.%%.%.%%%%%% %.%% %
%o...%...     %...o%
%%%%%%%%%%%%%%%%%%%%
Score: 230
,
2024-09-02 16:55:25,275 - getAction - INFO - O: North
2024-09-02 16:55:25,277 - root - INFO - MinimaxAgent
2024-09-02 16:55:25,279 - getAction - INFO - I: Q2_Agent,%%%%%%%%%%%%%%%%%%%%
%o.G.%....... %    %
%.%%.%.%%..%% % %% %
%.%.....%..%.   v% %
%.%.%%.%%  %% %% % %
%......  G  % %.   %
%.%....%%%%%% %..% %
%.%....%  oo% %..% %
%.%....% %%%% %..% %
%G%.......... %..% %
%.%%.%.%%%%%% %.%% %
%oG..%...     %...o%
%%%%%%%%%%%%%%%%%%%%
Score: 229
,
2024-09-02 16:55:25,279 - getAction - INFO - O: South
2024-09-02 16:55:25,281 - root - INFO - MinimaxAgent
2024-09-02 16:55:25,285 - getAction - INFO - I: Q2_Agent,%%%%%%%%%%%%%%%%%%%%
%o..G%....... %    %
%.%%.%.%%..%% % %% %
%.%.....%..%.    % %
%.%.%%.%%  %% %%^% %
%...... G   % %.   %
%.%....%%%%%% %..% %
%.%....%  oo% %..% %
%.%....% %%%% %..% %
%.%.......... %..% %
%G%%.%.%%%%%% %.%% %
%o.G.%...     %...o%
%%%%%%%%%%%%%%%%%%%%
Score: 228
,
2024-09-02 16:55:25,285 - getAction - INFO - O: North
2024-09-02 16:55:25,286 - root - INFO - MinimaxAgent
2024-09-02 16:55:25,289 - getAction - INFO - I: Q2_Agent,%%%%%%%%%%%%%%%%%%%%
%o...%....... %    %
%.%%G%.%%..%% % %% %
%.%.....%..%.   v% %
%.%.%%.%%  %% %% % %
%......G    % %.   %
%.%....%%%%%% %..% %
%.%....%  oo% %..% %
%.%....% %%%% %..% %
%.%.......... %..% %
%.%%.%.%%%%%% %.%% %
%o..G%...     %...o%
%%%%%%%%%%%%%%%%%%%%
Score: 227
,
2024-09-02 16:55:25,289 - getAction - INFO - O: South
2024-09-02 16:55:25,291 - root - INFO - MinimaxAgent
2024-09-02 16:55:25,295 - getAction - INFO - I: Q2_Agent,%%%%%%%%%%%%%%%%%%%%
%o...%....... %    %
%.%%.%.%%..%% % %% %
%.%.G...%..%.    % %
%.%.%%.%%  %% %%^% %
%.....G     % %.   %
%.%....%%%%%% %..% %
%.%....%  oo% %..% %
%.%....% %%%% %..% %
%.%.......... %..% %
%.%%G%.%%%%%% %.%% %
%oG..%...     %...o%
%%%%%%%%%%%%%%%%%%%%
Score: 226
,
2024-09-02 16:55:25,295 - getAction - INFO - O: North
2024-09-02 16:55:25,296 - root - INFO - MinimaxAgent
2024-09-02 16:55:25,299 - getAction - INFO - I: Q2_Agent,%%%%%%%%%%%%%%%%%%%%
%o...%....... %    %
%.%%.%.%%..%% % %% %
%.%G....%..%.   v% %
%.%.%%.%%  %% %% % %
%....G.     % %.   %
%.%....%%%%%% %..% %
%.%....%  oo% %..% %
%.%....% %%%% %..% %
%.%.G........ %..% %
%.%%.%.%%%%%% %.%% %
%o.G.%...     %...o%
%%%%%%%%%%%%%%%%%%%%
Score: 225
,
2024-09-02 16:55:25,299 - getAction - INFO - O: South
2024-09-02 16:55:25,301 - root - INFO - MinimaxAgent
2024-09-02 16:55:25,303 - getAction - INFO - I: Q2_Agent,%%%%%%%%%%%%%%%%%%%%
%o...%....... %    %
%.%%.%.%%..%% % %% %
%.%.....%..%.    % %
%.%G%%.%%  %% %%^% %
%......     % %.   %
%.%..G.%%%%%% %..% %
%.%....%  oo% %..% %
%.%....% %%%% %..% %
%.%G......... %..% %
%.%%.%.%%%%%% %.%% %
%o..G%...     %...o%
%%%%%%%%%%%%%%%%%%%%
Score: 224
,
2024-09-02 16:55:25,303 - getAction - INFO - O: North
2024-09-02 16:55:25,305 - root - INFO - MinimaxAgent
2024-09-02 16:55:25,309 - getAction - INFO - I: Q2_Agent,%%%%%%%%%%%%%%%%%%%%
%o...%....... %    %
%.%%.%.%%..%% % %% %
%.%.....%..%.   v% %
%.%.%%.%%  %% %% % %
%..G...     % %.   %
%.%...G%%%%%% %..% %
%.%....%  oo% %..% %
%.%G...% %%%% %..% %
%.%.......... %..% %
%.%%G%.%%%%%% %.%% %
%o...%...     %...o%
%%%%%%%%%%%%%%%%%%%%
Score: 223
,
2024-09-02 16:55:25,309 - getAction - INFO - O: South
2024-09-02 16:55:25,310 - root - INFO - MinimaxAgent
2024-09-02 16:55:25,317 - getAction - INFO - I: Q2_Agent,%%%%%%%%%%%%%%%%%%%%
%o...%....... %    %
%.%%.%.%%..%% % %% %
%.%.....%..%.    % %
%.%.%%.%%  %% %%^% %
%.G...G     % %.   %
%.%....%%%%%% %..% %
%.%....%  oo% %..% %
%.%.G..% %%%% %..% %
%.%.G........ %..% %
%.%%.%.%%%%%% %.%% %
%o...%...     %...o%
%%%%%%%%%%%%%%%%%%%%
Score: 222
,
2024-09-02 16:55:25,317 - getAction - INFO - O: North
2024-09-02 16:55:25,318 - root - INFO - MinimaxAgent
2024-09-02 16:55:25,324 - getAction - INFO - I: Q2_Agent,%%%%%%%%%%%%%%%%%%%%
%o...%....... %    %
%.%%.%.%%..%% % %% %
%.%.....%..%.   v% %
%.%.%%.%%  %% %% % %
%G.....G    % %.   %
%.%....%%%%%% %..% %
%.%....%  oo% %..% %
%.%..G.% %%%% %..% %
%.%..G....... %..% %
%.%%.%.%%%%%% %.%% %
%o...%...     %...o%
%%%%%%%%%%%%%%%%%%%%
Score: 221
,
2024-09-02 16:55:25,324 - getAction - INFO - O: South
2024-09-02 16:55:25,326 - root - INFO - MinimaxAgent
2024-09-02 16:55:25,329 - getAction - INFO - I: Q2_Agent,%%%%%%%%%%%%%%%%%%%%
%o...%....... %    %
%.%%.%.%%..%% % %% %
%.%.....%..%.    % %
%G%.%%.%%  %% %%^% %
%...... G   % %.   %
%.%....%%%%%% %..% %
%.%....%  oo% %..% %
%.%...G% %%%% %..% %
%.%...G...... %..% %
%.%%.%.%%%%%% %.%% %
%o...%...     %...o%
%%%%%%%%%%%%%%%%%%%%
Score: 220
,
2024-09-02 16:55:25,329 - getAction - INFO - O: North
2024-09-02 16:55:25,331 - root - INFO - MinimaxAgent
2024-09-02 16:55:25,335 - getAction - INFO - I: Q2_Agent,%%%%%%%%%%%%%%%%%%%%
%o...%....... %    %
%.%%.%.%%..%% % %% %
%G%.....%..%.   v% %
%.%.%%.%%  %% %% % %
%......  G  % %.   %
%.%....%%%%%% %..% %
%.%....%  oo% %..% %
%.%...G% %%%% %..% %
%.%...G...... %..% %
%.%%.%.%%%%%% %.%% %
%o...%...     %...o%
%%%%%%%%%%%%%%%%%%%%
Score: 219
,
2024-09-02 16:55:25,335 - getAction - INFO - O: South
2024-09-02 16:55:25,337 - root - INFO - MinimaxAgent
2024-09-02 16:55:25,341 - getAction - INFO - I: Q2_Agent,%%%%%%%%%%%%%%%%%%%%
%o...%....... %    %
%G%%.%.%%..%% % %% %
%.%.....%..%.    % %
%.%.%%.%%G %% %%^% %
%......     % %.   %
%.%....%%%%%% %..% %
%.%...G%  oo% %..% %
%.%....% %%%% %..% %
%.%..G....... %..% %
%.%%.%.%%%%%% %.%% %
%o...%...     %...o%
%%%%%%%%%%%%%%%%%%%%
Score: 218
,
2024-09-02 16:55:25,341 - getAction - INFO - O: North
2024-09-02 16:55:25,342 - root - INFO - MinimaxAgent
2024-09-02 16:55:25,345 - getAction - INFO - I: Q2_Agent,%%%%%%%%%%%%%%%%%%%%
%o...%....... %    %
%.%%.%.%%..%% % %% %
%.%.....%..%.   v% %
%.%.%%.%% G%% %% % %
%......     % %.   %
%.%...G%%%%%% %..% %
%.%....%  oo% %..% %
%.%....% %%%% %..% %
%.%.G........ %..% %
%.%%.%.%%%%%% %.%% %
%o...%...     %...o%
%%%%%%%%%%%%%%%%%%%%
Score: 217
,
2024-09-02 16:55:25,345 - getAction - INFO - O: South
2024-09-02 16:55:25,347 - root - INFO - MinimaxAgent
2024-09-02 16:55:25,351 - getAction - INFO - I: Q2_Agent,%%%%%%%%%%%%%%%%%%%%
%oG..%....... %    %
%.%%.%.%%..%% % %% %
%.%.....%..%.    % %
%.%.%%.%%  %% %%^% %
%.....G   G % %.   %
%.%....%%%%%% %..% %
%.%....%  oo% %..% %
%.%.G..% %%%% %..% %
%.%.......... %..% %
%.%%.%.%%%%%% %.%% %
%o...%...     %...o%
%%%%%%%%%%%%%%%%%%%%
Score: 216
,
2024-09-02 16:55:25,351 - getAction - INFO - O: North
2024-09-02 16:55:25,353 - root - INFO - MinimaxAgent
2024-09-02 16:55:25,357 - getAction - INFO - I: Q2_Agent,%%%%%%%%%%%%%%%%%%%%
%o.G.%....... %    %
%.%%.%.%%..%% % %% %
%.%.....%..%.   v% %
%.%.%%.%%  %% %% % %
%......G G  % %.   %
%.%....%%%%%% %..% %
%.%....%  oo% %..% %
%.%..G.% %%%% %..% %
%.%.......... %..% %
%.%%.%.%%%%%% %.%% %
%o...%...     %...o%
%%%%%%%%%%%%%%%%%%%%
Score: 215
,
2024-09-02 16:55:25,357 - getAction - INFO - O: South
2024-09-02 16:55:25,358 - root - INFO - MinimaxAgent
2024-09-02 16:55:25,361 - getAction - INFO - I: Q2_Agent,%%%%%%%%%%%%%%%%%%%%
%o..G%....... %    %
%.%%.%.%%..%% % %% %
%.%.....%..%.    % %
%.%.%%.%%G %% %%^% %
%...... G   % %.   %
%.%....%%%%%% %..% %
%.%....%  oo% %..% %
%.%...G% %%%% %..% %
%.%.......... %..% %
%.%%.%.%%%%%% %.%% %
%o...%...     %...o%
%%%%%%%%%%%%%%%%%%%%
Score: 214
,
2024-09-02 16:55:25,361 - getAction - INFO - O: North
2024-09-02 16:55:25,363 - root - INFO - MinimaxAgent
2024-09-02 16:55:25,368 - getAction - INFO - I: Q2_Agent,%%%%%%%%%%%%%%%%%%%%
%o...%....... %    %
%.%%G%.%%..%% % %% %
%.%.....%G.%.   v% %
%.%.%%.%%  %% %% % %
%......  G  % %.   %
%.%....%%%%%% %..% %
%.%...G%  oo% %..% %
%.%....% %%%% %..% %
%.%.......... %..% %
%.%%.%.%%%%%% %.%% %
%o...%...     %...o%
%%%%%%%%%%%%%%%%%%%%
Score: 213
,
2024-09-02 16:55:25,368 - getAction - INFO - O: South
2024-09-02 16:55:25,369 - root - INFO - MinimaxAgent
2024-09-02 16:55:25,374 - getAction - INFO - I: Q2_Agent,%%%%%%%%%%%%%%%%%%%%
%o...%....... %    %
%.%%.%.%%..%% % %% %
%.%.G...%.G%.    % %
%.%.%%.%%G %% %%^% %
%......     % %.   %
%.%...G%%%%%% %..% %
%.%....%  oo% %..% %
%.%....% %%%% %..% %
%.%.......... %..% %
%.%%.%.%%%%%% %.%% %
%o...%...     %...o%
%%%%%%%%%%%%%%%%%%%%
Score: 212
,
2024-09-02 16:55:25,374 - getAction - INFO - O: North
2024-09-02 16:55:25,376 - root - INFO - MinimaxAgent
2024-09-02 16:55:25,379 - getAction - INFO - I: Q2_Agent,%%%%%%%%%%%%%%%%%%%%
%o...%....... %    %
%.%%.%.%%..%% % %% %
%.%G....%G.%.   v% %
%.%.%%.%% G%% %% % %
%.....G     % %.   %
%.%....%%%%%% %..% %
%.%....%  oo% %..% %
%.%....% %%%% %..% %
%.%.......... %..% %
%.%%.%.%%%%%% %.%% %
%o...%...     %...o%
%%%%%%%%%%%%%%%%%%%%
Score: 211
,
2024-09-02 16:55:25,380 - getAction - INFO - O: South
2024-09-02 16:55:25,381 - root - INFO - MinimaxAgent
2024-09-02 16:55:25,383 - getAction - INFO - I: Q2_Agent,%%%%%%%%%%%%%%%%%%%%
%o...%....... %    %
%.%%.%.%%G.%% % %% %
%.%.....%..%.    % %
%.%G%%.%%  %% %%^% %
%......G  G % %.   %
%.%....%%%%%% %..% %
%.%....%  oo% %..% %
%.%....% %%%% %..% %
%.%.......... %..% %
%.%%.%.%%%%%% %.%% %
%o...%...     %...o%
%%%%%%%%%%%%%%%%%%%%
Score: 210
,
2024-09-02 16:55:25,383 - getAction - INFO - O: North
2024-09-02 16:55:25,385 - root - INFO - MinimaxAgent
2024-09-02 16:55:25,389 - getAction - INFO - I: Q2_Agent,%%%%%%%%%%%%%%%%%%%%
%o...%...G... %    %
%.%%.%.%%..%% % %% %
%.%.....%..%.   v% %
%.%.%%.%%  %% %% % %
%..G... GG  % %.   %
%.%....%%%%%% %..% %
%.%....%  oo% %..% %
%.%....% %%%% %..% %
%.%.......... %..% %
%.%%.%.%%%%%% %.%% %
%o...%...     %...o%
%%%%%%%%%%%%%%%%%%%%
Score: 209
,
2024-09-02 16:55:25,389 - getAction - INFO - O: South
2024-09-02 16:55:25,391 - root - INFO - MinimaxAgent
2024-09-02 16:55:25,395 - getAction - INFO - I: Q2_Agent,%%%%%%%%%%%%%%%%%%%%
%o...%....G.. %    %
%.%%.%.%%..%% % %% %
%.%.....%..%.    % %
%.%.%%.%%  %% %%^% %
%...... GG  % %.   %
%.%G...%%%%%% %..% %
%.%....%  oo% %..% %
%.%....% %%%% %..% %
%.%.......... %..% %
%.%%.%.%%%%%% %.%% %
%o...%...     %...o%
%%%%%%%%%%%%%%%%%%%%
Score: 208
,
2024-09-02 16:55:25,395 - getAction - INFO - O: North
2024-09-02 16:55:25,396 - root - INFO - MinimaxAgent
2024-09-02 16:55:25,399 - getAction - INFO - I: Q2_Agent,%%%%%%%%%%%%%%%%%%%%
%o...%.....G. %    %
%.%%.%.%%..%% % %% %
%.%.....%..%.   v% %
%.%.%%.%%G %% %% % %
%......G    % %.   %
%.%....%%%%%% %..% %
%.%G...%  oo% %..% %
%.%....% %%%% %..% %
%.%.......... %..% %
%.%%.%.%%%%%% %.%% %
%o...%...     %...o%
%%%%%%%%%%%%%%%%%%%%
Score: 207
,
2024-09-02 16:55:25,399 - getAction - INFO - O: South
2024-09-02 16:55:25,400 - root - INFO - MinimaxAgent
2024-09-02 16:55:25,403 - getAction - INFO - I: Q2_Agent,%%%%%%%%%%%%%%%%%%%%
%o...%......G %    %
%.%%.%.%%..%% % %% %
%.%.....%G.%.    % %
%.%.%%.%%  %% %%^% %
%.....G     % %.   %
%.%....%%%%%% %..% %
%.%....%  oo% %..% %
%.%G...% %%%% %..% %
%.%.......... %..% %
%.%%.%.%%%%%% %.%% %
%o...%...     %...o%
%%%%%%%%%%%%%%%%%%%%
Score: 206
,
2024-09-02 16:55:25,403 - getAction - INFO - O: North
2024-09-02 16:55:25,406 - root - INFO - MinimaxAgent
2024-09-02 16:55:25,409 - getAction - INFO - I: Q2_Agent,%%%%%%%%%%%%%%%%%%%%
%o...%.......G%    %
%.%%.%.%%..%% % %% %
%.%.....%.G%.   v% %
%.%.%%.%%  %% %% % %
%......     % %.   %
%.%...G%%%%%% %..% %
%.%....%  oo% %..% %
%.%.G..% %%%% %..% %
%.%.......... %..% %
%.%%.%.%%%%%% %.%% %
%o...%...     %...o%
%%%%%%%%%%%%%%%%%%%%
Score: 205
,
2024-09-02 16:55:25,409 - getAction - INFO - O: South
2024-09-02 16:55:25,411 - root - INFO - MinimaxAgent
2024-09-02 16:55:25,416 - getAction - INFO - I: Q2_Agent,%%%%%%%%%%%%%%%%%%%%
%o...%....... %    %
%.%%.%.%%..%%G% %% %
%.%.....%..%.    % %
%.%.%%.%% G%% %%^% %
%......     % %.   %
%.%..G.%%%%%% %..% %
%.%....%  oo% %..% %
%.%..G.% %%%% %..% %
%.%.......... %..% %
%.%%.%.%%%%%% %.%% %
%o...%...     %...o%
%%%%%%%%%%%%%%%%%%%%
Score: 204
,
2024-09-02 16:55:25,416 - getAction - INFO - O: North
2024-09-02 16:55:25,417 - root - INFO - MinimaxAgent
2024-09-02 16:55:25,423 - getAction - INFO - I: Q2_Agent,%%%%%%%%%%%%%%%%%%%%
%o...%....... %    %
%.%%.%.%%..%% % %% %
%.%.....%..%.G  v% %
%.%.%%.%%G %% %% % %
%......     % %.   %
%.%....%%%%%% %..% %
%.%..G.%  oo% %..% %
%.%....% %%%% %..% %
%.%..G....... %..% %
%.%%.%.%%%%%% %.%% %
%o...%...     %...o%
%%%%%%%%%%%%%%%%%%%%
Score: 203
,
2024-09-02 16:55:25,423 - getAction - INFO - O: South
2024-09-02 16:55:25,425 - root - INFO - MinimaxAgent
2024-09-02 16:55:25,428 - getAction - INFO - I: Q2_Agent,%%%%%%%%%%%%%%%%%%%%
%o...%....... %    %
%.%%.%.%%..%% % %% %
%.%.....%..%. G  % %
%.%.%%.%%  %% %%^% %
%......  G  % %.   %
%.%....%%%%%% %..% %
%.%...G%  oo% %..% %
%.%....% %%%% %..% %
%.%.G........ %..% %
%.%%.%.%%%%%% %.%% %
%o...%...     %...o%
%%%%%%%%%%%%%%%%%%%%
Score: 202
,
2024-09-02 16:55:25,428 - getAction - INFO - O: North
2024-09-02 16:55:25,430 - root - INFO - MinimaxAgent
2024-09-02 16:55:25,435 - getAction - INFO - I: Q2_Agent,%%%%%%%%%%%%%%%%%%%%
%o...%....... %    %
%.%%.%.%%..%% % %% %
%.%.....%..%.  Gv% %
%.%.%%.%%  %% %% % %
%......   G % %.   %
%.%....%%%%%% %..% %
%.%....%  oo% %..% %
%.%.G.G% %%%% %..% %
%.%.......... %..% %
%.%%.%.%%%%%% %.%% %
%o...%...     %...o%
%%%%%%%%%%%%%%%%%%%%
Score: 201
,
2024-09-02 16:55:25,435 - getAction - INFO - O: South
2024-09-02 16:55:25,436 - root - INFO - MinimaxAgent
2024-09-02 16:55:25,439 - getAction - INFO - I: Q2_Agent,%%%%%%%%%%%%%%%%%%%%
%o...%....... %    %
%.%%.%.%%..%% %G%% %
%.%.....%..%.    % %
%.%.%%.%%  %% %%^% %
%......    G% %.   %
%.%....%%%%%% %..% %
%.%....%  oo% %..% %
%.%..G.% %%%% %..% %
%.%.......... %..% %
%.%%.%.%%%%%% %.%% %
%o...%...     %...o%
%%%%%%%%%%%%%%%%%%%%
Score: 200
,
2024-09-02 16:55:25,440 - getAction - INFO - O: North
2024-09-02 16:55:25,441 - root - INFO - MinimaxAgent
2024-09-02 16:55:25,444 - getAction - INFO - I: Q2_Agent,%%%%%%%%%%%%%%%%%%%%
%o...%....... %G   %
%.%%.%.%%..%% % %% %
%.%.....%..%.   v% %
%.%.%%.%%  %% %% % %
%......   G % %.   %
%.%....%%%%%% %..% %
%.%....%  oo% %..% %
%.%...G% %%%% %..% %
%.%..G....... %..% %
%.%%.%.%%%%%% %.%% %
%o...%...     %...o%
%%%%%%%%%%%%%%%%%%%%
Score: 199
,
2024-09-02 16:55:25,444 - getAction - INFO - O: South
2024-09-02 16:55:25,447 - root - INFO - MinimaxAgent
2024-09-02 16:55:25,450 - getAction - INFO - I: Q2_Agent,%%%%%%%%%%%%%%%%%%%%
%o...%....... % G  %
%.%%.%.%%..%% % %% %
%.%.....%..%.    % %
%.%.%%.%% G%% %%^% %
%......     % %.   %
%.%....%%%%%% %..% %
%.%...G%  oo% %..% %
%.%....% %%%% %..% %
%.%...G...... %..% %
%.%%.%.%%%%%% %.%% %
%o...%...     %...o%
%%%%%%%%%%%%%%%%%%%%
Score: 198
,
2024-09-02 16:55:25,450 - getAction - INFO - O: North
2024-09-02 16:55:25,451 - root - INFO - MinimaxAgent
2024-09-02 16:55:25,455 - getAction - INFO - I: Q2_Agent,%%%%%%%%%%%%%%%%%%%%
%o...%....... %  G %
%.%%.%.%%..%% % %% %
%.%.....%..%.   v% %
%.%.%%.%%G %% %% % %
%......     % %.   %
%.%....%%%%%% %..% %
%.%..G.%  oo% %..% %
%.%....% %%%% %..% %
%.%.......... %..% %
%.%%.%G%%%%%% %.%% %
%o...%...     %...o%
%%%%%%%%%%%%%%%%%%%%
Score: 197
,
2024-09-02 16:55:25,455 - getAction - INFO - O: South
2024-09-02 16:55:25,456 - root - INFO - MinimaxAgent
2024-09-02 16:55:25,460 - getAction - INFO - I: Q2_Agent,%%%%%%%%%%%%%%%%%%%%
%o...%....... %   G%
%.%%.%.%%..%% % %% %
%.%.....%G.%.    % %
%.%.%%.%%  %% %%^% %
%......     % %.   %
%.%....%%%%%% %..% %
%.%....%  oo% %..% %
%.%..G.% %%%% %..% %
%.%.......... %..% %
%.%%.%.%%%%%% %.%% %
%o...%G..     %...o%
%%%%%%%%%%%%%%%%%%%%
Score: 196
,
2024-09-02 16:55:25,460 - getAction - INFO - O: North
2024-09-02 16:55:25,462 - root - INFO - MinimaxAgent
2024-09-02 16:55:25,466 - getAction - INFO - I: Q2_Agent,%%%%%%%%%%%%%%%%%%%%
%o...%....... %    %
%.%%.%.%%..%% % %%G%
%.%.....%.G%.   v% %
%.%.%%.%%  %% %% % %
%......     % %.   %
%.%....%%%%%% %..% %
%.%....%  oo% %..% %
%.%.G..% %%%% %..% %
%.%.......... %..% %
%.%%.%.%%%%%% %.%% %
%o...%.G.     %...o%
%%%%%%%%%%%%%%%%%%%%
Score: 195
,
2024-09-02 16:55:25,466 - getAction - INFO - O: South
2024-09-02 16:55:25,467 - root - INFO - MinimaxAgent
2024-09-02 16:55:25,471 - getAction - INFO - I: Q2_Agent,%%%%%%%%%%%%%%%%%%%%
%o...%....... %    %
%.%%.%.%%..%% % %% %
%.%.....%..%.    %G%
%.%.%%.%% G%% %%^% %
%......     % %.   %
%.%....%%%%%% %..% %
%.%.G..%  oo% %..% %
%.%....% %%%% %..% %
%.%.......... %..% %
%.%%.%.%%%%%% %.%% %
%o...%..G     %...o%
%%%%%%%%%%%%%%%%%%%%
Score: 194
,
2024-09-02 16:55:25,471 - getAction - INFO - O: North
2024-09-02 16:55:25,472 - root - INFO - MinimaxAgent
2024-09-02 16:55:25,475 - getAction - INFO - I: Q2_Agent,%%%%%%%%%%%%%%%%%%%%
%o...%....... %    %
%.%%.%.%%..%% % %% %
%.%.....%..%.   v% %
%.%.%%.%%  %% %% %G%
%......   G % %.   %
%.%....%%%%%% %..% %
%.%..G.%  oo% %..% %
%.%....% %%%% %..% %
%.%.......... %..% %
%.%%.%.%%%%%% %.%% %
%o...%...G    %...o%
%%%%%%%%%%%%%%%%%%%%
Score: 193
,
2024-09-02 16:55:25,475 - getAction - INFO - O: South
2024-09-02 16:55:25,477 - root - INFO - MinimaxAgent
2024-09-02 16:55:25,480 - getAction - INFO - I: Q2_Agent,%%%%%%%%%%%%%%%%%%%%
%o...%....... %    %
%.%%.%.%%..%% % %% %
%.%.....%..%.    % %
%.%.%%.%%  %% %%^% %
%......    G% %.  G%
%.%....%%%%%% %..% %
%.%...G%  oo% %..% %
%.%....% %%%% %..% %
%.%.......... %..% %
%.%%.%.%%%%%% %.%% %
%o...%... G   %...o%
%%%%%%%%%%%%%%%%%%%%
Score: 192
,
2024-09-02 16:55:25,480 - getAction - INFO - O: North
2024-09-02 16:55:25,481 - root - INFO - MinimaxAgent
2024-09-02 16:55:25,485 - getAction - INFO - I: Q2_Agent,%%%%%%%%%%%%%%%%%%%%
%o...%....... %    %
%.%%.%.%%..%% % %% %
%.%.....%..%.   v% %
%.%.%%.%%  %% %% % %
%......   G % %. G %
%.%...G%%%%%% %..% %
%.%....%  oo% %..% %
%.%....% %%%% %..% %
%.%.......... %..% %
%.%%.%.%%%%%% %.%% %
%o...%...  G  %...o%
%%%%%%%%%%%%%%%%%%%%
Score: 191
,
2024-09-02 16:55:25,485 - getAction - INFO - O: South
2024-09-02 16:55:25,486 - root - INFO - MinimaxAgent
2024-09-02 16:55:25,491 - getAction - INFO - I: Q2_Agent,%%%%%%%%%%%%%%%%%%%%
%o...%....... %    %
%.%%.%.%%..%% % %% %
%.%.....%..%.    % %
%.%.%%.%%  %% %%^% %
%......  G  % %.G  %
%.%..G.%%%%%% %..% %
%.%....%  oo% %..% %
%.%....% %%%% %..% %
%.%.......... %..% %
%.%%.%.%%%%%% %.%% %
%o...%...   G %...o%
%%%%%%%%%%%%%%%%%%%%
Score: 190
,
2024-09-02 16:55:25,492 - getAction - INFO - O: North
2024-09-02 16:55:25,493 - root - INFO - MinimaxAgent
2024-09-02 16:55:25,495 - getAction - INFO - I: Q2_Agent,%%%%%%%%%%%%%%%%%%%%
%o...%....... %    %
%.%%.%.%%..%% % %% %
%.%.....%..%.   v% %
%.%.%%.%%G %% %% % %
%....G.     % %G   %
%.%....%%%%%% %..% %
%.%....%  oo% %..% %
%.%....% %%%% %..% %
%.%.......... %..% %
%.%%.%.%%%%%% %.%% %
%o...%...    G%...o%
%%%%%%%%%%%%%%%%%%%%
Score: 189
,
2024-09-02 16:55:25,497 - getAction - INFO - O: South
2024-09-02 16:55:25,498 - root - INFO - MinimaxAgent
2024-09-02 16:55:25,503 - getAction - INFO - I: Q2_Agent,%%%%%%%%%%%%%%%%%%%%
%o...%....... %    %
%.%%.%.%%..%% % %% %
%.%.....%G.%.    % %
%.%.%%.%%  %% %%^% %
%.....G     % %.   %
%.%....%%%%%% %G.% %
%.%....%  oo% %..% %
%.%....% %%%% %..% %
%.%.......... %..% %
%.%%.%.%%%%%%G%.%% %
%o...%...     %...o%
%%%%%%%%%%%%%%%%%%%%
Score: 188
,
2024-09-02 16:55:25,503 - getAction - INFO - O: North
2024-09-02 16:55:25,505 - root - INFO - MinimaxAgent
2024-09-02 16:55:25,509 - getAction - INFO - I: Q2_Agent,%%%%%%%%%%%%%%%%%%%%
%o...%....... %    %
%.%%.%.%%..%% % %% %
%.%.....%.G%.   v% %
%.%.%%.%%  %% %% % %
%......     % %.   %
%.%...G%%%%%% %..% %
%.%....%  oo% %G.% %
%.%....% %%%% %..% %
%.%..........G%..% %
%.%%.%.%%%%%% %.%% %
%o...%...     %...o%
%%%%%%%%%%%%%%%%%%%%
Score: 187
,
2024-09-02 16:55:25,509 - getAction - INFO - O: South
2024-09-02 16:55:25,510 - root - INFO - MinimaxAgent
2024-09-02 16:55:25,515 - getAction - INFO - I: Q2_Agent,%%%%%%%%%%%%%%%%%%%%
%o...%....... %    %
%.%%.%.%%.G%% % %% %
%.%.....%..%.    % %
%.%.%%.%%  %% %%^% %
%......     % %.   %
%.%..G.%%%%%% %..% %
%.%....%  oo% %..% %
%.%....% %%%%G%G.% %
%.%.......... %..% %
%.%%.%.%%%%%% %.%% %
%o...%...     %...o%
%%%%%%%%%%%%%%%%%%%%
Score: 186
,
2024-09-02 16:55:25,515 - getAction - INFO - O: North
2024-09-02 16:55:25,516 - root - INFO - MinimaxAgent
2024-09-02 16:55:25,520 - getAction - INFO - I: Q2_Agent,%%%%%%%%%%%%%%%%%%%%
%o...%....... %    %
%.%%.%.%%G.%% % %% %
%.%.....%..%.   v% %
%.%.%%.%%  %% %% % %
%......     % %.   %
%.%....%%%%%% %..% %
%.%..G.%  oo%G%..% %
%.%....% %%%% %..% %
%.%.......... %G.% %
%.%%.%.%%%%%% %.%% %
%o...%...     %...o%
%%%%%%%%%%%%%%%%%%%%
Score: 185
,
2024-09-02 16:55:25,521 - getAction - INFO - O: South
2024-09-02 16:55:25,522 - root - INFO - MinimaxAgent
2024-09-02 16:55:25,525 - getAction - INFO - I: Q2_Agent,%%%%%%%%%%%%%%%%%%%%
%o...%...G... %    %
%.%%.%.%%..%% % %% %
%.%.....%..%.    % %
%.%.%%.%%  %% %%^% %
%......     % %.   %
%.%....%%%%%%G%..% %
%.%....%  oo% %..% %
%.%..G.% %%%% %..% %
%.%.......... %.G% %
%.%%.%.%%%%%% %.%% %
%o...%...     %...o%
%%%%%%%%%%%%%%%%%%%%
Score: 184
,
2024-09-02 16:55:25,525 - getAction - INFO - O: North
2024-09-02 16:55:25,527 - root - INFO - MinimaxAgent
2024-09-02 16:55:25,530 - getAction - INFO - I: Q2_Agent,%%%%%%%%%%%%%%%%%%%%
%o...%..G.... %    %
%.%%.%.%%..%% % %% %
%.%.....%..%.   v% %
%.%.%%.%%  %% %% % %
%......     %G%.   %
%.%....%%%%%% %..% %
%.%....%  oo% %..% %
%.%...G% %%%% %.G% %
%.%.......... %..% %
%.%%.%.%%%%%% %.%% %
%o...%...     %...o%
%%%%%%%%%%%%%%%%%%%%
Score: 183
,
2024-09-02 16:55:25,530 - getAction - INFO - O: South
2024-09-02 16:55:25,532 - root - INFO - MinimaxAgent
2024-09-02 16:55:25,535 - getAction - INFO - I: Q2_Agent,%%%%%%%%%%%%%%%%%%%%
%o...%.G..... %    %
%.%%.%.%%..%% % %% %
%.%.....%..%.    % %
%.%.%%.%%  %%G%%^% %
%......     % %.   %
%.%....%%%%%% %..% %
%.%....%  oo% %.G% %
%.%....% %%%% %..% %
%.%...G...... %..% %
%.%%.%.%%%%%% %.%% %
%o...%...     %...o%
%%%%%%%%%%%%%%%%%%%%
Score: 182
,
2024-09-02 16:55:25,535 - getAction - INFO - O: North
2024-09-02 16:55:25,537 - root - INFO - MinimaxAgent
2024-09-02 16:55:25,540 - getAction - INFO - I: Q2_Agent,%%%%%%%%%%%%%%%%%%%%
%o...%G...... %    %
%.%%.%.%%..%% % %% %
%.%.....%..%.G  v% %
%.%.%%.%%  %% %% % %
%......     % %.   %
%.%....%%%%%% %..% %
%.%....%  oo% %G.% %
%.%....% %%%% %..% %
%.%.......... %..% %
%.%%.%G%%%%%% %.%% %
%o...%...     %...o%
%%%%%%%%%%%%%%%%%%%%
Score: 181
,
2024-09-02 16:55:25,540 - getAction - INFO - O: South
2024-09-02 16:55:25,542 - root - INFO - MinimaxAgent
2024-09-02 16:55:25,546 - getAction - INFO - I: Q2_Agent,%%%%%%%%%%%%%%%%%%%%
%o...%....... %    %
%.%%.%G%%..%% % %% %
%.%.....%..%. G  % %
%.%.%%.%%  %% %%^% %
%......     % %.   %
%.%....%%%%%% %G.% %
%.%....%  oo% %..% %
%.%....% %%%% %..% %
%.%.......... %..% %
%.%%.%.%%%%%% %.%% %
%o...%G..     %...o%
%%%%%%%%%%%%%%%%%%%%
Score: 180
,
2024-09-02 16:55:25,546 - getAction - INFO - O: North
2024-09-02 16:55:25,547 - root - INFO - MinimaxAgent
2024-09-02 16:55:25,550 - getAction - INFO - I: Q2_Agent,%%%%%%%%%%%%%%%%%%%%
%o...%....... %    %
%.%%.%.%%..%% % %% %
%.%...G.%..%.  Gv% %
%.%.%%.%%  %% %% % %
%......     % %G   %
%.%....%%%%%% %..% %
%.%....%  oo% %..% %
%.%....% %%%% %..% %
%.%.......... %..% %
%.%%.%.%%%%%% %.%% %
%o...%.G.     %...o%
%%%%%%%%%%%%%%%%%%%%
Score: 179
,
2024-09-02 16:55:25,550 - getAction - INFO - O: South
2024-09-02 16:55:25,551 - root - INFO - MinimaxAgent
2024-09-02 16:55:25,553 - getAction - INFO - I: Q2_Agent,%%%%%%%%%%%%%%%%%%%%
%o...%....... %    %
%.%%.%.%%..%% % %% %
%.%....G%..%.   G% %
%.%.%%.%%  %% %%^% %
%......     % %.G  %
%.%....%%%%%% %..% %
%.%....%  oo% %..% %
%.%....% %%%% %..% %
%.%.......... %..% %
%.%%.%.%%%%%% %.%% %
%o...%..G     %...o%
%%%%%%%%%%%%%%%%%%%%
Score: 178
,
2024-09-02 16:55:25,553 - getAction - INFO - O: North
2024-09-02 16:55:25,554 - root - INFO - Remaining Food: 81
2024-09-02 16:55:25,554 - root - INFO - moveHistory: [[(0, 'East'), (1, 'South'), (2, 'West'), (3, 'West'), (4, 'West'), (0, 'East'), (1, 'South'), (2, 'West'), (3, 'West'), (4, 'West'), (0, 'East'), (1, 'West'), (2, 'North'), (3, 'West'), (4, 'West'), (0, 'East'), (1, 'West'), (2, 'North'), (3, 'North'), (4, 'West'), (0, 'North'), (1, 'West'), (2, 'East'), (3, 'North'), (4, 'South'), (0, 'North'), (1, 'North'), (2, 'West'), (3, 'West'), (4, 'West'), (0, 'North'), (1, 'East'), (2, 'North'), (3, 'West'), (4, 'West'), (0, 'North'), (1, 'South'), (2, 'North'), (3, 'West'), (4, 'North'), (0, 'North'), (1, 'West'), (2, 'East'), (3, 'South'), (4, 'West'), (0, 'North'), (1, 'West'), (2, 'East'), (3, 'South'), (4, 'South'), (0, 'North'), (1, 'North'), (2, 'East'), (3, 'South'), (4, 'South'), (0, 'North'), (1, 'North'), (2, 'East'), (3, 'East'), (4, 'East'), (0, 'North'), (1, 'East'), (2, 'East'), (3, 'North'), (4, 'South'), (0, 'North'), (1, 'North'), (2, 'East'), (3, 'West'), (4, 'East'), (0, 'South'), (1, 'North'), (2, 'East'), (3, 'West'), (4, 'South'), (0, 'South'), (1, 'West'), (2, 'South'), (3, 'West'), (4, 'West'), (0, 'East'), (1, 'West'), (2, 'South'), (3, 'North'), (4, 'South'), (0, 'East'), (1, 'North'), (2, 'West'), (3, 'North'), (4, 'South'), (0, 'North'), (1, 'North'), (2, 'East'), (3, 'North'), (4, 'West'), (0, 'North'), (1, 'East'), (2, 'South'), (3, 'North'), (4, 'West'), (0, 'East'), (1, 'East'), (2, 'South'), (3, 'East'), (4, 'West'), (0, 'East'), (1, 'East'), (2, 'South'), (3, 'East'), (4, 'North'), (0, 'East'), (1, 'South'), (2, 'South'), (3, 'East'), (4, 'North'), (0, 'South'), (1, 'South'), (2, 'South'), (3, 'East'), (4, 'North'), (0, 'South'), (1, 'South'), (2, 'South'), (3, 'South'), (4, 'North'), (0, 'South'), (1, 'South'), (2, 'South'), (3, 'South'), (4, 'North'), (0, 'South'), (1, 'West'), (2, 'South'), (3, 'South'), (4, 'North'), (0, 'South'), (1, 'West'), (2, 'South'), (3, 'South'), (4, 'North'), (0, 'South'), (1, 'South'), (2, 'South'), (3, 'West'), (4, 'North'), (0, 'South'), (1, 'South'), (2, 'South'), (3, 'West'), (4, 'North'), (0, 'South'), (1, 'East'), (2, 'South'), (3, 'South'), (4, 'North'), (0, 'South'), (1, 'East'), (2, 'South'), (3, 'South'), (4, 'North'), (0, 'North'), (1, 'South'), (2, 'West'), (3, 'South'), (4, 'North'), (0, 'North'), (1, 'South'), (2, 'West'), (3, 'South'), (4, 'North'), (0, 'North'), (1, 'West'), (2, 'West'), (3, 'South'), (4, 'North'), (0, 'North'), (1, 'West'), (2, 'West'), (3, 'South'), (4, 'North'), (0, 'North'), (1, 'West'), (2, 'West'), (3, 'South'), (4, 'North'), (0, 'West'), (1, 'West'), (2, 'West'), (3, 'South'), (4, 'North'), (0, 'West'), (1, 'South'), (2, 'West'), (3, 'East'), (4, 'North'), (0, 'North'), (1, 'South'), (2, 'West'), (3, 'East'), (4, 'North'), (0, 'North'), (1, 'West'), (2, 'West'), (3, 'South'), (4, 'East'), (0, 'South'), (1, 'West'), (2, 'West'), (3, 'South'), (4, 'East'), (0, 'North'), (1, 'South'), (2, 'West'), (3, 'West'), (4, 'East'), (0, 'South'), (1, 'South'), (2, 'West'), (3, 'West'), (4, 'East'), (0, 'North'), (1, 'East'), (2, 'West'), (3, 'North'), (4, 'East'), (0, 'South'), (1, 'East'), (2, 'West'), (3, 'North'), (4, 'East'), (0, 'North'), (1, 'North'), (2, 'North'), (3, 'East'), (4, 'South'), (0, 'South'), (1, 'North'), (2, 'North'), (3, 'East'), (4, 'South'), (0, 'North'), (1, 'North'), (2, 'North'), (3, 'North'), (4, 'South'), (0, 'South'), (1, 'North'), (2, 'North'), (3, 'North'), (4, 'South'), (0, 'North'), (1, 'West'), (2, 'East'), (3, 'North'), (4, 'East'), (0, 'South'), (1, 'West'), (2, 'East'), (3, 'North'), (4, 'East'), (0, 'North'), (1, 'South'), (2, 'East'), (3, 'West'), (4, 'East'), (0, 'South'), (1, 'South'), (2, 'East'), (3, 'West'), (4, 'East'), (0, 'North'), (1, 'South'), (2, 'North'), (3, 'South'), (4, 'North'), (0, 'South'), (1, 'South'), (2, 'North'), (3, 'South'), (4, 'North'), (0, 'North'), (1, 'East'), (2, 'North'), (3, 'South'), (4, 'North'), (0, 'South'), (1, 'East'), (2, 'North'), (3, 'South'), (4, 'North'), (0, 'North'), (1, 'East'), (2, 'East'), (3, 'South'), (4, 'East'), (0, 'South'), (1, 'East'), (2, 'East'), (3, 'South'), (4, 'East'), (0, 'North'), (1, 'North'), (2, 'East'), (3, 'East'), (4, 'East'), (0, 'South'), (1, 'North'), (2, 'East'), (3, 'East'), (4, 'East'), (0, 'North'), (1, 'West'), (2, 'East'), (3, 'East'), (4, 'East'), (0, 'South'), (1, 'South'), (2, 'West'), (3, 'South'), (4, 'South'), (0, 'North'), (1, 'South'), (2, 'West'), (3, 'West'), (4, 'East'), (0, 'South'), (1, 'South'), (2, 'West'), (3, 'South'), (4, 'South'), (0, 'North'), (1, 'West'), (2, 'South'), (3, 'South'), (4, 'West'), (0, 'South'), (1, 'West'), (2, 'South'), (3, 'West'), (4, 'North'), (0, 'North'), (1, 'West'), (2, 'West'), (3, 'West'), (4, 'North'), (0, 'South'), (1, 'North'), (2, 'West'), (3, 'West'), (4, 'East'), (0, 'North'), (1, 'North'), (2, 'North'), (3, 'North'), (4, 'South'), (0, 'South'), (1, 'North'), (2, 'North'), (3, 'North'), (4, 'West'), (0, 'North'), (1, 'North'), (2, 'West'), (3, 'North'), (4, 'South'), (0, 'South'), (1, 'North'), (2, 'West'), (3, 'North'), (4, 'East'), (0, 'North'), (1, 'North'), (2, 'West'), (3, 'North'), (4, 'North'), (0, 'South'), (1, 'North'), (2, 'South'), (3, 'North'), (4, 'North'), (0, 'North'), (1, 'North'), (2, 'East'), (3, 'North'), (4, 'West'), (0, 'South'), (1, 'North'), (2, 'North'), (3, 'North'), (4, 'South'), (0, 'North'), (1, 'North'), (2, 'North'), (3, 'North'), (4, 'East'), (0, 'South'), (1, 'East'), (2, 'North'), (3, 'North'), (4, 'South'), (0, 'North'), (1, 'East'), (2, 'East'), (3, 'East'), (4, 'South'), (0, 'South'), (1, 'East'), (2, 'South'), (3, 'East'), (4, 'South'), (0, 'North'), (1, 'South'), (2, 'West'), (3, 'East'), (4, 'East'), (0, 'South'), (1, 'South'), (2, 'North'), (3, 'South'), (4, 'West'), (0, 'North'), (1, 'West'), (2, 'East'), (3, 'South'), (4, 'West'), (0, 'South'), (1, 'South'), (2, 'East'), (3, 'East'), (4, 'North'), (0, 'North'), (1, 'South'), (2, 'North'), (3, 'East'), (4, 'North'), (0, 'South'), (1, 'South'), (2, 'North'), (3, 'South'), (4, 'East'), (0, 'North'), (1, 'East'), (2, 'East'), (3, 'South'), (4, 'North'), (0, 'South'), (1, 'South'), (2, 'West'), (3, 'West'), (4, 'North'), (0, 'North'), (1, 'West'), (2, 'West'), (3, 'West'), (4, 'West'), (0, 'South'), (1, 'North'), (2, 'West'), (3, 'West'), (4, 'South'), (0, 'North'), (1, 'North'), (2, 'West'), (3, 'West'), (4, 'East'), (0, 'South'), (1, 'West'), (2, 'South'), (3, 'West'), (4, 'South'), (0, 'North'), (1, 'West'), (2, 'South'), (3, 'South'), (4, 'South'), (0, 'South'), (1, 'North'), (2, 'West'), (3, 'South'), (4, 'South'), (0, 'North'), (1, 'North'), (2, 'West'), (3, 'South'), (4, 'West'), (0, 'South'), (1, 'North'), (2, 'South'), (3, 'South'), (4, 'North'), (0, 'North'), (1, 'North'), (2, 'South'), (3, 'South'), (4, 'East'), (0, 'South'), (1, 'East'), (2, 'South'), (3, 'South'), (4, 'South'), (0, 'North'), (1, 'East'), (2, 'South'), (3, 'East'), (4, 'West'), (0, 'South'), (1, 'East'), (2, 'South'), (3, 'East'), (4, 'West'), (0, 'North'), (1, 'South'), (2, 'South'), (3, 'East'), (4, 'West'), (0, 'South'), (1, 'South'), (2, 'East'), (3, 'North'), (4, 'West'), (0, 'North'), (1, 'West'), (2, 'East'), (3, 'North'), (4, 'West'), (0, 'South'), (1, 'South'), (2, 'East'), (3, 'West'), (4, 'South'), (0, 'North'), (1, 'South'), (2, 'North'), (3, 'North'), (4, 'East'), (0, 'South'), (1, 'West'), (2, 'North'), (3, 'East'), (4, 'North'), (0, 'North'), (1, 'West'), (2, 'East'), (3, 'East'), (4, 'East'), (0, 'South'), (1, 'North'), (2, 'East'), (3, 'East'), (4, 'East'), (0, 'North'), (1, 'North'), (2, 'North'), (3, 'South'), (4, 'East'), (0, 'South'), (1, 'North'), (2, 'North'), (3, 'West'), (4, 'North'), (0, 'North'), (1, 'North'), (2, 'North'), (3, 'West'), (4, 'East'), (0, 'South'), (1, 'East'), (2, 'North'), (3, 'North'), (4, 'South'), (0, 'North'), (1, 'East'), (2, 'East'), (3, 'East'), (4, 'West'), (0, 'South'), (1, 'East'), (2, 'East'), (3, 'East'), (4, 'North'), (0, 'North'), (1, 'South'), (2, 'East'), (3, 'North'), (4, 'North'), (0, 'South'), (1, 'South'), (2, 'North'), (3, 'North'), (4, 'East'), (0, 'North'), (1, 'West'), (2, 'North'), (3, 'North'), (4, 'South'), (0, 'South'), (1, 'South'), (2, 'North'), (3, 'East'), (4, 'South'), (0, 'North'), (1, 'South'), (2, 'North'), (3, 'East'), (4, 'West'), (0, 'South'), (1, 'South'), (2, 'East'), (3, 'East'), (4, 'West'), (0, 'North'), (1, 'South'), (2, 'East'), (3, 'North'), (4, 'West'), (0, 'South'), (1, 'South'), (2, 'East'), (3, 'North'), (4, 'West'), (0, 'North'), (1, 'East'), (2, 'East'), (3, 'East'), (4, 'South'), (0, 'South'), (1, 'East'), (2, 'South'), (3, 'South'), (4, 'West'), (0, 'North'), (1, 'South'), (2, 'South'), (3, 'West'), (4, 'South'), (0, 'South'), (1, 'West'), (2, 'East'), (3, 'South'), (4, 'East'), (0, 'North'), (1, 'North'), (2, 'East'), (3, 'East'), (4, 'South'), (0, 'South'), (1, 'East'), (2, 'North'), (3, 'East'), (4, 'West'), (0, 'North'), (1, 'East'), (2, 'North'), (3, 'West'), (4, 'South'), (0, 'South'), (1, 'North'), (2, 'East'), (3, 'North'), (4, 'East'), (0, 'North'), (1, 'West'), (2, 'East'), (3, 'West'), (4, 'South'), (0, 'South'), (1, 'South'), (2, 'East'), (3, 'North'), (4, 'South'), (0, 'North'), (1, 'West'), (2, 'South'), (3, 'East'), (4, 'East'), (0, 'South'), (1, 'North'), (2, 'South'), (3, 'South'), (4, 'East'), (0, 'North'), (1, 'East'), (2, 'South'), (3, 'South'), (4, 'East'), (0, 'South'), (1, 'East'), (2, 'South'), (3, 'East'), (4, 'East'), (0, 'North'), (1, 'North'), (2, 'West'), (3, 'West'), (4, 'East'), (0, 'South'), (1, 'West'), (2, 'West'), (3, 'West'), (4, 'East'), (0, 'North'), (1, 'North'), (2, 'West'), (3, 'North'), (4, 'East'), (0, 'South'), (1, 'East'), (2, 'South'), (3, 'North'), (4, 'North'), (0, 'North'), (1, 'South'), (2, 'South'), (3, 'East'), (4, 'North'), (0, 'South'), (1, 'West'), (2, 'South'), (3, 'North'), (4, 'North'), (0, 'North'), (1, 'South'), (2, 'South'), (3, 'West'), (4, 'North'), (0, 'South'), (1, 'South'), (2, 'East'), (3, 'North'), (4, 'North'), (0, 'North'), (1, 'East'), (2, 'North'), (3, 'West'), (4, 'North'), (0, 'South'), (1, 'South'), (2, 'North'), (3, 'West'), (4, 'North'), (0, 'North'), (1, 'South'), (2, 'West'), (3, 'West'), (4, 'North'), (0, 'South'), (1, 'South'), (2, 'North'), (3, 'South'), (4, 'East'), (0, 'North'), (1, 'East'), (2, 'North'), (3, 'South'), (4, 'East'), (0, 'South'), (1, 'East'), (2, 'East'), (3, 'East'), (4, 'East'), (0, 'North')]]
2024-09-02 16:55:25,554 - root - INFO - pathLength: [761]
2024-09-02 16:55:25,554 - root - INFO - Average Score: -323.00
2024-09-02 16:55:25,554 - root - INFO - Scores: -323.0
2024-09-02 16:55:25,554 - root - INFO - Win Rate:      0/1 (0.00)
2024-09-02 16:55:25,554 - root - INFO - Record:       Loss
